<?xml version="1.0" encoding="utf-8"?>
<TestRun id="5e326ec8-0429-4f5a-88a0-951e5e31e705" name="@vmi3495495 2026-09-24 07:52:17" xmlns="http://microsoft.com/schemas/VisualStudio/TeamTest/2010">
  <Times creation="2026-09-24T07:52:17.2036835+02:00" queuing="2026-09-24T07:52:17.2036836+02:00" start="2026-09-24T07:51:24.3998050+02:00" finish="2026-09-24T09:48:54.9623134+02:00" />
  <TestSettings name="default" id="0291cf39-3854-4c07-b4cf-65b39fca9dc7">
    <Deployment runDeploymentRoot="_vmi3495495_2026-09-24_07_52_17" />
  </TestSettings>
  <Results>
    <UnitTestResult executionId="177c85b0-44cd-4869-b0b3-12fb582eeb78" testId="a03a034a-a801-d2e3-f00d-109beeb4d87b" testName="SigningFormRunner_SwitchesLanguageWithoutLosingValueOrStep" computerName="vmi3495495" duration="00:00:08.8091620" startTime="2026-09-24T09:40:11.9347796+02:00" endTime="2026-09-24T09:40:20.7441244+02:00" testType="13cdc9d9-ddb5-4fa4-a97d-d965ccfc6d4b" outcome="Passed" testListId="8c84fa94-04c1-424b-9868-57a2d4851a1d" relativeResultsDirectory="177c85b0-44cd-4869-b0b3-12fb582eeb78" />
    <UnitTestResult executionId="4d21beab-7f0d-4394-aeb2-ad6e2ffedc1d" testId="2d5b842d-d087-0da1-bd7f-062887c8bd8c" testName="Phase12_AutosaveDebounce_PersistsCurrentCanvasModelWithoutManualSave" computerName="vmi3495495" duration="00:00:33.6535715" startTime="2026-09-24T08:05:07.0365050+02:00" endTime="2026-09-24T08:05:40.6913540+02:00" testType="13cdc9d9-ddb5-4fa4-a97d-d965ccfc6d4b" outcome="Passed" testListId="8c84fa94-04c1-424b-9868-57a2d4851a1d" relativeResultsDirectory="4d21beab-7f0d-4394-aeb2-ad6e2ffedc1d" />
    <UnitTestResult executionId="463c1273-f8cc-4645-91ed-79f10a6d4770" testId="f0bdc959-9a7b-b0c7-09e7-245a34d512f4" testName="Table_HeaderColumn_Toggle_AppliesStyle" computerName="vmi3495495" duration="00:00:17.7483691" startTime="2026-09-24T09:28:38.3345689+02:00" endTime="2026-09-24T09:28:56.0832340+02:00" testType="13cdc9d9-ddb5-4fa4-a97d-d965ccfc6d4b" outcome="Passed" testListId="8c84fa94-04c1-424b-9868-57a2d4851a1d" relativeResultsDirectory="463c1273-f8cc-4645-91ed-79f10a6d4770">
      <ResultFiles>
        <ResultFile path="vmi3495495/table_header_col_toggle_20260924_092856.png" />
      </ResultFiles>
    </UnitTestResult>
    <UnitTestResult executionId="be623fc5-6fff-413d-a274-6a3dbdc1650d" testId="49326828-2ff2-7404-8ab9-1afaaa900bfb" testName="Baseline_Sort_Dialog" computerName="vmi3495495" duration="00:00:00.0001331" startTime="2026-09-24T09:42:43.4466280+02:00" endTime="2026-09-24T09:42:43.4467932+02:00" testType="13cdc9d9-ddb5-4fa4-a97d-d965ccfc6d4b" outcome="NotExecuted" testListId="8c84fa94-04c1-424b-9868-57a2d4851a1d" relativeResultsDirectory="be623fc5-6fff-413d-a274-6a3dbdc1650d">
      <Output>
        <ErrorInfo>
          <Message>Initialization method Tempo.Blazor.E2E.SpreadsheetBaselineScreenshots.RequireBaselineWriteOptIn threw exception. Assert.Inconclusive failed. Baseline generation is off. This test REWRITES the PNG baselines under artifacts/baseline/, so it only runs when TM_WRITE_BASELINES is set to 1/true/yes..</Message>
          <StackTrace>   at Tempo.Blazor.E2E.BaselineGeneratorTestBase.RequireBaselineWriteOptIn() in /root/NetProjects/Tempo.Blazor/Tempo.Blazor/tests/Tempo.Blazor.E2E/BaselineGeneratorTestBase.cs:line 72
   at InvokeStub_BaselineGeneratorTestBase.RequireBaselineWriteOptIn(Object, Object, IntPtr*)
   at System.Reflection.MethodBaseInvoker.InvokeWithNoArgs(Object obj, BindingFlags invokeAttr)
</StackTrace>
        </ErrorInfo>
      </Output>
    </UnitTestResult>
    <UnitTestResult executionId="4304bebf-b6d3-47de-a4e0-e9f83f2fafe7" testId="9181922f-c5e3-e4e5-7e97-5383ab45f28d" testName="TreeFilterLatency_UpdatesDomUnderBudget" computerName="vmi3495495" duration="00:00:19.9174877" startTime="2026-09-24T08:49:25.5506091+02:00" endTime="2026-09-24T08:49:45.4688280+02:00" testType="13cdc9d9-ddb5-4fa4-a97d-d965ccfc6d4b" outcome="Passed" testListId="8c84fa94-04c1-424b-9868-57a2d4851a1d" relativeResultsDirectory="4304bebf-b6d3-47de-a4e0-e9f83f2fafe7" />
    <UnitTestResult executionId="19c3e515-26b5-4d58-92d4-a2cd65c22c4b" testId="01f3a9dd-452a-36d5-f14e-3f23f000ceab" testName="Annotator_EdgeCases_CancelDraftAndClickWithoutDrag" computerName="vmi3495495" duration="00:00:10.4032399" startTime="2026-09-24T09:31:09.9936118+02:00" endTime="2026-09-24T09:31:20.3973804+02:00" testType="13cdc9d9-ddb5-4fa4-a97d-d965ccfc6d4b" outcome="Passed" testListId="8c84fa94-04c1-424b-9868-57a2d4851a1d" relativeResultsDirectory="19c3e515-26b5-4d58-92d4-a2cd65c22c4b" />
    <UnitTestResult executionId="b9c19feb-8bc1-4353-9423-75229581ea63" testId="faa960de-e716-efcb-1f36-3bdb90ad5387" testName="SigningFieldEditor_FieldTypePreview_IsStableForEveryType (&quot;Kba&quot;,&quot;lock&quot;,False)" computerName="vmi3495495" duration="00:00:08.3524783" startTime="2026-09-24T09:36:02.7143634+02:00" endTime="2026-09-24T09:36:11.0673106+02:00" testType="13cdc9d9-ddb5-4fa4-a97d-d965ccfc6d4b" outcome="Passed" testListId="8c84fa94-04c1-424b-9868-57a2d4851a1d" relativeResultsDirectory="b9c19feb-8bc1-4353-9423-75229581ea63" />
    <UnitTestResult executionId="092394de-2b16-4f70-ba51-866751c59afe" testId="a948dca3-8e45-3c88-6fce-cd38d2382bb0" testName="MarkerClick_RaisesOnMarkerClickWithMarkerId" computerName="vmi3495495" duration="00:00:16.7673448" startTime="2026-09-24T08:44:22.1486579+02:00" endTime="2026-09-24T08:44:38.9166491+02:00" testType="13cdc9d9-ddb5-4fa4-a97d-d965ccfc6d4b" outcome="Passed" testListId="8c84fa94-04c1-424b-9868-57a2d4851a1d" relativeResultsDirectory="092394de-2b16-4f70-ba51-866751c59afe" />
    <UnitTestResult executionId="92bf3283-7738-4379-9650-09efc864e8ee" testId="c8ca6f5d-6b6c-71cc-9220-c07453f6e763" testName="LinkedPageBlock_Renders_WithTitle" computerName="vmi3495495" duration="00:00:15.6580768" startTime="2026-09-24T09:13:40.1504354+02:00" endTime="2026-09-24T09:13:55.8087334+02:00" testType="13cdc9d9-ddb5-4fa4-a97d-d965ccfc6d4b" outcome="Passed" testListId="8c84fa94-04c1-424b-9868-57a2d4851a1d" relativeResultsDirectory="92bf3283-7738-4379-9650-09efc864e8ee">
      <ResultFiles>
        <ResultFile path="vmi3495495/navblock_linkedpage_render_20260924_091355.png" />
      </ResultFiles>
    </UnitTestResult>
    <UnitTestResult executionId="51d10a80-930e-40e6-87cb-27cfec668f9e" testId="0291c536-424a-b6e3-a922-a4413f131f97" testName="TableImport_WithOuterPipes_RendersTableBlock" computerName="vmi3495495" duration="00:00:17.4876122" startTime="2026-09-24T09:29:12.7946323+02:00" endTime="2026-09-24T09:29:30.2857741+02:00" testType="13cdc9d9-ddb5-4fa4-a97d-d965ccfc6d4b" outcome="Passed" testListId="8c84fa94-04c1-424b-9868-57a2d4851a1d" relativeResultsDirectory="51d10a80-930e-40e6-87cb-27cfec668f9e">
      <Output>
        <StdOut>TestContext Messages:
UX: table renders with the standard Notion block chrome — bordered grid, header row shaded via --tm-color-bg-subtle, drag handles on hover.</StdOut>
      </Output>
      <ResultFiles>
        <ResultFile path="vmi3495495/outer-pipes-table.png" />
        <ResultFile path="vmi3495495/outer-pipes-table.region.png" />
      </ResultFiles>
    </UnitTestResult>
    <UnitTestResult executionId="9137d394-3807-40a4-be6c-0c65972efa1c" testId="1f0823e1-e819-63e6-69b8-b88cb6109e92" testName="MapsPage_RendersLeafletMap_WithOsmAttribution" computerName="vmi3495495" duration="00:00:14.0374614" startTime="2026-09-24T08:44:08.1089618+02:00" endTime="2026-09-24T08:44:22.1474071+02:00" testType="13cdc9d9-ddb5-4fa4-a97d-d965ccfc6d4b" outcome="Passed" testListId="8c84fa94-04c1-424b-9868-57a2d4851a1d" relativeResultsDirectory="9137d394-3807-40a4-be6c-0c65972efa1c" />
    <UnitTestResult executionId="10313761-26b5-4d51-813d-86c10b8455c7" testId="ce925492-16df-2acb-9508-527066cfdaf0" testName="Deadline_LeapYear_EndOfMonthClamps" computerName="vmi3495495" duration="00:00:10.4768465" startTime="2026-09-24T07:54:49.8929249+02:00" endTime="2026-09-24T07:55:00.3701696+02:00" testType="13cdc9d9-ddb5-4fa4-a97d-d965ccfc6d4b" outcome="Passed" testListId="8c84fa94-04c1-424b-9868-57a2d4851a1d" relativeResultsDirectory="10313761-26b5-4d51-813d-86c10b8455c7" />
    <UnitTestResult executionId="2f59e954-031c-4a3a-b8c8-6225e543d251" testId="68bc93cb-c9dd-ec1c-ac4e-9f704dab6960" testName="Deadline_LiveChange_ShiftsAcrossCzechHoliday" computerName="vmi3495495" duration="00:00:10.0746433" startTime="2026-09-24T07:54:30.9437679+02:00" endTime="2026-09-24T07:54:41.0217581+02:00" testType="13cdc9d9-ddb5-4fa4-a97d-d965ccfc6d4b" outcome="Passed" testListId="8c84fa94-04c1-424b-9868-57a2d4851a1d" relativeResultsDirectory="2f59e954-031c-4a3a-b8c8-6225e543d251" />
    <UnitTestResult executionId="50296061-0044-40aa-b326-328479b14c47" testId="a489ce7a-ff4b-2c70-630b-8d8c5799bb98" testName="SigningFieldEditor_FieldTypeControls_AreTypeSpecific (&quot;Number&quot;,False,False,False,True,False,False)" computerName="vmi3495495" duration="00:00:08.4582769" startTime="2026-09-24T09:37:08.2204325+02:00" endTime="2026-09-24T09:37:16.6796039+02:00" testType="13cdc9d9-ddb5-4fa4-a97d-d965ccfc6d4b" outcome="Passed" testListId="8c84fa94-04c1-424b-9868-57a2d4851a1d" relativeResultsDirectory="50296061-0044-40aa-b326-328479b14c47" />
    <UnitTestResult executionId="39fac3da-fc1b-42bc-a234-8e8eda507371" testId="a1d19417-f1d6-2367-8e47-0acacebb9ab5" testName="ModelingEditor_LcpStaysUnderBudget" computerName="vmi3495495" duration="00:00:36.0100146" startTime="2026-09-24T08:48:24.3389242+02:00" endTime="2026-09-24T08:49:00.3797772+02:00" testType="13cdc9d9-ddb5-4fa4-a97d-d965ccfc6d4b" outcome="Passed" testListId="8c84fa94-04c1-424b-9868-57a2d4851a1d" relativeResultsDirectory="39fac3da-fc1b-42bc-a234-8e8eda507371" />
    <UnitTestResult executionId="694af3db-bf1b-4592-b063-762ada91eac3" testId="047b04f2-cd1c-8504-f229-9148ec504aed" testName="SigningFieldEditor_FieldTypePreview_IsStableForEveryType (&quot;File&quot;,&quot;file&quot;,False)" computerName="vmi3495495" duration="00:00:07.3793962" startTime="2026-09-24T09:34:33.4836202+02:00" endTime="2026-09-24T09:34:40.8642884+02:00" testType="13cdc9d9-ddb5-4fa4-a97d-d965ccfc6d4b" outcome="Passed" testListId="8c84fa94-04c1-424b-9868-57a2d4851a1d" relativeResultsDirectory="694af3db-bf1b-4592-b063-762ada91eac3" />
    <UnitTestResult executionId="a47c96a0-46b8-44d7-bd58-2996911003e4" testId="fed68ef6-0d19-7c72-77ec-db1d811ad3eb" testName="FixP5_ImageResize_ShowsCursorAndResizesWithoutJumping" computerName="vmi3495495" duration="00:00:34.0499605" startTime="2026-09-24T08:06:13.3364921+02:00" endTime="2026-09-24T08:06:47.3961601+02:00" testType="13cdc9d9-ddb5-4fa4-a97d-d965ccfc6d4b" outcome="Passed" testListId="8c84fa94-04c1-424b-9868-57a2d4851a1d" relativeResultsDirectory="a47c96a0-46b8-44d7-bd58-2996911003e4" />
    <UnitTestResult executionId="c75e0d85-82c9-48c4-b233-4fd80c4d9a24" testId="40abb4d8-0b83-0f94-6f46-4b9ec536c15f" testName="Phase24_ExtendedToolbarCommands_HaveE2EOrExplicitShellOnlyCoverage" computerName="vmi3495495" duration="00:00:00.0025406" startTime="2026-09-24T08:05:07.0317636+02:00" endTime="2026-09-24T08:05:07.0344660+02:00" testType="13cdc9d9-ddb5-4fa4-a97d-d965ccfc6d4b" outcome="Passed" testListId="8c84fa94-04c1-424b-9868-57a2d4851a1d" relativeResultsDirectory="c75e0d85-82c9-48c4-b233-4fd80c4d9a24" />
    <UnitTestResult executionId="30acea9e-799c-4785-9b42-fa4dd6acf32a" testId="91ae7856-5e72-9cae-83ce-006b89aa8a80" testName="CF29_Spaces_HappyPathAndBaseline" computerName="vmi3495495" duration="00:00:34.2840367" startTime="2026-09-24T09:18:15.5086592+02:00" endTime="2026-09-24T09:18:49.7949521+02:00" testType="13cdc9d9-ddb5-4fa4-a97d-d965ccfc6d4b" outcome="Failed" testListId="8c84fa94-04c1-424b-9868-57a2d4851a1d" relativeResultsDirectory="30acea9e-799c-4785-9b42-fa4dd6acf32a">
      <Output>
        <ErrorInfo>
          <Message>Test method Tempo.Blazor.E2E.NotionSpacesE2ETests.CF29_Spaces_HappyPathAndBaseline threw exception: &#xD;
System.TimeoutException: Timeout 10000ms exceeded.
Call log:
  -   - waiting for Locator(".tm-npt-title").Filter(new() { HasText = "CF29 Team Launch Plan" }).First to be visible</Message>
          <StackTrace>   at Microsoft.Playwright.Transport.Connection.InnerSendMessageToServerAsync[T](ChannelOwner object, String method, Dictionary`2 dictionary, Boolean keepNulls) in /_/src/Playwright/Transport/Connection.cs:line 206
   at Microsoft.Playwright.Transport.Connection.WrapApiCallAsync[T](Func`1 action, Boolean isInternal) in /_/src/Playwright/Transport/Connection.cs:line 535
   at Tempo.Blazor.E2E.NotionSpacesE2ETests.CF29_Spaces_HappyPathAndBaseline() in /root/NetProjects/Tempo.Blazor/Tempo.Blazor/tests/Tempo.Blazor.E2E/NotionSpacesE2ETests.cs:line 28
</StackTrace>
        </ErrorInfo>
      </Output>
      <ResultFiles>
        <ResultFile path="vmi3495495/cf29-space-switcher-list.png" />
        <ResultFile path="vmi3495495/cf29-space-switcher-list.region.png" />
      </ResultFiles>
    </UnitTestResult>
    <UnitTestResult executionId="6bab0da9-a708-4a55-a99d-34737d427f02" testId="9c99d82a-447f-c004-b3d7-035dabcf474b" testName="Phase15_AllTabs_LightAndDark_1920" computerName="vmi3495495" duration="00:00:35.4560354" startTime="2026-09-24T08:14:35.2951143+02:00" endTime="2026-09-24T08:15:10.7522159+02:00" testType="13cdc9d9-ddb5-4fa4-a97d-d965ccfc6d4b" outcome="Passed" testListId="8c84fa94-04c1-424b-9868-57a2d4851a1d" relativeResultsDirectory="6bab0da9-a708-4a55-a99d-34737d427f02" />
    <UnitTestResult executionId="2f82ad4d-29b8-487f-9c34-c5c3f3cf4a70" testId="76aa5603-4695-1274-5f03-7030fc3b8c0f" testName="PdfViewer" computerName="vmi3495495" duration="00:00:07.3509485" startTime="2026-09-24T09:42:11.8605236+02:00" endTime="2026-09-24T09:42:19.2117258+02:00" testType="13cdc9d9-ddb5-4fa4-a97d-d965ccfc6d4b" outcome="Passed" testListId="8c84fa94-04c1-424b-9868-57a2d4851a1d" relativeResultsDirectory="2f82ad4d-29b8-487f-9c34-c5c3f3cf4a70" />
    <UnitTestResult executionId="162d5d03-f8f3-4e30-862e-eb36f7d9b2c1" testId="842fd825-a619-7720-9591-1cd03dc6e400" testName="InsertTable_Picker_CreatesTableWithCorrectDimensions" computerName="vmi3495495" duration="00:00:18.0747255" startTime="2026-09-24T07:57:04.2950031+02:00" endTime="2026-09-24T07:57:22.3708384+02:00" testType="13cdc9d9-ddb5-4fa4-a97d-d965ccfc6d4b" outcome="Passed" testListId="8c84fa94-04c1-424b-9868-57a2d4851a1d" relativeResultsDirectory="162d5d03-f8f3-4e30-862e-eb36f7d9b2c1" />
    <UnitTestResult executionId="5ae735fe-316e-4138-9595-f44bd907480d" testId="aff6ed25-4142-9d9d-f305-f3784c5074c5" testName="EB8_MobileColumnsStackWithoutOverflow_AreCaptured" computerName="vmi3495495" duration="00:00:23.7677091" startTime="2026-09-24T09:12:19.8180534+02:00" endTime="2026-09-24T09:12:43.5878621+02:00" testType="13cdc9d9-ddb5-4fa4-a97d-d965ccfc6d4b" outcome="Passed" testListId="8c84fa94-04c1-424b-9868-57a2d4851a1d" relativeResultsDirectory="5ae735fe-316e-4138-9595-f44bd907480d">
      <ResultFiles>
        <ResultFile path="vmi3495495/mobile-columns-stacked.png" />
        <ResultFile path="vmi3495495/mobile-columns-stacked.region.png" />
      </ResultFiles>
    </UnitTestResult>
    <UnitTestResult executionId="5b040b64-d59c-4c8d-aaf5-e0bffb7e5794" testId="b7d10041-d847-9636-2fe4-2beb44c4adad" testName="ValidArchimateRelationshipsGenerateWithoutIssues" computerName="vmi3495495" duration="00:00:12.0890994" startTime="2026-09-24T08:45:12.4658061+02:00" endTime="2026-09-24T08:45:24.5556541+02:00" testType="13cdc9d9-ddb5-4fa4-a97d-d965ccfc6d4b" outcome="Passed" testListId="8c84fa94-04c1-424b-9868-57a2d4851a1d" relativeResultsDirectory="5b040b64-d59c-4c8d-aaf5-e0bffb7e5794">
      <ResultFiles>
        <ResultFile path="vmi3495495/archimate-relationships_20260924_084523.png" />
      </ResultFiles>
    </UnitTestResult>
    <UnitTestResult executionId="4caf90c1-058a-4aed-ad5a-3bce49fb6bdf" testId="bcb03043-446a-d686-b54f-ed5b6cbc771e" testName="TextBlock_ShiftEnter_SoftLineBreak" computerName="vmi3495495" duration="00:00:20.8377836" startTime="2026-09-24T08:56:05.5042483+02:00" endTime="2026-09-24T08:56:26.3422329+02:00" testType="13cdc9d9-ddb5-4fa4-a97d-d965ccfc6d4b" outcome="Passed" testListId="8c84fa94-04c1-424b-9868-57a2d4851a1d" relativeResultsDirectory="4caf90c1-058a-4aed-ad5a-3bce49fb6bdf">
      <ResultFiles>
        <ResultFile path="vmi3495495/text_block_shift_enter_20260924_085626.png" />
      </ResultFiles>
    </UnitTestResult>
    <UnitTestResult executionId="8dd986a7-247e-4ecd-b6a4-1b724ead1c07" testId="5278d1eb-c121-bc19-fba6-03ede7168cee" testName="WatermarkedDocument_ExportsPdfWithDiagonalWatermarkMatchingView" computerName="vmi3495495" duration="00:00:41.4079411" startTime="2026-09-24T08:38:07.3153757+02:00" endTime="2026-09-24T08:38:48.7256154+02:00" testType="13cdc9d9-ddb5-4fa4-a97d-d965ccfc6d4b" outcome="Passed" testListId="8c84fa94-04c1-424b-9868-57a2d4851a1d" relativeResultsDirectory="8dd986a7-247e-4ecd-b6a4-1b724ead1c07" />
    <UnitTestResult executionId="dd1f05e7-a08e-4e28-92d7-f944a850d0f4" testId="5dd4b6d2-2c0b-dfd0-a437-5c67f03ae292" testName="TemplateGallery_CreatesBpmnTemplateAndCapturesScreenshots" computerName="vmi3495495" duration="00:00:19.8466522" startTime="2026-09-24T08:00:23.3520662+02:00" endTime="2026-09-24T08:00:43.2164329+02:00" testType="13cdc9d9-ddb5-4fa4-a97d-d965ccfc6d4b" outcome="Passed" testListId="8c84fa94-04c1-424b-9868-57a2d4851a1d" relativeResultsDirectory="dd1f05e7-a08e-4e28-92d7-f944a850d0f4">
      <Output>
        <StdOut>TestContext Messages:
UX: template gallery is scannable, and the BPMN template creates a readable process baseline without overlapping core nodes.</StdOut>
      </Output>
    </UnitTestResult>
    <UnitTestResult executionId="0284887d-38d1-4c5e-a39e-011efc93cc43" testId="0aa4d926-58b8-569a-5876-bd42cf9a8070" testName="WrapWithSlots_KeepsTheSlotsOnTheFirstRow_InPillAndEnclosed (&quot;[data-testid='tabs-enclosed-wrap-slots']&quot;,760)" computerName="vmi3495495" duration="00:00:07.3748237" startTime="2026-09-24T09:48:24.9971188+02:00" endTime="2026-09-24T09:48:32.3722605+02:00" testType="13cdc9d9-ddb5-4fa4-a97d-d965ccfc6d4b" outcome="Passed" testListId="8c84fa94-04c1-424b-9868-57a2d4851a1d" relativeResultsDirectory="0284887d-38d1-4c5e-a39e-011efc93cc43">
      <Output>
        <StdOut>TestContext Messages:
[[data-testid='tabs-enclosed-wrap-slots'] @760px] leading: slotBox=37 content=32 centreY=5203.5 firstRow=5185..5222 centre=5203.5 delta=0 rows=2
[[data-testid='tabs-enclosed-wrap-slots'] @760px] trailing: slotBox=37 content=32 centreY=5203.5 firstRow=5185..5222 centre=5203.5 delta=0 rows=2</StdOut>
      </Output>
    </UnitTestResult>
    <UnitTestResult executionId="57c5e3ca-4594-4dc8-8f48-ecd311dd35d4" testId="3b881a28-f9c5-c347-0143-3b5457d65218" testName="TurnInto_KeepsUnsavedTextAcrossHeadingConversion" computerName="vmi3495495" duration="00:00:42.5679398" startTime="2026-09-24T08:50:57.6119062+02:00" endTime="2026-09-24T08:51:40.1869017+02:00" testType="13cdc9d9-ddb5-4fa4-a97d-d965ccfc6d4b" outcome="Passed" testListId="8c84fa94-04c1-424b-9868-57a2d4851a1d" relativeResultsDirectory="57c5e3ca-4594-4dc8-8f48-ecd311dd35d4">
      <Output>
        <StdOut>TestContext Messages:
UX: the heading keeps its text and the caret stays inside the block, so Turn-into never feels destructive.</StdOut>
      </Output>
      <ResultFiles>
        <ResultFile path="vmi3495495/heading1-keeps-text.png" />
        <ResultFile path="vmi3495495/heading1-keeps-text.region.png" />
        <ResultFile path="vmi3495495/heading2-keeps-text.png" />
        <ResultFile path="vmi3495495/heading2-keeps-text.region.png" />
      </ResultFiles>
    </UnitTestResult>
    <UnitTestResult executionId="9e5a3a11-7106-4b14-b3dd-717b12224f33" testId="516d6195-f1fc-e095-9069-791e9350d222" testName="SigningFieldEditor_FieldTypePreview_IsStableForEveryType (&quot;Radio&quot;,&quot;circle&quot;,False)" computerName="vmi3495495" duration="00:00:09.0391926" startTime="2026-09-24T09:35:08.8967621+02:00" endTime="2026-09-24T09:35:17.9368822+02:00" testType="13cdc9d9-ddb5-4fa4-a97d-d965ccfc6d4b" outcome="Passed" testListId="8c84fa94-04c1-424b-9868-57a2d4851a1d" relativeResultsDirectory="9e5a3a11-7106-4b14-b3dd-717b12224f33" />
    <UnitTestResult executionId="b9af79c9-c2f0-4ba0-925b-fc6f4375c52b" testId="eec66332-4691-1c56-f538-e2aa4cfc0324" testName="TypingWithInterWordPauses_DoesNotRebuildParentChrome" computerName="vmi3495495" duration="00:00:34.7847951" startTime="2026-09-24T08:11:21.8249691+02:00" endTime="2026-09-24T08:11:56.6226165+02:00" testType="13cdc9d9-ddb5-4fa4-a97d-d965ccfc6d4b" outcome="Passed" testListId="8c84fa94-04c1-424b-9868-57a2d4851a1d" relativeResultsDirectory="b9af79c9-c2f0-4ba0-925b-fc6f4375c52b">
      <Output>
        <StdOut>TestContext Messages:
PARENT-RENDER GATE: typedKeys=21, engineInputRevisions=21, parentRenders=5</StdOut>
      </Output>
    </UnitTestResult>
    <UnitTestResult executionId="ec06c4a1-a007-4b64-93fa-95c02f4a5d66" testId="be7a94e3-15f5-1eeb-a844-b4cc59642daa" testName="NotationSwitch_RepaintsTreeUnderBudget" computerName="vmi3495495" duration="00:00:18.6572009" startTime="2026-09-24T08:50:07.5618758+02:00" endTime="2026-09-24T08:50:26.2193947+02:00" testType="13cdc9d9-ddb5-4fa4-a97d-d965ccfc6d4b" outcome="Passed" testListId="8c84fa94-04c1-424b-9868-57a2d4851a1d" relativeResultsDirectory="ec06c4a1-a007-4b64-93fa-95c02f4a5d66" />
    <UnitTestResult executionId="ebf4872f-4487-43da-9a0f-385f35560331" testId="70805709-b669-7c62-e283-69ae3974228a" testName="PastingATable_CreatesATableBlock" computerName="vmi3495495" duration="00:00:23.9620521" startTime="2026-09-24T09:21:59.3225377+02:00" endTime="2026-09-24T09:22:23.2914798+02:00" testType="13cdc9d9-ddb5-4fa4-a97d-d965ccfc6d4b" outcome="Passed" testListId="8c84fa94-04c1-424b-9868-57a2d4851a1d" relativeResultsDirectory="ebf4872f-4487-43da-9a0f-385f35560331">
      <Output>
        <StdOut>TestContext Messages:
UX: a table pasted from a web page stays a table — the rows are immediately editable cells.</StdOut>
      </Output>
      <ResultFiles>
        <ResultFile path="vmi3495495/table.png" />
        <ResultFile path="vmi3495495/table.region.png" />
      </ResultFiles>
    </UnitTestResult>
    <UnitTestResult executionId="0248f326-667c-4f62-a034-b3db36f32122" testId="c82a32f9-5830-519b-2152-03f0e4f7ed72" testName="TokenDropdown_TokenSavedWithBlock" computerName="vmi3495495" duration="00:00:22.7718846" startTime="2026-09-24T09:30:27.3270209+02:00" endTime="2026-09-24T09:30:50.0991590+02:00" testType="13cdc9d9-ddb5-4fa4-a97d-d965ccfc6d4b" outcome="Passed" testListId="8c84fa94-04c1-424b-9868-57a2d4851a1d" relativeResultsDirectory="0248f326-667c-4f62-a034-b3db36f32122">
      <ResultFiles>
        <ResultFile path="vmi3495495/token_chip_saved_20260924_093050.png" />
      </ResultFiles>
    </UnitTestResult>
    <UnitTestResult executionId="6f9f9061-9c1b-48f2-8f9b-554950424eaa" testId="894648a0-01d1-0913-bf20-0a71465872f0" testName="Deadline_EmbedMode_ChainedRule" computerName="vmi3495495" duration="00:00:08.8654540" startTime="2026-09-24T07:54:41.0263193+02:00" endTime="2026-09-24T07:54:49.8921429+02:00" testType="13cdc9d9-ddb5-4fa4-a97d-d965ccfc6d4b" outcome="Passed" testListId="8c84fa94-04c1-424b-9868-57a2d4851a1d" relativeResultsDirectory="6f9f9061-9c1b-48f2-8f9b-554950424eaa" />
    <UnitTestResult executionId="c98c7945-5f4e-4228-bccc-cb6ab53a61b1" testId="ecbdaf3a-cc78-b1cd-33ce-c538eab1b995" testName="DividerBlock_Renders" computerName="vmi3495495" duration="00:00:16.1646848" startTime="2026-09-24T09:02:12.0746133+02:00" endTime="2026-09-24T09:02:28.2394813+02:00" testType="13cdc9d9-ddb5-4fa4-a97d-d965ccfc6d4b" outcome="Passed" testListId="8c84fa94-04c1-424b-9868-57a2d4851a1d" relativeResultsDirectory="c98c7945-5f4e-4228-bccc-cb6ab53a61b1">
      <ResultFiles>
        <ResultFile path="vmi3495495/divider_renders_20260924_090228.png" />
      </ResultFiles>
    </UnitTestResult>
    <UnitTestResult executionId="911d2fc6-7db3-4dca-b540-dbe885aa43e4" testId="10b49c35-d6a5-1f64-b586-c5e29282bf8b" testName="TwoArrowsInARow_WalkTwoTabs_BecauseTheFocusTravelsWithTheSelection" computerName="vmi3495495" duration="00:00:07.0019759" startTime="2026-09-24T09:48:47.3167335+02:00" endTime="2026-09-24T09:48:54.3189283+02:00" testType="13cdc9d9-ddb5-4fa4-a97d-d965ccfc6d4b" outcome="Passed" testListId="8c84fa94-04c1-424b-9868-57a2d4851a1d" relativeResultsDirectory="911d2fc6-7db3-4dca-b540-dbe885aa43e4">
      <Output>
        <StdOut>TestContext Messages:
strip: tab-overview, tab-details, tab-settings, tab-disabled-tab:disabled @ 2026-09-24 09:48:53
after the first ArrowRight: activeElement=#tab-details selected=#tab-details (expected #tab-details)
after the second ArrowRight: activeElement=#tab-settings selected=#tab-settings (expected #tab-settings)</StdOut>
      </Output>
    </UnitTestResult>
    <UnitTestResult executionId="71d3cb2d-d708-487c-b480-824d34824d99" testId="8bb84a50-cc87-e0b7-b9ea-ce8dff9cf7e4" testName="GoldenDocuments_RenderCleanly_ForUxReview" computerName="vmi3495495" duration="00:04:03.5220028" startTime="2026-09-24T08:32:44.2399914+02:00" endTime="2026-09-24T08:36:47.7706607+02:00" testType="13cdc9d9-ddb5-4fa4-a97d-d965ccfc6d4b" outcome="Passed" testListId="8c84fa94-04c1-424b-9868-57a2d4851a1d" relativeResultsDirectory="71d3cb2d-d708-487c-b480-824d34824d99">
      <Output>
        <StdOut>TestContext Messages:
captured /tmp/canvas-overlap-fix/ux/contract-demo-1280x720.png
captured /tmp/canvas-overlap-fix/ux/contract-demo-1440x1000.png
captured /tmp/canvas-overlap-fix/ux/onlyoffice-parity-2026-05-24-1280x720.png
captured /tmp/canvas-overlap-fix/ux/onlyoffice-parity-2026-05-24-1440x1000.png
captured /tmp/canvas-overlap-fix/ux/table-demo-1280x720.png
captured /tmp/canvas-overlap-fix/ux/table-demo-1440x1000.png
captured /tmp/canvas-overlap-fix/ux/large-perf-1000-1280x720.png
captured /tmp/canvas-overlap-fix/ux/large-perf-1000-1440x1000.png</StdOut>
      </Output>
    </UnitTestResult>
    <UnitTestResult executionId="c9ad30c4-5404-4c1a-b439-0d01bbe1a95e" testId="154ff938-8e2b-5dff-049e-bbbb72081e4f" testName="NotionEditor" computerName="vmi3495495" duration="00:00:08.1921665" startTime="2026-09-24T09:42:03.6666626+02:00" endTime="2026-09-24T09:42:11.8598987+02:00" testType="13cdc9d9-ddb5-4fa4-a97d-d965ccfc6d4b" outcome="Passed" testListId="8c84fa94-04c1-424b-9868-57a2d4851a1d" relativeResultsDirectory="c9ad30c4-5404-4c1a-b439-0d01bbe1a95e" />
    <UnitTestResult executionId="6f200e65-98b0-4829-8bf7-1e7b9badeb82" testId="a219cecd-30f3-f1de-489b-083937e53525" testName="ForceLayout_SpreadsNodesAndIsFinite" computerName="vmi3495495" duration="00:00:21.2166528" startTime="2026-09-24T07:58:41.6470152+02:00" endTime="2026-09-24T07:59:02.8644676+02:00" testType="13cdc9d9-ddb5-4fa4-a97d-d965ccfc6d4b" outcome="Passed" testListId="8c84fa94-04c1-424b-9868-57a2d4851a1d" relativeResultsDirectory="6f200e65-98b0-4829-8bf7-1e7b9badeb82">
      <Output>
        <StdOut>TestContext Messages:
Nodes after layout: class1=(1451.6,897.4), class2=(1368.4,962.6)</StdOut>
      </Output>
    </UnitTestResult>
    <UnitTestResult executionId="31b034f6-aa7a-4d9e-99f6-8473c5349133" testId="087015cb-f41f-cb9f-eaed-90766e03fd22" testName="ContractDemo_CanvasEngine_RendersWithoutOverlaps_AndCapturesBaseline" computerName="vmi3495495" duration="00:00:31.3362064" startTime="2026-09-24T08:10:03.6905080+02:00" endTime="2026-09-24T08:10:35.0294916+02:00" testType="13cdc9d9-ddb5-4fa4-a97d-d965ccfc6d4b" outcome="Passed" testListId="8c84fa94-04c1-424b-9868-57a2d4851a1d" relativeResultsDirectory="31b034f6-aa7a-4d9e-99f6-8473c5349133">
      <Output>
        <StdOut>TestContext Messages:
Overlap/perf report: {"rectCount":380,"overlapCount":0,"overlaps":[],"floatingObjectCount":6,"objectOverlapCount":0,"objectOverlaps":[],"perf":{"firstPaintMs":"848.4","renderCount":"2","renderP95Ms":"838.9","mountedPageCount":"2","pageCount":"3"}}</StdOut>
      </Output>
    </UnitTestResult>
    <UnitTestResult executionId="58628316-f757-45d7-8077-6647366b7f35" testId="ad41b966-7961-e045-3eb2-38c960e5077d" testName="Home" computerName="vmi3495495" duration="00:00:05.7477501" startTime="2026-09-24T09:41:29.9777809+02:00" endTime="2026-09-24T09:41:35.7317084+02:00" testType="13cdc9d9-ddb5-4fa4-a97d-d965ccfc6d4b" outcome="Passed" testListId="8c84fa94-04c1-424b-9868-57a2d4851a1d" relativeResultsDirectory="58628316-f757-45d7-8077-6647366b7f35" />
    <UnitTestResult executionId="5cf95dc1-7477-47b0-adfe-139c9b7f59b3" testId="bdbbcbb2-5a9c-6ba0-606b-7924e064ecac" testName="Reports_PrerenderedHtml_ContainsRealPortalContent" computerName="vmi3495495" duration="00:00:00.0013682" startTime="2026-09-24T09:33:05.4032834+02:00" endTime="2026-09-24T09:33:05.4049530+02:00" testType="13cdc9d9-ddb5-4fa4-a97d-d965ccfc6d4b" outcome="NotExecuted" testListId="8c84fa94-04c1-424b-9868-57a2d4851a1d" relativeResultsDirectory="5cf95dc1-7477-47b0-adfe-139c9b7f59b3">
      <Output>
        <ErrorInfo>
          <Message>Initialization method Tempo.Blazor.E2E.ReportServerPrerenderE2ETests.ReportServerFullStackTestInitialize threw exception. Assert.Inconclusive failed. Report Server FULL-STACK E2E lane is disabled. Set TM_RS_FULLSTACK=1 to run it (needs the live Keycloak service + smtp4dev + SQL Server): dotnet test --filter TestCategory=ReportServerFullStack..</Message>
          <StackTrace>   at Tempo.Blazor.E2E.ReportServerFullStackE2ETestBase.ReportServerFullStackTestInitialize() in /root/NetProjects/Tempo.Blazor/Tempo.Blazor/tests/Tempo.Blazor.E2E/ReportServerFullStackE2ETestBase.cs:line 96
</StackTrace>
        </ErrorInfo>
      </Output>
    </UnitTestResult>
    <UnitTestResult executionId="b22a2bff-76da-4681-8d7d-76ee396f3e9e" testId="7119d385-3d85-458c-3cf3-621c3b7cad3f" testName="Table_RowDragHandle_VisibleAndDraggable" computerName="vmi3495495" duration="00:00:16.7084686" startTime="2026-09-24T09:28:56.0838712+02:00" endTime="2026-09-24T09:29:12.7931759+02:00" testType="13cdc9d9-ddb5-4fa4-a97d-d965ccfc6d4b" outcome="Passed" testListId="8c84fa94-04c1-424b-9868-57a2d4851a1d" relativeResultsDirectory="b22a2bff-76da-4681-8d7d-76ee396f3e9e">
      <ResultFiles>
        <ResultFile path="vmi3495495/table_row_drag_handle_20260924_092912.png" />
      </ResultFiles>
    </UnitTestResult>
    <UnitTestResult executionId="307ef079-138e-4cf9-a916-5ed5eb4b5a14" testId="e667a986-14e8-45a5-bdb1-3bd4a89d93b4" testName="Phase15_RibbonLayoutContracts_HoldAfterLegacyCssRemoval" computerName="vmi3495495" duration="00:00:23.2944049" startTime="2026-09-24T08:14:11.9672598+02:00" endTime="2026-09-24T08:14:35.2734063+02:00" testType="13cdc9d9-ddb5-4fa4-a97d-d965ccfc6d4b" outcome="Passed" testListId="8c84fa94-04c1-424b-9868-57a2d4851a1d" relativeResultsDirectory="307ef079-138e-4cf9-a916-5ed5eb4b5a14" />
    <UnitTestResult executionId="ed329364-0f27-4d14-ad9a-189341c4bd0a" testId="3134f187-9244-73b0-1ce4-615803128072" testName="AutoFilter_ClickHeaderButton_OpensDropdownWithValues" computerName="vmi3495495" duration="00:00:24.1664793" startTime="2026-09-24T09:47:24.6986431+02:00" endTime="2026-09-24T09:47:48.8655594+02:00" testType="13cdc9d9-ddb5-4fa4-a97d-d965ccfc6d4b" outcome="Passed" testListId="8c84fa94-04c1-424b-9868-57a2d4851a1d" relativeResultsDirectory="ed329364-0f27-4d14-ad9a-189341c4bd0a" />
    <UnitTestResult executionId="d59ced62-b6d4-4b0c-bc0a-578996421f4c" testId="cc38bc72-bb06-2af9-233e-5d477a7c4b9a" testName="Baseline_Spreadsheet_DefaultSurface" computerName="vmi3495495" duration="00:00:00.0086659" startTime="2026-09-24T09:42:43.4249722+02:00" endTime="2026-09-24T09:42:43.4349844+02:00" testType="13cdc9d9-ddb5-4fa4-a97d-d965ccfc6d4b" outcome="NotExecuted" testListId="8c84fa94-04c1-424b-9868-57a2d4851a1d" relativeResultsDirectory="d59ced62-b6d4-4b0c-bc0a-578996421f4c">
      <Output>
        <ErrorInfo>
          <Message>Initialization method Tempo.Blazor.E2E.SpreadsheetBaselineScreenshots.RequireBaselineWriteOptIn threw exception. Assert.Inconclusive failed. Baseline generation is off. This test REWRITES the PNG baselines under artifacts/baseline/, so it only runs when TM_WRITE_BASELINES is set to 1/true/yes..</Message>
          <StackTrace>   at Tempo.Blazor.E2E.BaselineGeneratorTestBase.RequireBaselineWriteOptIn() in /root/NetProjects/Tempo.Blazor/Tempo.Blazor/tests/Tempo.Blazor.E2E/BaselineGeneratorTestBase.cs:line 72
   at System.RuntimeMethodHandle.InvokeMethod(ObjectHandleOnStack target, Void** arguments, ObjectHandleOnStack sig, BOOL isConstructor, ObjectHandleOnStack result)
   at System.Reflection.MethodBaseInvoker.InvokeWithNoArgs(Object obj, BindingFlags invokeAttr)
</StackTrace>
        </ErrorInfo>
      </Output>
    </UnitTestResult>
    <UnitTestResult executionId="ecbc0d92-585d-44f4-bfa2-9972df652022" testId="14afb6bd-c6b8-a11b-07f9-ffb5f3f19f54" testName="PillWithATallSlot_LeavesTheTrayAndThePillsAtTheirOwnHeight" computerName="vmi3495495" duration="00:00:07.1652625" startTime="2026-09-24T09:48:32.3727038+02:00" endTime="2026-09-24T09:48:39.5383124+02:00" testType="13cdc9d9-ddb5-4fa4-a97d-d965ccfc6d4b" outcome="Passed" testListId="8c84fa94-04c1-424b-9868-57a2d4851a1d" relativeResultsDirectory="ecbc0d92-585d-44f4-bfa2-9972df652022">
      <Output>
        <StdOut>TestContext Messages:
probeSlot=60 tray=44 (reference 44) pill=36 (reference 36)</StdOut>
      </Output>
    </UnitTestResult>
    <UnitTestResult executionId="b6bbdd6b-d6b1-4674-bcfc-eb02d19a1cd6" testId="ad262a43-614a-2619-d11d-a1e7d42cbd1e" testName="Assembly_ToggleOff_ReturnsToTemplateWithTokens" computerName="vmi3495495" duration="00:00:28.9884422" startTime="2026-09-24T08:01:44.1188963+02:00" endTime="2026-09-24T08:02:13.1105405+02:00" testType="13cdc9d9-ddb5-4fa4-a97d-d965ccfc6d4b" outcome="Passed" testListId="8c84fa94-04c1-424b-9868-57a2d4851a1d" relativeResultsDirectory="b6bbdd6b-d6b1-4674-bcfc-eb02d19a1cd6" />
    <UnitTestResult executionId="0e64bc39-0b92-43d2-b3b9-eb8ba829d9c4" testId="6bcb2aba-2dcd-dffb-3b98-fca17f48a315" testName="CanvasRenderer_CommandLogBatchesArrowNavigationWithoutLegacyCallbacks" computerName="vmi3495495" duration="00:00:17.9414115" startTime="2026-09-24T09:46:50.3439047+02:00" endTime="2026-09-24T09:47:08.2856067+02:00" testType="13cdc9d9-ddb5-4fa4-a97d-d965ccfc6d4b" outcome="Passed" testListId="8c84fa94-04c1-424b-9868-57a2d4851a1d" relativeResultsDirectory="0e64bc39-0b92-43d2-b3b9-eb8ba829d9c4" />
    <UnitTestResult executionId="e4e4e52d-143a-4d92-bb27-a2d19fbf91de" testId="5a7cdcdb-bbde-4cb7-3254-d0c00865a552" testName="Heading2_Type_RendersH2" computerName="vmi3495495" duration="00:00:16.6825758" startTime="2026-09-24T08:56:47.4330001+02:00" endTime="2026-09-24T08:57:04.1162281+02:00" testType="13cdc9d9-ddb5-4fa4-a97d-d965ccfc6d4b" outcome="Passed" testListId="8c84fa94-04c1-424b-9868-57a2d4851a1d" relativeResultsDirectory="e4e4e52d-143a-4d92-bb27-a2d19fbf91de">
      <ResultFiles>
        <ResultFile path="vmi3495495/heading_h2_20260924_085704.png" />
      </ResultFiles>
    </UnitTestResult>
    <UnitTestResult executionId="4e61ef87-cd64-413a-b398-70a010d40057" testId="9c641f14-108d-ef01-4cb0-0d97b655b159" testName="Kyc_EmptySubject_NextIsBlockedWithLocalizedErrors" computerName="vmi3495495" duration="00:00:11.3440019" startTime="2026-09-24T08:43:37.1720001+02:00" endTime="2026-09-24T08:43:48.5165889+02:00" testType="13cdc9d9-ddb5-4fa4-a97d-d965ccfc6d4b" outcome="Passed" testListId="8c84fa94-04c1-424b-9868-57a2d4851a1d" relativeResultsDirectory="4e61ef87-cd64-413a-b398-70a010d40057" />
    <UnitTestResult executionId="99b9f99c-f098-4726-9aef-f077a4b33ba6" testId="1428b885-ad9b-f165-46c3-ca4ffcb3a6dc" testName="ConditionBuilder_KeepsSelectedFieldUuidWhenLanguageChanges" computerName="vmi3495495" duration="00:00:09.7090473" startTime="2026-09-24T09:40:41.7121364+02:00" endTime="2026-09-24T09:40:51.4213476+02:00" testType="13cdc9d9-ddb5-4fa4-a97d-d965ccfc6d4b" outcome="Passed" testListId="8c84fa94-04c1-424b-9868-57a2d4851a1d" relativeResultsDirectory="99b9f99c-f098-4726-9aef-f077a4b33ba6" />
    <UnitTestResult executionId="43a735e9-a4e7-414f-adfd-d399c57baeeb" testId="2364a032-0044-4914-b7f6-6c845593e70b" testName="Table_Renders_WithDefaultRowsAndCols" computerName="vmi3495495" duration="00:00:09.3141691" startTime="2026-09-24T09:26:11.5060037+02:00" endTime="2026-09-24T09:26:20.8208420+02:00" testType="13cdc9d9-ddb5-4fa4-a97d-d965ccfc6d4b" outcome="Failed" testListId="8c84fa94-04c1-424b-9868-57a2d4851a1d" relativeResultsDirectory="43a735e9-a4e7-414f-adfd-d399c57baeeb">
      <Output>
        <ErrorInfo>
          <Message>Assert.AreEqual failed. Expected:&lt;3&gt;. Actual:&lt;2&gt;. Default table should have 3 rows (header + 2 data)</Message>
          <StackTrace>   at Tempo.Blazor.E2E.NotionTableE2ETests.Table_Renders_WithDefaultRowsAndCols() in /root/NetProjects/Tempo.Blazor/Tempo.Blazor/tests/Tempo.Blazor.E2E/NotionTableE2ETests.cs:line 296
</StackTrace>
        </ErrorInfo>
      </Output>
    </UnitTestResult>
    <UnitTestResult executionId="cb2aeec9-07ce-49d2-8846-2dd9709414ce" testId="eb19f9d9-b731-28f9-8c99-0a6fa77523b1" testName="CanvasRenderer_KeyboardScrollUsesJsLayoutWithoutBlazorFrame" computerName="vmi3495495" duration="00:00:16.4362515" startTime="2026-09-24T09:46:33.9069115+02:00" endTime="2026-09-24T09:46:50.3435156+02:00" testType="13cdc9d9-ddb5-4fa4-a97d-d965ccfc6d4b" outcome="Passed" testListId="8c84fa94-04c1-424b-9868-57a2d4851a1d" relativeResultsDirectory="cb2aeec9-07ce-49d2-8846-2dd9709414ce" />
    <UnitTestResult executionId="29272bab-57e2-403a-ae42-40366c39d8b1" testId="43340a9a-5036-eb26-b241-350bbb07efc9" testName="DocLib4_RemoteEdit_RefreshesLinkedBlock_WithoutReload" computerName="vmi3495495" duration="00:00:46.0978252" startTime="2026-09-24T08:39:14.9518676+02:00" endTime="2026-09-24T08:40:01.0506275+02:00" testType="13cdc9d9-ddb5-4fa4-a97d-d965ccfc6d4b" outcome="Failed" testListId="8c84fa94-04c1-424b-9868-57a2d4851a1d" relativeResultsDirectory="29272bab-57e2-403a-ae42-40366c39d8b1">
      <Output>
        <ErrorInfo>
          <Message>Test method Tempo.Blazor.E2E.DocumentLibraryNotionE2ETests.DocLib4_RemoteEdit_RefreshesLinkedBlock_WithoutReload threw exception: &#xD;
System.TimeoutException: Timeout 15000ms exceeded.
Call log:
  -   - waiting for Locator(".tm-notion-wireframe-block__svg-container svg") to be visible</Message>
          <StackTrace>   at Microsoft.Playwright.Transport.Connection.InnerSendMessageToServerAsync[T](ChannelOwner object, String method, Dictionary`2 dictionary, Boolean keepNulls) in /_/src/Playwright/Transport/Connection.cs:line 206
   at Microsoft.Playwright.Transport.Connection.WrapApiCallAsync[T](Func`1 action, Boolean isInternal)
   at Microsoft.Playwright.Core.Frame.WaitForSelectorAsync(String selector, FrameWaitForSelectorOptions options) in /_/src/Playwright/Core/Frame.cs:line 670
   at Tempo.Blazor.E2E.DocumentLibraryNotionE2ETests.DocLib4_RemoteEdit_RefreshesLinkedBlock_WithoutReload() in /root/NetProjects/Tempo.Blazor/Tempo.Blazor/tests/Tempo.Blazor.E2E/DocumentLibraryNotionE2ETests.cs:line 114
</StackTrace>
        </ErrorInfo>
      </Output>
    </UnitTestResult>
    <UnitTestResult executionId="d92ec4fc-fa79-4fd9-8d20-3b14c1c61eca" testId="a54de614-c5bd-4453-219e-a763f6b92900" testName="SmartLinks_PasteMenu_ClosesWithoutPersistingMenuMarkup" computerName="vmi3495495" duration="00:00:23.2984799" startTime="2026-09-24T09:17:28.3342041+02:00" endTime="2026-09-24T09:17:51.6341611+02:00" testType="13cdc9d9-ddb5-4fa4-a97d-d965ccfc6d4b" outcome="Passed" testListId="8c84fa94-04c1-424b-9868-57a2d4851a1d" relativeResultsDirectory="d92ec4fc-fa79-4fd9-8d20-3b14c1c61eca" />
    <UnitTestResult executionId="1f184f24-effc-44a8-94c0-d8cb73e41941" testId="311e2f2b-d58b-832d-3208-ac2548ece29b" testName="Toolbox_RendersGroupedPalettes_SearchesAndScreenshots" computerName="vmi3495495" duration="00:00:14.8132997" startTime="2026-09-24T08:00:43.2230283+02:00" endTime="2026-09-24T08:00:58.0382162+02:00" testType="13cdc9d9-ddb5-4fa4-a97d-d965ccfc6d4b" outcome="Passed" testListId="8c84fa94-04c1-424b-9868-57a2d4851a1d" relativeResultsDirectory="1f184f24-effc-44a8-94c0-d8cb73e41941">
      <ResultFiles>
        <ResultFile path="vmi3495495/diagram_toolbox_phase3_grouped_palettes_20260924_080055.png" />
        <ResultFile path="vmi3495495/diagram_toolbox_phase3_search_cloud_20260924_080057.png" />
      </ResultFiles>
    </UnitTestResult>
    <UnitTestResult executionId="a106df45-c8bf-4851-8378-eb984fff6af3" testId="16af1b18-9103-c90a-21d8-5cef471f6c0d" testName="NotationSwitch_RegeneratesDiagramWithoutStaleNodes" computerName="vmi3495495" duration="00:00:09.5127946" startTime="2026-09-24T08:50:26.2210533+02:00" endTime="2026-09-24T08:50:35.7445859+02:00" testType="13cdc9d9-ddb5-4fa4-a97d-d965ccfc6d4b" outcome="Passed" testListId="8c84fa94-04c1-424b-9868-57a2d4851a1d" relativeResultsDirectory="a106df45-c8bf-4851-8378-eb984fff6af3" />
    <UnitTestResult executionId="ffa6d006-6377-41fd-b0a5-38b4bb5a358f" testId="ab5dbc0a-bd53-9e7b-40bf-be8e0583ba4b" testName="Canvas_DropsExtendedArchitectureLibraries_WithReadableNeutralMarkers" computerName="vmi3495495" duration="00:00:19.2391554" startTime="2026-09-24T07:56:21.8592988+02:00" endTime="2026-09-24T07:56:41.0992292+02:00" testType="13cdc9d9-ddb5-4fa4-a97d-d965ccfc6d4b" outcome="Passed" testListId="8c84fa94-04c1-424b-9868-57a2d4851a1d" relativeResultsDirectory="ffa6d006-6377-41fd-b0a5-38b4bb5a358f">
      <ResultFiles>
        <ResultFile path="vmi3495495/diagram_extended_phase8_libraries_20260924_075641.png" />
      </ResultFiles>
    </UnitTestResult>
    <UnitTestResult executionId="174283b7-116b-4a26-906a-66f986742bf8" testId="e6b07c6c-6b69-8582-e62f-c845ea71fe48" testName="TokenDropdown_Escape_ClosesWithoutInserting" computerName="vmi3495495" duration="00:00:20.5696350" startTime="2026-09-24T09:30:06.7562443+02:00" endTime="2026-09-24T09:30:27.3264945+02:00" testType="13cdc9d9-ddb5-4fa4-a97d-d965ccfc6d4b" outcome="Passed" testListId="8c84fa94-04c1-424b-9868-57a2d4851a1d" relativeResultsDirectory="174283b7-116b-4a26-906a-66f986742bf8">
      <ResultFiles>
        <ResultFile path="vmi3495495/token_dropdown_escaped_20260924_093027.png" />
      </ResultFiles>
    </UnitTestResult>
    <UnitTestResult executionId="881dc6e1-614b-4f35-a8e3-8f99d252e982" testId="198a3ae2-4c75-9dc8-fbf5-0999ecbe219e" testName="Phase4_HistoricalUnsafeTableCell_IsSafeAndReadable" computerName="vmi3495495" duration="00:00:21.0225910" startTime="2026-09-24T09:24:04.7530227+02:00" endTime="2026-09-24T09:24:25.7765284+02:00" testType="13cdc9d9-ddb5-4fa4-a97d-d965ccfc6d4b" outcome="Passed" testListId="8c84fa94-04c1-424b-9868-57a2d4851a1d" relativeResultsDirectory="881dc6e1-614b-4f35-a8e3-8f99d252e982">
      <ResultFiles>
        <ResultFile path="vmi3495495/phase4-historical-cell-sanitized.png" />
        <ResultFile path="vmi3495495/phase4-historical-cell-sanitized.region.png" />
      </ResultFiles>
    </UnitTestResult>
    <UnitTestResult executionId="c8860783-0430-4321-9f7e-8b97d75e24ae" testId="adca1af9-fe8c-0034-7842-dc3af2a43546" testName="Kanban_Reorder_WithinColumn_Persists_Order" computerName="vmi3495495" duration="00:00:20.5474750" startTime="2026-09-24T08:42:57.2678715+02:00" endTime="2026-09-24T08:43:17.8163030+02:00" testType="13cdc9d9-ddb5-4fa4-a97d-d965ccfc6d4b" outcome="Passed" testListId="8c84fa94-04c1-424b-9868-57a2d4851a1d" relativeResultsDirectory="c8860783-0430-4321-9f7e-8b97d75e24ae">
      <ResultFiles>
        <ResultFile path="vmi3495495/kanban_p1_reorder_after_20260924_084317.png" />
        <ResultFile path="vmi3495495/kanban_p1_reorder_before_20260924_084314.png" />
      </ResultFiles>
    </UnitTestResult>
    <UnitTestResult executionId="59b09423-d0fc-4dad-adb8-59179aed0783" testId="3c1b076f-ba47-650d-cd56-15f42b85422b" testName="PhaseE7_CanvasDrawingResponsiveGalleryHasScreenshotEvidence" computerName="vmi3495495" duration="00:01:12.3927834" startTime="2026-09-24T08:19:46.3990041+02:00" endTime="2026-09-24T08:20:58.7930697+02:00" testType="13cdc9d9-ddb5-4fa4-a97d-d965ccfc6d4b" outcome="Passed" testListId="8c84fa94-04c1-424b-9868-57a2d4851a1d" relativeResultsDirectory="59b09423-d0fc-4dad-adb8-59179aed0783">
      <ResultFiles>
        <ResultFile path="vmi3495495/18-phasee7-responsive-desktop-gallery.png" />
        <ResultFile path="vmi3495495/18-phasee7-responsive-mobile-gallery.png" />
        <ResultFile path="vmi3495495/18-phasee7-responsive-tablet-gallery.png" />
        <ResultFile path="vmi3495495/manifest.json" />
      </ResultFiles>
    </UnitTestResult>
    <UnitTestResult executionId="49328d24-adb9-4f85-aff3-2e3c8bc6a707" testId="30eda9ae-a5ed-4811-c6be-492477eab249" testName="F0_ReportingHarness_MatchesBrowserMeasureTextAndCapturesFidelityScreenshot" computerName="vmi3495495" duration="00:00:00.0219037" startTime="2026-09-24T09:31:52.5968713+02:00" endTime="2026-09-24T09:31:52.6191021+02:00" testType="13cdc9d9-ddb5-4fa4-a97d-d965ccfc6d4b" outcome="NotExecuted" testListId="8c84fa94-04c1-424b-9868-57a2d4851a1d" relativeResultsDirectory="49328d24-adb9-4f85-aff3-2e3c8bc6a707">
      <Output>
        <ErrorInfo>
          <Message>Assert.Inconclusive failed. F0 reporting fidelity test requires local TrueType sans, bold, and CJK fonts.</Message>
          <StackTrace>   at Tempo.Blazor.E2E.ReportingF0FidelityE2ETests.LoadF0Fonts() in /root/NetProjects/Tempo.Blazor/Tempo.Blazor/tests/Tempo.Blazor.E2E/ReportingF0FidelityE2ETests.cs:line 252
   at Tempo.Blazor.E2E.ReportingF0FidelityE2ETests.F0_ReportingHarness_MatchesBrowserMeasureTextAndCapturesFidelityScreenshot() in /root/NetProjects/Tempo.Blazor/Tempo.Blazor/tests/Tempo.Blazor.E2E/ReportingF0FidelityE2ETests.cs:line 24
</StackTrace>
        </ErrorInfo>
      </Output>
    </UnitTestResult>
    <UnitTestResult executionId="2441cbe3-e607-41c2-a1cd-156b78f352d7" testId="ac9e7b9b-31c9-4a24-e763-77382d9a45e4" testName="TodoShortcut_AcceptsBracketWithSpace" computerName="vmi3495495" duration="00:00:40.9607135" startTime="2026-09-24T09:12:43.5882709+02:00" endTime="2026-09-24T09:13:24.5501214+02:00" testType="13cdc9d9-ddb5-4fa4-a97d-d965ccfc6d4b" outcome="Failed" testListId="8c84fa94-04c1-424b-9868-57a2d4851a1d" relativeResultsDirectory="2441cbe3-e607-41c2-a1cd-156b78f352d7">
      <Output>
        <ErrorInfo>
          <Message>Test method Tempo.Blazor.E2E.NotionMarkdownShortcutsE2ETests.TodoShortcut_AcceptsBracketWithSpace threw exception: &#xD;
System.TimeoutException: Timeout 20000ms exceeded.
Call log:
  -   - waiting for Locator("[data-block-id='fa41e639-f8d8-4d65-9bf7-ef9ef232e8c3']").Locator(".tm-notion-todo__input").First to be visible</Message>
          <StackTrace>   at Microsoft.Playwright.Transport.Connection.InnerSendMessageToServerAsync[T](ChannelOwner object, String method, Dictionary`2 dictionary, Boolean keepNulls) in /_/src/Playwright/Transport/Connection.cs:line 206
   at Microsoft.Playwright.Transport.Connection.WrapApiCallAsync[T](Func`1 action, Boolean isInternal) in /_/src/Playwright/Transport/Connection.cs:line 535
   at Tempo.Blazor.E2E.NotionMarkdownShortcutsE2ETests.TodoShortcut_AcceptsBracketWithSpace() in /root/NetProjects/Tempo.Blazor/Tempo.Blazor/tests/Tempo.Blazor.E2E/NotionMarkdownShortcutsE2ETests.cs:line 61
</StackTrace>
        </ErrorInfo>
      </Output>
    </UnitTestResult>
    <UnitTestResult executionId="f0116a92-74a6-4515-a804-ec02bc09fd68" testId="b7709d52-c251-3e57-2642-77fbbf1dadac" testName="UnknownCulture_FallsBackToEnglishWithoutRawKeys" computerName="vmi3495495" duration="00:00:19.6299823" startTime="2026-09-24T08:37:06.5730798+02:00" endTime="2026-09-24T08:37:26.2034992+02:00" testType="13cdc9d9-ddb5-4fa4-a97d-d965ccfc6d4b" outcome="Passed" testListId="8c84fa94-04c1-424b-9868-57a2d4851a1d" relativeResultsDirectory="f0116a92-74a6-4515-a804-ec02bc09fd68" />
    <UnitTestResult executionId="2f699619-31ee-4ca2-b09c-1db16001f83e" testId="9955d769-50cb-748d-1bfd-d53638a0d4a2" testName="DistributeHorizontal_SpreadsNodesEvenly" computerName="vmi3495495" duration="00:00:21.3500365" startTime="2026-09-24T08:00:01.9981678+02:00" endTime="2026-09-24T08:00:23.3490901+02:00" testType="13cdc9d9-ddb5-4fa4-a97d-d965ccfc6d4b" outcome="Passed" testListId="8c84fa94-04c1-424b-9868-57a2d4851a1d" relativeResultsDirectory="2f699619-31ee-4ca2-b09c-1db16001f83e">
      <Output>
        <StdOut>TestContext Messages:
Nodes after distribute horizontal: class1=(200.0,160.0), class2=(500.0,160.0)</StdOut>
      </Output>
    </UnitTestResult>
    <UnitTestResult executionId="529ac056-9533-469b-ac4f-5b3d53853a03" testId="28e4ee28-c600-83ce-1603-1ae7a3855125" testName="DiagramPreview_GenerateShowsCanvasWithNodes" computerName="vmi3495495" duration="00:00:12.6917232" startTime="2026-09-24T08:46:18.0147555+02:00" endTime="2026-09-24T08:46:30.7071509+02:00" testType="13cdc9d9-ddb5-4fa4-a97d-d965ccfc6d4b" outcome="Passed" testListId="8c84fa94-04c1-424b-9868-57a2d4851a1d" relativeResultsDirectory="529ac056-9533-469b-ac4f-5b3d53853a03" />
    <UnitTestResult executionId="7268bf75-e959-4549-9a4e-bce4c24d1f5a" testId="5326c9d7-120a-b211-5163-2eb4db9a1313" testName="LocalizedSigningUi_KeepsFallbackTextAndPanelLayoutStable" computerName="vmi3495495" duration="00:00:12.0107126" startTime="2026-09-24T09:40:51.4222981+02:00" endTime="2026-09-24T09:41:03.4332543+02:00" testType="13cdc9d9-ddb5-4fa4-a97d-d965ccfc6d4b" outcome="Passed" testListId="8c84fa94-04c1-424b-9868-57a2d4851a1d" relativeResultsDirectory="7268bf75-e959-4549-9a4e-bce4c24d1f5a" />
    <UnitTestResult executionId="da2d0e71-ad52-43e2-94d8-b4e459838194" testId="30f00ae6-8ce0-2f53-e262-7ab17860bd79" testName="ClientCommenter_SeesCommentOnlyUiWithColoredClientComments" computerName="vmi3495495" duration="00:00:20.7236966" startTime="2026-09-24T08:37:46.5797315+02:00" endTime="2026-09-24T08:38:07.3132454+02:00" testType="13cdc9d9-ddb5-4fa4-a97d-d965ccfc6d4b" outcome="Passed" testListId="8c84fa94-04c1-424b-9868-57a2d4851a1d" relativeResultsDirectory="da2d0e71-ad52-43e2-94d8-b4e459838194" />
    <UnitTestResult executionId="77046f3e-f09a-4d5c-8f02-5f9bea422c91" testId="75bab39c-3e14-7777-aac6-7851e84ef833" testName="BpmnUnknownAiTaskFallsBackWithWarning" computerName="vmi3495495" duration="00:00:10.4801852" startTime="2026-09-24T08:45:50.9161205+02:00" endTime="2026-09-24T08:46:01.3992472+02:00" testType="13cdc9d9-ddb5-4fa4-a97d-d965ccfc6d4b" outcome="Passed" testListId="8c84fa94-04c1-424b-9868-57a2d4851a1d" relativeResultsDirectory="77046f3e-f09a-4d5c-8f02-5f9bea422c91" />
    <UnitTestResult executionId="a95a5cb8-a858-4cc5-9ae4-d076131af487" testId="eb185673-ea9b-05bd-d9a3-15af98f3df15" testName="CanvasRenderer_WheelScrollUsesJsLayoutWithoutBlazorFrame" computerName="vmi3495495" duration="00:00:17.9925331" startTime="2026-09-24T09:46:15.9128777+02:00" endTime="2026-09-24T09:46:33.9059166+02:00" testType="13cdc9d9-ddb5-4fa4-a97d-d965ccfc6d4b" outcome="Passed" testListId="8c84fa94-04c1-424b-9868-57a2d4851a1d" relativeResultsDirectory="a95a5cb8-a858-4cc5-9ae4-d076131af487" />
    <UnitTestResult executionId="130ad2ef-bb82-40ae-9022-5a9d660e0a9d" testId="15e04eac-e5b6-3c56-8533-9538e851109c" testName="PanThenZoom_NodesRemainAlignedWithEdges" computerName="vmi3495495" duration="00:00:18.2104238" startTime="2026-09-24T08:00:58.0388461+02:00" endTime="2026-09-24T08:01:16.2600861+02:00" testType="13cdc9d9-ddb5-4fa4-a97d-d965ccfc6d4b" outcome="Passed" testListId="8c84fa94-04c1-424b-9868-57a2d4851a1d" relativeResultsDirectory="130ad2ef-bb82-40ae-9022-5a9d660e0a9d" />
    <UnitTestResult executionId="f07288ef-af40-402f-9642-04a8d1382629" testId="6ae8d579-e148-f28d-4a40-8c00645f9220" testName="Baseline_Filter_Active" computerName="vmi3495495" duration="00:00:00.0001445" startTime="2026-09-24T09:42:43.4464291+02:00" endTime="2026-09-24T09:42:43.4466125+02:00" testType="13cdc9d9-ddb5-4fa4-a97d-d965ccfc6d4b" outcome="NotExecuted" testListId="8c84fa94-04c1-424b-9868-57a2d4851a1d" relativeResultsDirectory="f07288ef-af40-402f-9642-04a8d1382629">
      <Output>
        <ErrorInfo>
          <Message>Initialization method Tempo.Blazor.E2E.SpreadsheetBaselineScreenshots.RequireBaselineWriteOptIn threw exception. Assert.Inconclusive failed. Baseline generation is off. This test REWRITES the PNG baselines under artifacts/baseline/, so it only runs when TM_WRITE_BASELINES is set to 1/true/yes..</Message>
          <StackTrace>   at Tempo.Blazor.E2E.BaselineGeneratorTestBase.RequireBaselineWriteOptIn() in /root/NetProjects/Tempo.Blazor/Tempo.Blazor/tests/Tempo.Blazor.E2E/BaselineGeneratorTestBase.cs:line 72
   at InvokeStub_BaselineGeneratorTestBase.RequireBaselineWriteOptIn(Object, Object, IntPtr*)
   at System.Reflection.MethodBaseInvoker.InvokeWithNoArgs(Object obj, BindingFlags invokeAttr)
</StackTrace>
        </ErrorInfo>
      </Output>
    </UnitTestResult>
    <UnitTestResult executionId="70392ebe-7317-414a-b182-f59d1ffbeaef" testId="f473f464-b863-1464-301b-d84025482167" testName="ErdWithoutStencilsShowsIssuesAndEmptyCanvas" computerName="vmi3495495" duration="00:00:10.9015719" startTime="2026-09-24T08:46:43.2698625+02:00" endTime="2026-09-24T08:46:54.1766442+02:00" testType="13cdc9d9-ddb5-4fa4-a97d-d965ccfc6d4b" outcome="Passed" testListId="8c84fa94-04c1-424b-9868-57a2d4851a1d" relativeResultsDirectory="70392ebe-7317-414a-b182-f59d1ffbeaef">
      <ResultFiles>
        <ResultFile path="vmi3495495/erd-no-stencils-issues_20260924_084653.png" />
      </ResultFiles>
    </UnitTestResult>
    <UnitTestResult executionId="bc97b09f-a0bd-40b0-9dce-e94d53286e5e" testId="025c9b2f-1d79-041f-d1f9-b97c576e4dc0" testName="Canvas_DropsUml25ClassStencil_WithReadableCompartments" computerName="vmi3495495" duration="00:00:14.7927604" startTime="2026-09-24T08:01:29.3228523+02:00" endTime="2026-09-24T08:01:44.1164713+02:00" testType="13cdc9d9-ddb5-4fa4-a97d-d965ccfc6d4b" outcome="Passed" testListId="8c84fa94-04c1-424b-9868-57a2d4851a1d" relativeResultsDirectory="bc97b09f-a0bd-40b0-9dce-e94d53286e5e">
      <ResultFiles>
        <ResultFile path="vmi3495495/diagram_uml25_phase5_class_drop_20260924_080144.png" />
      </ResultFiles>
    </UnitTestResult>
    <UnitTestResult executionId="f4c1d38d-9c8e-48a7-a2f6-f7c7ecbb4017" testId="390bb0e1-e6b4-efd1-f21d-d4f1c8ad5302" testName="SigningFieldEditor_FieldTypeControls_AreTypeSpecific (&quot;Payment&quot;,False,False,False,True,False,False)" computerName="vmi3495495" duration="00:00:07.2661097" startTime="2026-09-24T09:38:21.3893026+02:00" endTime="2026-09-24T09:38:28.6556816+02:00" testType="13cdc9d9-ddb5-4fa4-a97d-d965ccfc6d4b" outcome="Passed" testListId="8c84fa94-04c1-424b-9868-57a2d4851a1d" relativeResultsDirectory="f4c1d38d-9c8e-48a7-a2f6-f7c7ecbb4017" />
    <UnitTestResult executionId="07ba677c-f1dd-43f6-96d6-4bde27745a71" testId="a93d4b8b-62fd-91d2-31a1-2461c15713d6" testName="AuditLog_SearchWithoutMatches_ShowsEmptyState" computerName="vmi3495495" duration="00:00:47.2637002" startTime="2026-09-24T07:52:17.1385118+02:00" endTime="2026-09-24T07:53:04.4500431+02:00" testType="13cdc9d9-ddb5-4fa4-a97d-d965ccfc6d4b" outcome="Passed" testListId="8c84fa94-04c1-424b-9868-57a2d4851a1d" relativeResultsDirectory="07ba677c-f1dd-43f6-96d6-4bde27745a71" />
    <UnitTestResult executionId="da50df5c-8d35-4399-940d-fbaa9d48d447" testId="9e5d0031-2c3f-229b-35a6-acd8f8a2b30c" testName="Phase24_ExtendedParityMatrix_CoversEveryEPhase" computerName="vmi3495495" duration="00:00:00.0885150" startTime="2026-09-24T08:05:06.9427759+02:00" endTime="2026-09-24T08:05:07.0316804+02:00" testType="13cdc9d9-ddb5-4fa4-a97d-d965ccfc6d4b" outcome="Passed" testListId="8c84fa94-04c1-424b-9868-57a2d4851a1d" relativeResultsDirectory="da50df5c-8d35-4399-940d-fbaa9d48d447" />
    <UnitTestResult executionId="50877c9c-fc6b-4711-ac17-bb2c4b4cddc8" testId="0e73cc1c-af2b-f440-9dcc-36ba7b2510e4" testName="Phase24_ExtendedProviderAndInteractionCoverage_IsComplete" computerName="vmi3495495" duration="00:00:00.0014217" startTime="2026-09-24T08:05:07.0348568+02:00" endTime="2026-09-24T08:05:07.0364519+02:00" testType="13cdc9d9-ddb5-4fa4-a97d-d965ccfc6d4b" outcome="Passed" testListId="8c84fa94-04c1-424b-9868-57a2d4851a1d" relativeResultsDirectory="50877c9c-fc6b-4711-ac17-bb2c4b4cddc8" />
    <UnitTestResult executionId="54791e42-fd5c-4c8a-b191-ea407f7df696" testId="691144b3-fba0-74ed-5646-ce120dcfa0ee" testName="RenderJson_EmptyPage_ReturnsSizedSvgWithName" computerName="vmi3495495" duration="00:00:00.1383741" startTime="2026-09-24T09:48:54.3193431+02:00" endTime="2026-09-24T09:48:54.7317152+02:00" testType="13cdc9d9-ddb5-4fa4-a97d-d965ccfc6d4b" outcome="Passed" testListId="8c84fa94-04c1-424b-9868-57a2d4851a1d" relativeResultsDirectory="54791e42-fd5c-4c8a-b191-ea407f7df696" />
    <UnitTestResult executionId="7ee40949-e3f6-44b0-8422-f7c330c3ccd6" testId="489268bb-6d97-fb3b-9fe6-db1fc95cd0fc" testName="Baseline_Spreadsheet_SelectedCell" computerName="vmi3495495" duration="00:00:00.0009099" startTime="2026-09-24T09:42:43.4384559+02:00" endTime="2026-09-24T09:42:43.4395172+02:00" testType="13cdc9d9-ddb5-4fa4-a97d-d965ccfc6d4b" outcome="NotExecuted" testListId="8c84fa94-04c1-424b-9868-57a2d4851a1d" relativeResultsDirectory="7ee40949-e3f6-44b0-8422-f7c330c3ccd6">
      <Output>
        <ErrorInfo>
          <Message>Initialization method Tempo.Blazor.E2E.SpreadsheetBaselineScreenshots.RequireBaselineWriteOptIn threw exception. Assert.Inconclusive failed. Baseline generation is off. This test REWRITES the PNG baselines under artifacts/baseline/, so it only runs when TM_WRITE_BASELINES is set to 1/true/yes..</Message>
          <StackTrace>   at Tempo.Blazor.E2E.BaselineGeneratorTestBase.RequireBaselineWriteOptIn() in /root/NetProjects/Tempo.Blazor/Tempo.Blazor/tests/Tempo.Blazor.E2E/BaselineGeneratorTestBase.cs:line 72
   at InvokeStub_BaselineGeneratorTestBase.RequireBaselineWriteOptIn(Object, Object, IntPtr*)
   at System.Reflection.MethodBaseInvoker.InvokeWithNoArgs(Object obj, BindingFlags invokeAttr)
</StackTrace>
        </ErrorInfo>
      </Output>
    </UnitTestResult>
    <UnitTestResult executionId="8612dc09-07dc-4c3f-85ad-3477896c5fbc" testId="800030db-1c22-4381-2efd-5649ac484cb8" testName="Table_AddColumn_Button_AddsColumn" computerName="vmi3495495" duration="00:00:16.5160360" startTime="2026-09-24T09:27:47.9507400+02:00" endTime="2026-09-24T09:28:04.4670747+02:00" testType="13cdc9d9-ddb5-4fa4-a97d-d965ccfc6d4b" outcome="Passed" testListId="8c84fa94-04c1-424b-9868-57a2d4851a1d" relativeResultsDirectory="8612dc09-07dc-4c3f-85ad-3477896c5fbc">
      <ResultFiles>
        <ResultFile path="vmi3495495/table_add_col_20260924_092804.png" />
      </ResultFiles>
    </UnitTestResult>
    <UnitTestResult executionId="c67e5bbb-3528-438d-b0f2-f4b6741718b9" testId="592f2f56-aba5-4460-00a1-2eec4b9ff5b1" testName="SigningFieldEditor_ConditionBuilder_StaysOpenAcrossSelections" computerName="vmi3495495" duration="00:00:08.9997367" startTime="2026-09-24T09:39:32.2346516+02:00" endTime="2026-09-24T09:39:41.2347737+02:00" testType="13cdc9d9-ddb5-4fa4-a97d-d965ccfc6d4b" outcome="Passed" testListId="8c84fa94-04c1-424b-9868-57a2d4851a1d" relativeResultsDirectory="c67e5bbb-3528-438d-b0f2-f4b6741718b9" />
    <UnitTestResult executionId="0bd115a2-f1a4-463f-a4dc-f487df57c56b" testId="427c5a31-8d96-b994-2c25-0045d2e37fe3" testName="CanvasJsEngine_F2TransfersFormulaSessionFromFormulaBarToInlineEditorWithoutLosingCaret" computerName="vmi3495495" duration="00:00:19.8259918" startTime="2026-09-24T09:44:35.6344265+02:00" endTime="2026-09-24T09:44:55.4613232+02:00" testType="13cdc9d9-ddb5-4fa4-a97d-d965ccfc6d4b" outcome="Passed" testListId="8c84fa94-04c1-424b-9868-57a2d4851a1d" relativeResultsDirectory="0bd115a2-f1a4-463f-a4dc-f487df57c56b" />
    <UnitTestResult executionId="ee9f47a8-a190-4a6d-a4c1-162c27a02db7" testId="3cfd3899-9fe9-f4cf-c94f-07dc19a7dca0" testName="LineWrapWithSlots_PaintsNoRowRule_AndKeepsTheSlotsOnTheFirstRow (760)" computerName="vmi3495495" duration="00:00:07.4109988" startTime="2026-09-24T09:47:56.6013291+02:00" endTime="2026-09-24T09:48:04.0128688+02:00" testType="13cdc9d9-ddb5-4fa4-a97d-d965ccfc6d4b" outcome="Passed" testListId="8c84fa94-04c1-424b-9868-57a2d4851a1d" relativeResultsDirectory="ee9f47a8-a190-4a6d-a4c1-162c27a02db7">
      <Output>
        <StdOut>TestContext Messages:
[line @760px] rows=2 band=86 row=86 rowBorderBottom=0px firstRow=4039..4081 centre=4060
[line @760px] leading: slotBox=42 content=32 centreY=4060 firstRow=4039..4081 centre=4060 delta=0 rows=2
[line @760px] trailing: slotBox=42 content=32 centreY=4060 firstRow=4039..4081 centre=4060 delta=0 rows=2</StdOut>
      </Output>
    </UnitTestResult>
    <UnitTestResult executionId="d342f7cc-a4b4-40ef-a81d-4865f03930ed" testId="fa684125-cf8b-9dcf-3c3d-a7ff327c1689" testName="SigningFieldEditor_FieldTypeControls_AreTypeSpecific (&quot;Date&quot;,False,False,False,False,True,False)" computerName="vmi3495495" duration="00:00:08.0866944" startTime="2026-09-24T09:36:50.9276681+02:00" endTime="2026-09-24T09:36:59.0155614+02:00" testType="13cdc9d9-ddb5-4fa4-a97d-d965ccfc6d4b" outcome="Passed" testListId="8c84fa94-04c1-424b-9868-57a2d4851a1d" relativeResultsDirectory="d342f7cc-a4b4-40ef-a81d-4865f03930ed" />
    <UnitTestResult executionId="052924db-1ba5-4196-9c5d-734bb14bbe39" testId="08d22c8c-5637-c4a7-f828-4263981f839f" testName="UxB4_ImageCaption_WrapsWithinImageWidth" computerName="vmi3495495" duration="00:00:27.2885215" startTime="2026-09-24T08:22:29.3432954+02:00" endTime="2026-09-24T08:22:56.6412813+02:00" testType="13cdc9d9-ddb5-4fa4-a97d-d965ccfc6d4b" outcome="Passed" testListId="8c84fa94-04c1-424b-9868-57a2d4851a1d" relativeResultsDirectory="052924db-1ba5-4196-9c5d-734bb14bbe39" />
    <UnitTestResult executionId="19bb8dc2-7b04-417a-9f97-80fa33a5c5ce" testId="48233e5c-073f-c166-cec2-fc15834ac383" testName="PhaseE7_CanvasTextBoxNestedEditingUndoRedoSaveReloadHasScreenshotEvidence" computerName="vmi3495495" duration="00:00:47.4597442" startTime="2026-09-24T08:16:56.5455550+02:00" endTime="2026-09-24T08:17:44.0057090+02:00" testType="13cdc9d9-ddb5-4fa4-a97d-d965ccfc6d4b" outcome="Passed" testListId="8c84fa94-04c1-424b-9868-57a2d4851a1d" relativeResultsDirectory="19bb8dc2-7b04-417a-9f97-80fa33a5c5ce">
      <ResultFiles>
        <ResultFile path="vmi3495495/00-phasee7-textbox-edit-active.png" />
        <ResultFile path="vmi3495495/01-phasee7-textbox-selection-range.png" />
        <ResultFile path="vmi3495495/02-phasee7-textbox-reloaded.png" />
        <ResultFile path="vmi3495495/manifest.json" />
      </ResultFiles>
    </UnitTestResult>
    <UnitTestResult executionId="a5d283f5-462e-463a-b205-6c2b0af08ffa" testId="8978d5f5-8ae4-a761-1d2b-bf179502f84c" testName="CanvasJsEngine_FormulaBarDeleteAndCtrlBackspaceEditTextWithoutChangingActiveCell" computerName="vmi3495495" duration="00:00:21.1380293" startTime="2026-09-24T09:45:15.8191703+02:00" endTime="2026-09-24T09:45:36.9576409+02:00" testType="13cdc9d9-ddb5-4fa4-a97d-d965ccfc6d4b" outcome="Passed" testListId="8c84fa94-04c1-424b-9868-57a2d4851a1d" relativeResultsDirectory="a5d283f5-462e-463a-b205-6c2b0af08ffa" />
    <UnitTestResult executionId="0baa8f5a-6751-4b83-8e5f-c7fa7f8a5096" testId="b28e7057-71f2-595f-4c7c-efabc6fa5e8f" testName="Smoke_UnknownRoute_RendersNotFoundWithoutCrash" computerName="vmi3495495" duration="00:00:05.5266449" startTime="2026-09-24T09:42:37.8974985+02:00" endTime="2026-09-24T09:42:43.4245738+02:00" testType="13cdc9d9-ddb5-4fa4-a97d-d965ccfc6d4b" outcome="Passed" testListId="8c84fa94-04c1-424b-9868-57a2d4851a1d" relativeResultsDirectory="0baa8f5a-6751-4b83-8e5f-c7fa7f8a5096" />
    <UnitTestResult executionId="f0e96704-30f4-42cf-a0cd-bc7deb8f9e49" testId="147295f4-a01e-c808-3382-dd472389ec3d" testName="TextBlock_Enter_CreatesNewBlock" computerName="vmi3495495" duration="00:00:21.3712972" startTime="2026-09-24T08:55:19.4980516+02:00" endTime="2026-09-24T08:55:40.8698825+02:00" testType="13cdc9d9-ddb5-4fa4-a97d-d965ccfc6d4b" outcome="Failed" testListId="8c84fa94-04c1-424b-9868-57a2d4851a1d" relativeResultsDirectory="f0e96704-30f4-42cf-a0cd-bc7deb8f9e49">
      <Output>
        <ErrorInfo>
          <Message>Assert.IsTrue failed. Paragraph count should increase after Enter. Before: 8, After: 8</Message>
          <StackTrace>   at Tempo.Blazor.E2E.NotionBlockEditingE2ETests.TextBlock_Enter_CreatesNewBlock() in /root/NetProjects/Tempo.Blazor/Tempo.Blazor/tests/Tempo.Blazor.E2E/NotionBlockEditingE2ETests.cs:line 116
</StackTrace>
        </ErrorInfo>
      </Output>
    </UnitTestResult>
    <UnitTestResult executionId="17d50888-876b-454f-8726-aecf7d5de019" testId="2e6926c0-cf81-df34-c5cd-7634e929796d" testName="WrapWithSlots_KeepsTheSlotsOnTheFirstRow_InPillAndEnclosed (&quot;[data-testid='tabs-pill-wrap-slots']&quot;,760)" computerName="vmi3495495" duration="00:00:07.1299533" startTime="2026-09-24T09:48:11.4679076+02:00" endTime="2026-09-24T09:48:18.5983616+02:00" testType="13cdc9d9-ddb5-4fa4-a97d-d965ccfc6d4b" outcome="Passed" testListId="8c84fa94-04c1-424b-9868-57a2d4851a1d" relativeResultsDirectory="17d50888-876b-454f-8726-aecf7d5de019">
      <Output>
        <StdOut>TestContext Messages:
[[data-testid='tabs-pill-wrap-slots'] @760px] leading: slotBox=44 content=32 centreY=5023 firstRow=5005..5041 centre=5023 delta=0 rows=2
[[data-testid='tabs-pill-wrap-slots'] @760px] trailing: slotBox=44 content=32 centreY=5023 firstRow=5005..5041 centre=5023 delta=0 rows=2</StdOut>
      </Output>
    </UnitTestResult>
    <UnitTestResult executionId="9dbfbd68-1bd0-4cb3-b812-0e67d01d58a3" testId="30b56f3d-d3ad-e7b3-92e1-88f72be32917" testName="Baseline_Spreadsheet_TypeDetection" computerName="vmi3495495" duration="00:00:00.0001415" startTime="2026-09-24T09:42:43.4395491+02:00" endTime="2026-09-24T09:42:43.4397457+02:00" testType="13cdc9d9-ddb5-4fa4-a97d-d965ccfc6d4b" outcome="NotExecuted" testListId="8c84fa94-04c1-424b-9868-57a2d4851a1d" relativeResultsDirectory="9dbfbd68-1bd0-4cb3-b812-0e67d01d58a3">
      <Output>
        <ErrorInfo>
          <Message>Initialization method Tempo.Blazor.E2E.SpreadsheetBaselineScreenshots.RequireBaselineWriteOptIn threw exception. Assert.Inconclusive failed. Baseline generation is off. This test REWRITES the PNG baselines under artifacts/baseline/, so it only runs when TM_WRITE_BASELINES is set to 1/true/yes..</Message>
          <StackTrace>   at Tempo.Blazor.E2E.BaselineGeneratorTestBase.RequireBaselineWriteOptIn() in /root/NetProjects/Tempo.Blazor/Tempo.Blazor/tests/Tempo.Blazor.E2E/BaselineGeneratorTestBase.cs:line 72
   at InvokeStub_BaselineGeneratorTestBase.RequireBaselineWriteOptIn(Object, Object, IntPtr*)
   at System.Reflection.MethodBaseInvoker.InvokeWithNoArgs(Object obj, BindingFlags invokeAttr)
</StackTrace>
        </ErrorInfo>
      </Output>
    </UnitTestResult>
    <UnitTestResult executionId="c6f9245b-6482-4b2b-b0fa-43993e0604b2" testId="93df45e9-c3de-f0a1-9e0b-f1810feade09" testName="Baseline_Find_Replace" computerName="vmi3495495" duration="00:00:00.0001707" startTime="2026-09-24T09:42:43.4448866+02:00" endTime="2026-09-24T09:42:43.4451020+02:00" testType="13cdc9d9-ddb5-4fa4-a97d-d965ccfc6d4b" outcome="NotExecuted" testListId="8c84fa94-04c1-424b-9868-57a2d4851a1d" relativeResultsDirectory="c6f9245b-6482-4b2b-b0fa-43993e0604b2">
      <Output>
        <ErrorInfo>
          <Message>Initialization method Tempo.Blazor.E2E.SpreadsheetBaselineScreenshots.RequireBaselineWriteOptIn threw exception. Assert.Inconclusive failed. Baseline generation is off. This test REWRITES the PNG baselines under artifacts/baseline/, so it only runs when TM_WRITE_BASELINES is set to 1/true/yes..</Message>
          <StackTrace>   at Tempo.Blazor.E2E.BaselineGeneratorTestBase.RequireBaselineWriteOptIn() in /root/NetProjects/Tempo.Blazor/Tempo.Blazor/tests/Tempo.Blazor.E2E/BaselineGeneratorTestBase.cs:line 72
   at InvokeStub_BaselineGeneratorTestBase.RequireBaselineWriteOptIn(Object, Object, IntPtr*)
   at System.Reflection.MethodBaseInvoker.InvokeWithNoArgs(Object obj, BindingFlags invokeAttr)
</StackTrace>
        </ErrorInfo>
      </Output>
    </UnitTestResult>
    <UnitTestResult executionId="ad20ae08-68c3-49c0-b446-b55570190a0e" testId="a2c1ffd6-3432-3212-081e-1bb63f52fedb" testName="Canvas_DropsArchimate3View_WithReadableRoleMarkers" computerName="vmi3495495" duration="00:00:17.1256742" startTime="2026-09-24T07:55:12.0853246+02:00" endTime="2026-09-24T07:55:29.2119067+02:00" testType="13cdc9d9-ddb5-4fa4-a97d-d965ccfc6d4b" outcome="Passed" testListId="8c84fa94-04c1-424b-9868-57a2d4851a1d" relativeResultsDirectory="ad20ae08-68c3-49c0-b446-b55570190a0e">
      <ResultFiles>
        <ResultFile path="vmi3495495/diagram_archimate3_phase7_view_20260924_075529.png" />
      </ResultFiles>
    </UnitTestResult>
    <UnitTestResult executionId="1d7f582f-4bfb-459a-a23c-c0531968d1b0" testId="0442745c-7309-106a-7b14-5e09ddd991fe" testName="EB9_DatabaseControlsAndProviderStates_AreCaptured" computerName="vmi3495495" duration="00:01:34.6262556" startTime="2026-09-24T09:06:27.2503610+02:00" endTime="2026-09-24T09:08:01.8775398+02:00" testType="13cdc9d9-ddb5-4fa4-a97d-d965ccfc6d4b" outcome="Failed" testListId="8c84fa94-04c1-424b-9868-57a2d4851a1d" relativeResultsDirectory="1d7f582f-4bfb-459a-a23c-c0531968d1b0">
      <Output>
        <ErrorInfo>
          <Message>Test method Tempo.Blazor.E2E.NotionDatabaseRecoveryE2ETests.EB9_DatabaseControlsAndProviderStates_AreCaptured threw exception: &#xD;
System.TimeoutException: Timeout 60000ms exceeded.
Call log:
  -   - waiting for Locator(".tm-db").First to be visible</Message>
          <StackTrace>   at Microsoft.Playwright.Transport.Connection.InnerSendMessageToServerAsync[T](ChannelOwner object, String method, Dictionary`2 dictionary, Boolean keepNulls) in /_/src/Playwright/Transport/Connection.cs:line 206
   at Microsoft.Playwright.Transport.Connection.WrapApiCallAsync[T](Func`1 action, Boolean isInternal) in /_/src/Playwright/Transport/Connection.cs:line 535
   at Tempo.Blazor.E2E.NotionDatabaseRecoveryE2ETests.OpenDatabaseAsync(String seed, String query) in /root/NetProjects/Tempo.Blazor/Tempo.Blazor/tests/Tempo.Blazor.E2E/NotionDatabaseRecoveryE2ETests.cs:line 100
   at Tempo.Blazor.E2E.NotionDatabaseRecoveryE2ETests.EB9_DatabaseControlsAndProviderStates_AreCaptured() in /root/NetProjects/Tempo.Blazor/Tempo.Blazor/tests/Tempo.Blazor.E2E/NotionDatabaseRecoveryE2ETests.cs:line 36
</StackTrace>
        </ErrorInfo>
      </Output>
      <ResultFiles>
        <ResultFile path="vmi3495495/table-filter-no-results.png" />
        <ResultFile path="vmi3495495/table-filter-no-results.region.png" />
      </ResultFiles>
    </UnitTestResult>
    <UnitTestResult executionId="56afe722-ad4e-4c1d-a6a4-27fd929fa958" testId="031323f7-a820-c0d6-f41f-d1ddfff198fd" testName="QuoteBlock_Type_HasQuoteStyle" computerName="vmi3495495" duration="00:00:17.3427084" startTime="2026-09-24T08:59:51.9699581+02:00" endTime="2026-09-24T09:00:09.3132845+02:00" testType="13cdc9d9-ddb5-4fa4-a97d-d965ccfc6d4b" outcome="Passed" testListId="8c84fa94-04c1-424b-9868-57a2d4851a1d" relativeResultsDirectory="56afe722-ad4e-4c1d-a6a4-27fd929fa958">
      <ResultFiles>
        <ResultFile path="vmi3495495/quote_block_20260924_090009.png" />
      </ResultFiles>
    </UnitTestResult>
    <UnitTestResult executionId="51a4a2c6-d66d-462e-a000-b0fedf932ad7" testId="fc1302d8-d325-2f35-f705-b9a155c5f608" testName="Baseline_Spreadsheet_FullViewport" computerName="vmi3495495" duration="00:00:00.0029102" startTime="2026-09-24T09:42:43.4350637+02:00" endTime="2026-09-24T09:42:43.4381641+02:00" testType="13cdc9d9-ddb5-4fa4-a97d-d965ccfc6d4b" outcome="NotExecuted" testListId="8c84fa94-04c1-424b-9868-57a2d4851a1d" relativeResultsDirectory="51a4a2c6-d66d-462e-a000-b0fedf932ad7">
      <Output>
        <ErrorInfo>
          <Message>Initialization method Tempo.Blazor.E2E.SpreadsheetBaselineScreenshots.RequireBaselineWriteOptIn threw exception. Assert.Inconclusive failed. Baseline generation is off. This test REWRITES the PNG baselines under artifacts/baseline/, so it only runs when TM_WRITE_BASELINES is set to 1/true/yes..</Message>
          <StackTrace>   at Tempo.Blazor.E2E.BaselineGeneratorTestBase.RequireBaselineWriteOptIn() in /root/NetProjects/Tempo.Blazor/Tempo.Blazor/tests/Tempo.Blazor.E2E/BaselineGeneratorTestBase.cs:line 72
   at InvokeStub_BaselineGeneratorTestBase.RequireBaselineWriteOptIn(Object, Object, IntPtr*)
   at System.Reflection.MethodBaseInvoker.InvokeWithNoArgs(Object obj, BindingFlags invokeAttr)
</StackTrace>
        </ErrorInfo>
      </Output>
    </UnitTestResult>
    <UnitTestResult executionId="c3b4e4ee-5cb0-4f92-b102-a2cb8bb449b4" testId="c144492f-7d56-0690-f840-8cac0f46540b" testName="TableImport_WithoutOuterPipesAndWithAlignment_RendersAlignedTable" computerName="vmi3495495" duration="00:00:19.8272032" startTime="2026-09-24T09:29:30.2864831+02:00" endTime="2026-09-24T09:29:50.1179792+02:00" testType="13cdc9d9-ddb5-4fa4-a97d-d965ccfc6d4b" outcome="Passed" testListId="8c84fa94-04c1-424b-9868-57a2d4851a1d" relativeResultsDirectory="c3b4e4ee-5cb0-4f92-b102-a2cb8bb449b4">
      <Output>
        <StdOut>TestContext Messages:
UX: alignment is visible — column 2 flush left, column 3 centred, column 4 flush right; column 1 keeps the default. Dark mode inherits --tm-* tokens, so borders and header shading stay consistent with neighbouring blocks; text-align is geometric and needs no theme variant.</StdOut>
      </Output>
      <ResultFiles>
        <ResultFile path="vmi3495495/aligned-table-dark.png" />
        <ResultFile path="vmi3495495/aligned-table-dark.region.png" />
        <ResultFile path="vmi3495495/aligned-table-light.png" />
        <ResultFile path="vmi3495495/aligned-table-light.region.png" />
      </ResultFiles>
    </UnitTestResult>
    <UnitTestResult executionId="2b17c562-7197-46e5-b3fd-df1d343ba409" testId="6c31f7d8-4048-5e1a-58db-8f779f2edc73" testName="EquationBlock_Enter_Saves" computerName="vmi3495495" duration="00:00:26.4728036" startTime="2026-09-24T09:03:22.8280122+02:00" endTime="2026-09-24T09:03:49.3015996+02:00" testType="13cdc9d9-ddb5-4fa4-a97d-d965ccfc6d4b" outcome="Passed" testListId="8c84fa94-04c1-424b-9868-57a2d4851a1d" relativeResultsDirectory="2b17c562-7197-46e5-b3fd-df1d343ba409">
      <ResultFiles>
        <ResultFile path="vmi3495495/equation_saved_20260924_090349.png" />
      </ResultFiles>
    </UnitTestResult>
    <UnitTestResult executionId="4ef5ee3a-f390-4a66-b6de-d3dd25cbd5d0" testId="c15d90ab-5435-a30c-1bb2-2fe4f2e254dd" testName="SigningFieldEditor_FieldTypeControls_AreTypeSpecific (&quot;Select&quot;,True,False,False,False,False,False)" computerName="vmi3495495" duration="00:00:07.9491147" startTime="2026-09-24T09:37:34.9546764+02:00" endTime="2026-09-24T09:37:42.9054184+02:00" testType="13cdc9d9-ddb5-4fa4-a97d-d965ccfc6d4b" outcome="Passed" testListId="8c84fa94-04c1-424b-9868-57a2d4851a1d" relativeResultsDirectory="4ef5ee3a-f390-4a66-b6de-d3dd25cbd5d0" />
    <UnitTestResult executionId="b46d3f61-8ca0-4722-b33c-53e0e7c959e5" testId="62645c69-1b1e-0fc3-fcb4-f8e3724a97a8" testName="PhaseE7_CanvasDrawingLayerUsesHighDpiBackingStoreForSharpShapesAndHandles" computerName="vmi3495495" duration="00:00:24.3785119" startTime="2026-09-24T08:16:32.1662321+02:00" endTime="2026-09-24T08:16:56.5451719+02:00" testType="13cdc9d9-ddb5-4fa4-a97d-d965ccfc6d4b" outcome="Passed" testListId="8c84fa94-04c1-424b-9868-57a2d4851a1d" relativeResultsDirectory="b46d3f61-8ca0-4722-b33c-53e0e7c959e5">
      <ResultFiles>
        <ResultFile path="vmi3495495/19-phasee7-high-dpi-handles.png" />
        <ResultFile path="vmi3495495/manifest.json" />
      </ResultFiles>
    </UnitTestResult>
    <UnitTestResult executionId="d6d11de5-7a52-48c3-a38d-e25d1afa7eec" testId="c0c539e4-ac8c-2d12-d9cf-f64dbd0667c9" testName="SigningFieldEditor_FieldTypePreview_IsStableForEveryType (&quot;Cells&quot;,&quot;grid&quot;,False)" computerName="vmi3495495" duration="00:00:09.4532354" startTime="2026-09-24T09:35:17.9377632+02:00" endTime="2026-09-24T09:35:27.3920050+02:00" testType="13cdc9d9-ddb5-4fa4-a97d-d965ccfc6d4b" outcome="Passed" testListId="8c84fa94-04c1-424b-9868-57a2d4851a1d" relativeResultsDirectory="d6d11de5-7a52-48c3-a38d-e25d1afa7eec" />
    <UnitTestResult executionId="663da8d7-8b28-4a30-bb3d-6505b418bc81" testId="874e6825-ad1a-777f-87dd-4eb395efa87a" testName="UmlClassWithoutAttributesRendersOnlyHeader" computerName="vmi3495495" duration="00:00:11.0962549" startTime="2026-09-24T08:50:46.5114461+02:00" endTime="2026-09-24T08:50:57.6107932+02:00" testType="13cdc9d9-ddb5-4fa4-a97d-d965ccfc6d4b" outcome="Passed" testListId="8c84fa94-04c1-424b-9868-57a2d4851a1d" relativeResultsDirectory="663da8d7-8b28-4a30-bb3d-6505b418bc81" />
    <UnitTestResult executionId="0b615a5c-81d0-48ce-8bf6-35454f130048" testId="ab18442d-9477-e5de-011a-b0254a101d24" testName="Baseline_Validation_Dropdown" computerName="vmi3495495" duration="00:00:00.0001813" startTime="2026-09-24T09:42:43.4512317+02:00" endTime="2026-09-24T09:42:43.4514573+02:00" testType="13cdc9d9-ddb5-4fa4-a97d-d965ccfc6d4b" outcome="NotExecuted" testListId="8c84fa94-04c1-424b-9868-57a2d4851a1d" relativeResultsDirectory="0b615a5c-81d0-48ce-8bf6-35454f130048">
      <Output>
        <ErrorInfo>
          <Message>Initialization method Tempo.Blazor.E2E.SpreadsheetBaselineScreenshots.RequireBaselineWriteOptIn threw exception. Assert.Inconclusive failed. Baseline generation is off. This test REWRITES the PNG baselines under artifacts/baseline/, so it only runs when TM_WRITE_BASELINES is set to 1/true/yes..</Message>
          <StackTrace>   at Tempo.Blazor.E2E.BaselineGeneratorTestBase.RequireBaselineWriteOptIn() in /root/NetProjects/Tempo.Blazor/Tempo.Blazor/tests/Tempo.Blazor.E2E/BaselineGeneratorTestBase.cs:line 72
   at InvokeStub_BaselineGeneratorTestBase.RequireBaselineWriteOptIn(Object, Object, IntPtr*)
   at System.Reflection.MethodBaseInvoker.InvokeWithNoArgs(Object obj, BindingFlags invokeAttr)
</StackTrace>
        </ErrorInfo>
      </Output>
    </UnitTestResult>
    <UnitTestResult executionId="605bf059-420d-431a-ad25-1ac176b70565" testId="661d0b12-7eab-b571-31fa-5cd8c9f006f6" testName="PageSettings_LockPage_Unlock_EnablesEditing" computerName="vmi3495495" duration="00:00:19.6527974" startTime="2026-09-24T09:15:07.5117216+02:00" endTime="2026-09-24T09:15:27.1650556+02:00" testType="13cdc9d9-ddb5-4fa4-a97d-d965ccfc6d4b" outcome="Passed" testListId="8c84fa94-04c1-424b-9868-57a2d4851a1d" relativeResultsDirectory="605bf059-420d-431a-ad25-1ac176b70565">
      <ResultFiles>
        <ResultFile path="vmi3495495/pagesettings_unlocked_20260924_091527.png" />
      </ResultFiles>
    </UnitTestResult>
    <UnitTestResult executionId="18602060-4259-4280-9aee-bf17546d9328" testId="c205f58c-1380-165d-2f9d-89ee7c5c0402" testName="GridLayout_ArrangesNodesInGrid" computerName="vmi3495495" duration="00:00:19.5011845" startTime="2026-09-24T07:59:23.1367601+02:00" endTime="2026-09-24T07:59:42.6383682+02:00" testType="13cdc9d9-ddb5-4fa4-a97d-d965ccfc6d4b" outcome="Passed" testListId="8c84fa94-04c1-424b-9868-57a2d4851a1d" relativeResultsDirectory="18602060-4259-4280-9aee-bf17546d9328">
      <Output>
        <StdOut>TestContext Messages:
Nodes after layout: class1=(20.0,20.0), class2=(220.0,20.0)</StdOut>
      </Output>
    </UnitTestResult>
    <UnitTestResult executionId="4a87b9e4-3d4f-414c-8744-468dcd3bc4f8" testId="559e4fc2-0e34-13e2-42cd-95b65121a735" testName="AuditLog_FilterAndDetailWithChangeDiff" computerName="vmi3495495" duration="00:00:46.6433074" startTime="2026-09-24T07:51:28.3052041+02:00" endTime="2026-09-24T07:52:17.1063357+02:00" testType="13cdc9d9-ddb5-4fa4-a97d-d965ccfc6d4b" outcome="Passed" testListId="8c84fa94-04c1-424b-9868-57a2d4851a1d" relativeResultsDirectory="4a87b9e4-3d4f-414c-8744-468dcd3bc4f8">
      <Output>
        <StdOut>TestContext Messages:
[baseline-sweep] tests/Tempo.Blazor.E2E/__baseline__/*.png: indexed=0 on-disk=0 (expected 0/0); writes allowed = False</StdOut>
      </Output>
[...]
    <TestEntry testId="ede30423-6896-0191-d6da-6afbe92a7746" executionId="3c645c55-4084-4610-bd8a-c0336701fd8b" testListId="8c84fa94-04c1-424b-9868-57a2d4851a1d" />
    <TestEntry testId="5cacb719-8611-f2df-60b5-ba193097d777" executionId="496ae245-c88f-4dce-944b-62530fd70624" testListId="8c84fa94-04c1-424b-9868-57a2d4851a1d" />
    <TestEntry testId="3bd5d889-7391-ec01-4a5e-90e99d735780" executionId="455d77fa-22d0-4458-93e1-399f93b31564" testListId="8c84fa94-04c1-424b-9868-57a2d4851a1d" />
    <TestEntry testId="19435b58-8e4a-b1a1-ea28-0aaa7c10ccbc" executionId="fab1609d-47a6-410f-9ae5-67a34e875284" testListId="8c84fa94-04c1-424b-9868-57a2d4851a1d" />
    <TestEntry testId="a3fb2c6e-f44b-e518-08b0-5c58024d8794" executionId="a60b0efc-31e4-4a78-8f5f-bf7bd7f461e9" testListId="8c84fa94-04c1-424b-9868-57a2d4851a1d" />
    <TestEntry testId="b37e3550-4b1f-ad2b-06ed-b934e826b1fc" executionId="0ba07251-8b14-4a24-a457-c65e74e135ee" testListId="8c84fa94-04c1-424b-9868-57a2d4851a1d" />
    <TestEntry testId="3f340b8b-8501-1943-34fd-cab4bd257df8" executionId="a5415ba5-2f25-4a5f-bc7a-200710306b8a" testListId="8c84fa94-04c1-424b-9868-57a2d4851a1d" />
    <TestEntry testId="3f01a018-2fba-aec4-9b38-efc611fb3714" executionId="565c8c07-5c85-40ab-a547-befbcf362720" testListId="8c84fa94-04c1-424b-9868-57a2d4851a1d" />
    <TestEntry testId="e250a898-00b5-0a21-bbb6-f3ee0e3668c8" executionId="3a93bbfe-cb9b-426d-8fa5-cffc91fc3697" testListId="8c84fa94-04c1-424b-9868-57a2d4851a1d" />
    <TestEntry testId="e8afd0ad-3231-2031-6609-30e5eb1bd6f4" executionId="322b1969-e29c-4893-a761-0c0e4931bf59" testListId="8c84fa94-04c1-424b-9868-57a2d4851a1d" />
    <TestEntry testId="eeb002e2-ba44-b877-5d80-5e01ae9a2cd8" executionId="d0d11549-b8ec-4daa-9cc2-5bc8d587f924" testListId="8c84fa94-04c1-424b-9868-57a2d4851a1d" />
    <TestEntry testId="1bc5da06-9a0e-3844-b425-bc6df61904ac" executionId="1ffb63ed-b7c8-4113-a952-22beae388b43" testListId="8c84fa94-04c1-424b-9868-57a2d4851a1d" />
    <TestEntry testId="451800f8-2629-3136-6f6d-b51b7f5dd4ca" executionId="7663ed41-bbe1-4fa8-a84b-6fb583f838d2" testListId="8c84fa94-04c1-424b-9868-57a2d4851a1d" />
    <TestEntry testId="4bedfd0c-f697-d31d-7206-980464068f53" executionId="9a082b30-b076-4885-b823-340a62c56fb9" testListId="8c84fa94-04c1-424b-9868-57a2d4851a1d" />
    <TestEntry testId="ff0df376-06fc-f6a5-ee04-81c48565d50e" executionId="cec1c9e1-7ae0-4467-ab8c-b87eb17c0ed1" testListId="8c84fa94-04c1-424b-9868-57a2d4851a1d" />
    <TestEntry testId="589e3d89-f79c-f88e-d73f-7ce01022b3a6" executionId="a1f4dd68-c9df-4391-8c98-b3a76f909e5a" testListId="8c84fa94-04c1-424b-9868-57a2d4851a1d" />
    <TestEntry testId="1f7441ca-de4a-ad74-1c20-0fa4b4266281" executionId="67e59c01-5bc4-4487-9c81-fe60d95db9f6" testListId="8c84fa94-04c1-424b-9868-57a2d4851a1d" />
    <TestEntry testId="2775c261-547a-bf2a-b404-764f9ec18812" executionId="44ec3539-bd62-4a3a-83ab-95848a4ef6fd" testListId="8c84fa94-04c1-424b-9868-57a2d4851a1d" />
    <TestEntry testId="6f39ae78-435c-3828-feba-b7e8d5b92fd5" executionId="485648fb-899f-4eb2-a06f-c96bc17b480f" testListId="8c84fa94-04c1-424b-9868-57a2d4851a1d" />
    <TestEntry testId="c9e14f54-4735-ce0a-f42b-89d5050b7bc1" executionId="27db8370-241f-42d1-9a94-825fc5e02239" testListId="8c84fa94-04c1-424b-9868-57a2d4851a1d" />
    <TestEntry testId="48c039e0-b9e5-f371-3b7a-f469563e22dd" executionId="252458b8-25a4-4805-a56a-ce0be3868f86" testListId="8c84fa94-04c1-424b-9868-57a2d4851a1d" />
    <TestEntry testId="f078da1e-450a-f6f8-8c80-7dc7740fbbc3" executionId="2224e127-d2e6-4f31-b72c-bc678235f8d6" testListId="8c84fa94-04c1-424b-9868-57a2d4851a1d" />
    <TestEntry testId="c5b9385b-625e-efc9-8cb7-cb79b0624b6a" executionId="8665bcf4-7df8-49b9-9ede-a9f160b88e7f" testListId="8c84fa94-04c1-424b-9868-57a2d4851a1d" />
    <TestEntry testId="6d67e20b-21a7-f360-f59b-8d93ebe30d32" executionId="c165ce5e-6655-4224-a584-91efd218bae9" testListId="8c84fa94-04c1-424b-9868-57a2d4851a1d" />
    <TestEntry testId="e66dcabf-4ae3-c54d-e822-be4e41aff3d0" executionId="f2301484-6b58-48c0-820b-544d6d55cc72" testListId="8c84fa94-04c1-424b-9868-57a2d4851a1d" />
    <TestEntry testId="b8407b02-2438-b073-8513-8aa58d37fea6" executionId="e6d89e28-6452-4fd9-b94e-dadb520a9c0e" testListId="8c84fa94-04c1-424b-9868-57a2d4851a1d" />
    <TestEntry testId="b10484b5-20b1-5aeb-ae64-c9c9cfac05b6" executionId="049b9fcf-6f6f-4297-9774-9d57796465e6" testListId="8c84fa94-04c1-424b-9868-57a2d4851a1d" />
    <TestEntry testId="c51cbfac-1cdf-7cba-a5bc-1081e68fef29" executionId="7ca8710c-2981-43f9-b274-56a9b0f5a683" testListId="8c84fa94-04c1-424b-9868-57a2d4851a1d" />
    <TestEntry testId="fdaa015d-e2a4-22cc-6955-2f817735a22a" executionId="a83b67d5-46be-4f55-9b63-bd189985ab3b" testListId="8c84fa94-04c1-424b-9868-57a2d4851a1d" />
    <TestEntry testId="00df334e-310d-72d2-cf66-0c38aff09b7e" executionId="1f33778e-1acc-4435-9231-557074169985" testListId="8c84fa94-04c1-424b-9868-57a2d4851a1d" />
    <TestEntry testId="efde8535-c8bf-e0a9-af4b-f850898dfc8b" executionId="347e069c-b1b2-4061-b3d2-f4adfdeafd0a" testListId="8c84fa94-04c1-424b-9868-57a2d4851a1d" />
    <TestEntry testId="699b8dc3-5a53-02fc-3834-b1bb00b8e5b0" executionId="270e12f7-4809-45c2-ba00-a369356875e6" testListId="8c84fa94-04c1-424b-9868-57a2d4851a1d" />
    <TestEntry testId="b2e8910d-2719-953c-5ab4-2712085d0380" executionId="0248a4f0-a507-48a5-948c-0c30b61e0cce" testListId="8c84fa94-04c1-424b-9868-57a2d4851a1d" />
    <TestEntry testId="973ea9a5-8007-fd29-83a9-5c392592feca" executionId="6c305bb4-fc15-451c-b231-d8519ac48e54" testListId="8c84fa94-04c1-424b-9868-57a2d4851a1d" />
    <TestEntry testId="13b50dc6-b43b-2e22-4dcd-a33aec99677c" executionId="4e5231cf-b23f-4a97-82ca-1db79d7f54e2" testListId="8c84fa94-04c1-424b-9868-57a2d4851a1d" />
    <TestEntry testId="a550bc6e-35ed-08b9-e3fa-dbcccf75f381" executionId="3b4cb317-1d03-4801-8b52-e7372b322486" testListId="8c84fa94-04c1-424b-9868-57a2d4851a1d" />
    <TestEntry testId="59e83e10-af27-c627-c385-04d71b6564e8" executionId="90b197cf-9fc6-4ced-884c-e4fca1b17bcd" testListId="8c84fa94-04c1-424b-9868-57a2d4851a1d" />
    <TestEntry testId="c607abde-69ef-4365-b9ff-c88249a8d348" executionId="87c297e1-be0d-464f-9f9f-ef6bb5d05832" testListId="8c84fa94-04c1-424b-9868-57a2d4851a1d" />
    <TestEntry testId="a4dadfa1-9808-1bac-06f3-8afcf4a908f7" executionId="1555e86c-1f24-4990-b294-abd84401f471" testListId="8c84fa94-04c1-424b-9868-57a2d4851a1d" />
    <TestEntry testId="00b6e370-3b50-7f13-e084-1d9062e1e7eb" executionId="adde7677-4197-4454-aaf0-da762149a0a9" testListId="8c84fa94-04c1-424b-9868-57a2d4851a1d" />
    <TestEntry testId="71b6d9e9-b9da-f83b-c2eb-1da5c1be0182" executionId="4a4322e1-0a8a-497d-b017-9ae477ac72f1" testListId="8c84fa94-04c1-424b-9868-57a2d4851a1d" />
    <TestEntry testId="71b96891-26fc-b3b7-08a0-442686701c42" executionId="3d30a13f-d42d-4074-8cc0-8a436bc96f46" testListId="8c84fa94-04c1-424b-9868-57a2d4851a1d" />
    <TestEntry testId="d5f4bedc-bc40-54d1-c2dd-ff10b9dc9104" executionId="2957137d-b69a-4a47-b5f6-d77c12c0e2fe" testListId="8c84fa94-04c1-424b-9868-57a2d4851a1d" />
    <TestEntry testId="22eab814-f2f8-70c0-112e-ca5236948c84" executionId="d530b8b8-65ac-4467-a5f6-516be9a0152b" testListId="8c84fa94-04c1-424b-9868-57a2d4851a1d" />
    <TestEntry testId="754371dc-afe7-58e3-d44e-e3635de1a8d0" executionId="0d9da80a-e073-4ece-ba3e-96a817687438" testListId="8c84fa94-04c1-424b-9868-57a2d4851a1d" />
    <TestEntry testId="173f5c2a-b88c-ec4b-96fa-38d0288624f3" executionId="f06ad279-b1ed-46ae-b7fa-2f4c2c51eeb8" testListId="8c84fa94-04c1-424b-9868-57a2d4851a1d" />
    <TestEntry testId="304e830f-41f6-94f8-4259-e85a4199e329" executionId="38acccaf-0c60-4d99-bd11-4643702e3537" testListId="8c84fa94-04c1-424b-9868-57a2d4851a1d" />
    <TestEntry testId="a4c31020-cfc9-d892-fe06-a2b9b7b44ce3" executionId="44240249-28af-4dc5-a8c8-3b40c452c2e0" testListId="8c84fa94-04c1-424b-9868-57a2d4851a1d" />
    <TestEntry testId="38115868-e6aa-1ad3-16f1-11245d57d22d" executionId="c822c450-5516-4641-bb3d-6f469eb7b9d1" testListId="8c84fa94-04c1-424b-9868-57a2d4851a1d" />
    <TestEntry testId="aeb70719-c5ba-e2ab-5352-16ac75bfe550" executionId="2460cc20-aa13-4de5-9e1c-83f91cc622e2" testListId="8c84fa94-04c1-424b-9868-57a2d4851a1d" />
    <TestEntry testId="edd671d8-e58f-edf7-2636-c35bd483ab35" executionId="100c49c6-942b-4297-b8f9-6f45b0898a8f" testListId="8c84fa94-04c1-424b-9868-57a2d4851a1d" />
    <TestEntry testId="d52342a8-d8a7-1dcd-604b-e6805cfb3839" executionId="92049624-f31a-4b8f-8bcf-4fb855813cdd" testListId="8c84fa94-04c1-424b-9868-57a2d4851a1d" />
    <TestEntry testId="8830f46b-e1d1-2270-ca8f-9d522cc24764" executionId="d5ec4824-81de-419c-9f8e-3d085feb0557" testListId="8c84fa94-04c1-424b-9868-57a2d4851a1d" />
    <TestEntry testId="51792574-c24d-9f7e-235c-124af610d449" executionId="1c4202ee-9fdf-407b-94ca-eab5b7d88c50" testListId="8c84fa94-04c1-424b-9868-57a2d4851a1d" />
    <TestEntry testId="19fdff5a-7715-8a2c-f3e7-91a09bb29e3b" executionId="04ef6e0a-3177-44bd-839c-850c7407b3a4" testListId="8c84fa94-04c1-424b-9868-57a2d4851a1d" />
    <TestEntry testId="aef19a4e-2130-e64e-2268-384ef917f5d9" executionId="5649da0d-5520-4330-bb0b-21bfc48607e8" testListId="8c84fa94-04c1-424b-9868-57a2d4851a1d" />
    <TestEntry testId="022e74c8-efd2-ad6e-5028-dad4d1a37918" executionId="924f5072-87d4-443e-8b29-3d7ccbce7935" testListId="8c84fa94-04c1-424b-9868-57a2d4851a1d" />
    <TestEntry testId="0044adef-2e8f-cce4-d74f-62e0899bcc20" executionId="a63aa801-16c6-4e81-a701-b4ebd7978f41" testListId="8c84fa94-04c1-424b-9868-57a2d4851a1d" />
    <TestEntry testId="b750de72-ffc4-2d0a-4a07-865555cf1da2" executionId="ba520ece-a086-4665-bf66-28b73dcff6ac" testListId="8c84fa94-04c1-424b-9868-57a2d4851a1d" />
    <TestEntry testId="0b670193-dbb2-261e-069f-3b4d44667677" executionId="28122a09-c7e3-4253-a5a9-a7e21c33737f" testListId="8c84fa94-04c1-424b-9868-57a2d4851a1d" />
    <TestEntry testId="42250fda-892b-88fa-0d8c-de8754a58627" executionId="255695a6-266a-4fe0-a332-4fba6e899e40" testListId="8c84fa94-04c1-424b-9868-57a2d4851a1d" />
    <TestEntry testId="7bc74dbb-2cf5-4404-cecd-68495b68132a" executionId="0e35d41e-faf7-438b-92b8-76977f4ed2d2" testListId="8c84fa94-04c1-424b-9868-57a2d4851a1d" />
    <TestEntry testId="28590245-f1f2-dfe2-dee5-0443810d4ed2" executionId="41112037-c655-4a35-81b6-1b3add186933" testListId="8c84fa94-04c1-424b-9868-57a2d4851a1d" />
    <TestEntry testId="3d807a02-8bb8-3687-1637-2ee21018aa31" executionId="6124123f-b596-40df-801a-719689f43adc" testListId="8c84fa94-04c1-424b-9868-57a2d4851a1d" />
    <TestEntry testId="389e5941-07ba-cb91-2cf0-56110532be88" executionId="cb917716-2370-4154-8751-c50cb94231b9" testListId="8c84fa94-04c1-424b-9868-57a2d4851a1d" />
    <TestEntry testId="1483633c-799d-51c5-95ab-e85950aa2d3e" executionId="478ef995-096a-49ff-b34f-3a4ed033b58b" testListId="8c84fa94-04c1-424b-9868-57a2d4851a1d" />
    <TestEntry testId="c914981e-412f-1342-d1ab-6492d43a4e06" executionId="bfe03d3d-577b-4cca-99ff-72a9345fb9ad" testListId="8c84fa94-04c1-424b-9868-57a2d4851a1d" />
    <TestEntry testId="2b9b4500-334e-d3ee-86c4-228e409edf72" executionId="dac469d5-859b-4cbf-9532-b34575b2f754" testListId="8c84fa94-04c1-424b-9868-57a2d4851a1d" />
    <TestEntry testId="c9f454e4-b46e-5d36-beac-112fce48648a" executionId="f790d64d-a358-479c-9a5e-170f16554b0c" testListId="8c84fa94-04c1-424b-9868-57a2d4851a1d" />
    <TestEntry testId="de115bfc-ba6a-fcae-391d-19c1347438ec" executionId="d47e6e3b-f5ff-474b-afc4-87ab31bd6edb" testListId="8c84fa94-04c1-424b-9868-57a2d4851a1d" />
    <TestEntry testId="034a67ad-cac8-2efa-8e7e-5ae1fb7686a9" executionId="84867dd1-a95d-4431-a1f4-4d39607b37bd" testListId="8c84fa94-04c1-424b-9868-57a2d4851a1d" />
    <TestEntry testId="8cda720a-4abe-ecf6-8bcd-1fd1e627133d" executionId="029bb094-740b-40a2-8502-9d087cc8b179" testListId="8c84fa94-04c1-424b-9868-57a2d4851a1d" />
    <TestEntry testId="e51b030d-2bb1-5652-b512-50d864a4f3f2" executionId="0652fc57-c8ef-4730-8418-098b1b10a49c" testListId="8c84fa94-04c1-424b-9868-57a2d4851a1d" />
    <TestEntry testId="9567294f-bd84-23fb-1b70-a6154c2979e8" executionId="ff94a93f-edbf-4497-bd06-c47ac6319b8e" testListId="8c84fa94-04c1-424b-9868-57a2d4851a1d" />
    <TestEntry testId="74539fa4-5351-3ea3-9b0d-9e465ce90399" executionId="e47963ea-4631-46ef-a368-033a4ebb09cc" testListId="8c84fa94-04c1-424b-9868-57a2d4851a1d" />
    <TestEntry testId="f9db20dc-d1ff-8da3-ee4e-71ee68118249" executionId="775a4844-5492-4f8c-8810-f9cd49e7dbc0" testListId="8c84fa94-04c1-424b-9868-57a2d4851a1d" />
    <TestEntry testId="66f030cf-b904-af48-2b69-bfac0f99a7fa" executionId="3206870b-5e13-4283-9061-20c5b8f695c5" testListId="8c84fa94-04c1-424b-9868-57a2d4851a1d" />
    <TestEntry testId="04340926-aaef-04e9-141a-9f13b318f678" executionId="b272dc94-6ea2-4dd6-b440-68ce71202760" testListId="8c84fa94-04c1-424b-9868-57a2d4851a1d" />
    <TestEntry testId="78ffdd43-f24a-09ef-5f6e-be84175fd738" executionId="5a2881c8-6cbe-451c-863d-6770d4058623" testListId="8c84fa94-04c1-424b-9868-57a2d4851a1d" />
    <TestEntry testId="fd337481-5edc-083a-15bc-3d59700babc3" executionId="0dd513b0-2c5c-4fc5-83bc-f19ba23dddab" testListId="8c84fa94-04c1-424b-9868-57a2d4851a1d" />
    <TestEntry testId="4ad817f3-4faf-874d-43eb-b77bd6f2c84d" executionId="fac4cc86-0399-40f5-abbc-1ad6faa10a1e" testListId="8c84fa94-04c1-424b-9868-57a2d4851a1d" />
    <TestEntry testId="ddb0cc9e-2288-8442-5f9b-188e62ce4cb6" executionId="88a8ae73-e6d6-4653-b7cc-9e09d839838f" testListId="8c84fa94-04c1-424b-9868-57a2d4851a1d" />
    <TestEntry testId="43cc04a3-b062-a51c-5a94-7a29c981861e" executionId="017c7978-e6a8-4462-ae41-847d0a2302fa" testListId="8c84fa94-04c1-424b-9868-57a2d4851a1d" />
    <TestEntry testId="9b06aec1-cd80-25fd-18fe-e4c17fa6b291" executionId="bdc2602d-d60d-481c-9eee-a822a3afa83d" testListId="8c84fa94-04c1-424b-9868-57a2d4851a1d" />
    <TestEntry testId="875529f6-2fed-47d2-cf81-b86a90d16934" executionId="81a1b616-59a8-4ece-9ff9-54fffe53d3e2" testListId="8c84fa94-04c1-424b-9868-57a2d4851a1d" />
    <TestEntry testId="d3567af3-1b14-9c57-704c-53f18004ec12" executionId="1504bcc5-b650-4c4b-9656-8291d5f9edf6" testListId="8c84fa94-04c1-424b-9868-57a2d4851a1d" />
    <TestEntry testId="423ddb1e-ef63-4999-0090-e0431c7b9153" executionId="b897c317-7627-48fb-aa9d-fa6eebebba49" testListId="8c84fa94-04c1-424b-9868-57a2d4851a1d" />
    <TestEntry testId="3d7851c5-34fd-8fed-2f81-7c6ef539dcb5" executionId="c214cc75-8ab9-4aa3-b0c0-7055ddae5259" testListId="8c84fa94-04c1-424b-9868-57a2d4851a1d" />
    <TestEntry testId="26cc57fe-7912-547e-70ce-f98a9cf73696" executionId="c10cd106-9f53-45b3-a04d-00aeb48ae253" testListId="8c84fa94-04c1-424b-9868-57a2d4851a1d" />
    <TestEntry testId="dbf6ae92-2ce4-d7d6-08ff-42c92088c3a0" executionId="2f650026-7622-4bff-8785-57613ff47d06" testListId="8c84fa94-04c1-424b-9868-57a2d4851a1d" />
    <TestEntry testId="5184de26-e273-8912-d44c-b4f34017f931" executionId="b4ee46ab-5dc3-4013-b4f9-752125e32891" testListId="8c84fa94-04c1-424b-9868-57a2d4851a1d" />
    <TestEntry testId="5ffffb81-a13f-a6aa-d151-bb645943a021" executionId="d2fd2c3a-97f3-4625-a7ad-27cdd0a5b8b2" testListId="8c84fa94-04c1-424b-9868-57a2d4851a1d" />
    <TestEntry testId="116ebbc0-763c-47c1-fc1e-6e0f504a2587" executionId="9f9b06dd-79f7-49a1-bb17-aead4e27572b" testListId="8c84fa94-04c1-424b-9868-57a2d4851a1d" />
    <TestEntry testId="589524e9-fd37-08ad-41bf-8130320944a2" executionId="46ef4f55-3dac-40fd-93d3-7d983e8caf81" testListId="8c84fa94-04c1-424b-9868-57a2d4851a1d" />
    <TestEntry testId="0d1f721e-72de-8a30-48e9-e06b01679e78" executionId="5b1540ba-7d7c-4dcf-83f5-1b5ff96d7c3e" testListId="8c84fa94-04c1-424b-9868-57a2d4851a1d" />
    <TestEntry testId="f7c2a12a-86ac-0b8f-d161-514c43a76f10" executionId="5f279041-54e2-462b-9a9b-d95ce6d70651" testListId="8c84fa94-04c1-424b-9868-57a2d4851a1d" />
    <TestEntry testId="57c26b8f-1acc-8bf3-20ad-acd7ea7f103c" executionId="6fb318ce-0689-450c-82c6-cc836992ded9" testListId="8c84fa94-04c1-424b-9868-57a2d4851a1d" />
    <TestEntry testId="f1ad3233-420b-f263-0df2-096bf256bacc" executionId="0b805291-761c-496d-8713-0c8e233f1510" testListId="8c84fa94-04c1-424b-9868-57a2d4851a1d" />
    <TestEntry testId="5a9b0636-ba54-c9a6-695f-c5a29f931b4f" executionId="6a19e5a6-3461-4aa0-8b3c-9c86a15729b6" testListId="8c84fa94-04c1-424b-9868-57a2d4851a1d" />
    <TestEntry testId="20392aad-9fbb-244b-2fe3-ec20f6010541" executionId="559875d4-70ec-4e64-b9a7-69af9555e153" testListId="8c84fa94-04c1-424b-9868-57a2d4851a1d" />
    <TestEntry testId="faacc838-502e-3eb3-2030-acd7506ae1b6" executionId="9d756603-1516-439c-a039-c11293e61932" testListId="8c84fa94-04c1-424b-9868-57a2d4851a1d" />
    <TestEntry testId="311b8ced-9b0b-ceb4-b227-204a02085573" executionId="b7aad11e-33c5-4c32-b9af-abfb33245611" testListId="8c84fa94-04c1-424b-9868-57a2d4851a1d" />
    <TestEntry testId="e4c66a3e-74cd-110c-3b4f-14ed5287e0fd" executionId="636fe30e-f337-4739-933e-f71b3a487a73" testListId="8c84fa94-04c1-424b-9868-57a2d4851a1d" />
    <TestEntry testId="bb712200-06bd-4989-222f-f064be9ca82b" executionId="e99a42a5-05d3-4278-8bd5-c3b2a08b3601" testListId="8c84fa94-04c1-424b-9868-57a2d4851a1d" />
    <TestEntry testId="fff123c9-317c-1ca4-bd46-cf7c78987810" executionId="b6bee661-dd8b-4010-b8c8-6fd452c33df6" testListId="8c84fa94-04c1-424b-9868-57a2d4851a1d" />
    <TestEntry testId="a806abeb-d674-20c0-4284-4de2bddf9ccc" executionId="ecdf6f91-d239-46ac-bb23-6297e8801681" testListId="8c84fa94-04c1-424b-9868-57a2d4851a1d" />
    <TestEntry testId="63e133d0-8170-2413-b6ec-481359dd1a4f" executionId="0ca17f60-5845-4e02-a965-8a2cc8426059" testListId="8c84fa94-04c1-424b-9868-57a2d4851a1d" />
  </TestEntries>
  <TestLists>
    <TestList name="Results Not in a List" id="8c84fa94-04c1-424b-9868-57a2d4851a1d" />
    <TestList name="All Loaded Results" id="19431567-8539-422a-85d7-44ee4e166bda" />
  </TestLists>
  <ResultSummary outcome="Failed">
    <Counters total="327" executed="304" passed="283" failed="21" error="0" timeout="0" aborted="0" inconclusive="0" passedButRunAborted="0" notRunnable="0" notExecuted="0" disconnected="0" warning="0" completed="0" inProgress="0" pending="0" />
    <Output>
      <StdOut>Test 'F0_ReportingHarness_MatchesBrowserMeasureTextAndCapturesFidelityScreenshot' was skipped in the test run.
Test 'Render_WithParameter_RecordsRunInHistory' was skipped in the test run.
Test 'Reports_PrerenderedHtml_ContainsRealPortalContent' was skipped in the test run.
Test 'Reports_ServerCircuit_EmitsNoBrowserSideCatalogFetch' was skipped in the test run.
Test 'Schedule_FiresSoon_DeliversEmailWithPdf_AndRecordsDeliveredRun' was skipped in the test run.
Test 'Baseline_Spreadsheet_DefaultSurface' was skipped in the test run.
Test 'Baseline_Spreadsheet_FullViewport' was skipped in the test run.
Test 'Baseline_Spreadsheet_SelectedCell' was skipped in the test run.
Test 'Baseline_Spreadsheet_TypeDetection' was skipped in the test run.
Test 'Baseline_StatusBar_Aggregation' was skipped in the test run.
Test 'Baseline_Zoom_150' was skipped in the test run.
Test 'Baseline_Zoom_50' was skipped in the test run.
Test 'Baseline_Find_Highlight' was skipped in the test run.
Test 'Baseline_Find_Replace' was skipped in the test run.
Test 'Baseline_Filter_Dropdown' was skipped in the test run.
Test 'Baseline_Filter_Active' was skipped in the test run.
Test 'Baseline_Sort_Dialog' was skipped in the test run.
Test 'Baseline_Dedup_Dialog' was skipped in the test run.
Test 'Baseline_TextToColumns_Step2Preview' was skipped in the test run.
Test 'Baseline_PasteSpecial_Dialog' was skipped in the test run.
Test 'Baseline_Validation_Dialog_Settings' was skipped in the test run.
Test 'Baseline_Validation_Dropdown' was skipped in the test run.
Test 'Baseline_Validation_ErrorAlert' was skipped in the test run.
</StdOut>
    </Output>
  </ResultSummary>
</TestRun>