<?xml version="1.0" encoding="utf-8"?>
<TestRun id="1a564fcf-bc35-4684-bac9-08b2b0315f2e" name="@vmi3495495 2026-09-24 07:52:01" xmlns="http://microsoft.com/schemas/VisualStudio/TeamTest/2010">
  <Times creation="2026-09-24T07:52:01.9314314+02:00" queuing="2026-09-24T07:52:01.9314314+02:00" start="2026-09-24T07:51:32.1195126+02:00" finish="2026-09-24T08:59:30.3230773+02:00" />
  <TestSettings name="default" id="7689e54d-da4b-4c93-b879-6ec3881e0b6a">
    <Deployment runDeploymentRoot="_vmi3495495_2026-09-24_07_52_01" />
  </TestSettings>
  <Results>
    <UnitTestResult executionId="94552d48-1301-40f6-b725-99c02bcb0416" testId="224ddfc1-6532-fc3b-2e1b-fbdc12d1c4bd" testName="SigningFormRunner_CompletesRequiredFlow" computerName="vmi3495495" duration="00:00:19.5964497" startTime="2026-09-24T08:56:50.4047744+02:00" endTime="2026-09-24T08:57:10.0037298+02:00" testType="13cdc9d9-ddb5-4fa4-a97d-d965ccfc6d4b" outcome="Passed" testListId="8c84fa94-04c1-424b-9868-57a2d4851a1d" relativeResultsDirectory="94552d48-1301-40f6-b725-99c02bcb0416" />
    <UnitTestResult executionId="9abf32f4-540b-4743-a2e9-f23399f35435" testId="603c0454-6c9e-9a9d-3898-cb500aca7738" testName="PdfTemplateDesigner_ZoomControlsResizePage" computerName="vmi3495495" duration="00:00:10.9551190" startTime="2026-09-24T08:51:25.6450030+02:00" endTime="2026-09-24T08:51:36.6003818+02:00" testType="13cdc9d9-ddb5-4fa4-a97d-d965ccfc6d4b" outcome="Passed" testListId="8c84fa94-04c1-424b-9868-57a2d4851a1d" relativeResultsDirectory="9abf32f4-540b-4743-a2e9-f23399f35435" />
    <UnitTestResult executionId="76e2e0fe-ebb6-4251-9c1a-d6a05c997941" testId="d336c07e-c82d-24b0-b962-20d08114736b" testName="Capture_LightAndDark (&quot;/data-display&quot;,&quot;data-display&quot;)" computerName="vmi3495495" duration="00:00:00.0002564" startTime="2026-09-24T07:52:31.4588367+02:00" endTime="2026-09-24T07:52:31.4593029+02:00" testType="13cdc9d9-ddb5-4fa4-a97d-d965ccfc6d4b" outcome="NotExecuted" testListId="8c84fa94-04c1-424b-9868-57a2d4851a1d" relativeResultsDirectory="76e2e0fe-ebb6-4251-9c1a-d6a05c997941">
      <Output>
        <ErrorInfo>
          <Message>Initialization method Tempo.Blazor.E2E.DebtTokenBaselineScreenshots.RequireBaselineWriteOptIn threw exception. Assert.Inconclusive failed. Baseline generation is off. This test REWRITES the PNG baselines under artifacts/baseline/, so it only runs when TM_WRITE_BASELINES is set to 1/true/yes..</Message>
          <StackTrace>   at Tempo.Blazor.E2E.BaselineGeneratorTestBase.RequireBaselineWriteOptIn() in /root/NetProjects/Tempo.Blazor/Tempo.Blazor/tests/Tempo.Blazor.E2E/BaselineGeneratorTestBase.cs:line 72
   at InvokeStub_BaselineGeneratorTestBase.RequireBaselineWriteOptIn(Object, Object, IntPtr*)
   at System.Reflection.RuntimeMethodInfo.Invoke(Object obj, BindingFlags invokeAttr, Binder binder, Object[] parameters, CultureInfo culture)
</StackTrace>
        </ErrorInfo>
      </Output>
    </UnitTestResult>
    <UnitTestResult executionId="50f50784-76c5-4435-b5ee-e934aed72dde" testId="3d7c5b97-4d70-1763-1574-3ef1e36353b1" testName="Database_RecordDetail_Opens" computerName="vmi3495495" duration="00:00:30.3027676" startTime="2026-09-24T08:27:11.8758775+02:00" endTime="2026-09-24T08:27:42.1790598+02:00" testType="13cdc9d9-ddb5-4fa4-a97d-d965ccfc6d4b" outcome="Passed" testListId="8c84fa94-04c1-424b-9868-57a2d4851a1d" relativeResultsDirectory="50f50784-76c5-4435-b5ee-e934aed72dde">
      <ResultFiles>
        <ResultFile path="vmi3495495/db_record_detail_open_20260924_082742.png" />
      </ResultFiles>
    </UnitTestResult>
    <UnitTestResult executionId="0b2dae39-d19c-4416-b988-27f451eefcdf" testId="16af1b18-9103-c90a-21d8-5cef471f6c0d" testName="NotationSwitch_RegeneratesDiagramWithoutStaleNodes" computerName="vmi3495495" duration="00:00:10.5074006" startTime="2026-09-24T08:18:43.2050038+02:00" endTime="2026-09-24T08:18:53.7128131+02:00" testType="13cdc9d9-ddb5-4fa4-a97d-d965ccfc6d4b" outcome="Passed" testListId="8c84fa94-04c1-424b-9868-57a2d4851a1d" relativeResultsDirectory="0b2dae39-d19c-4416-b988-27f451eefcdf" />
    <UnitTestResult executionId="7f2893e6-2846-4366-97a1-544944d5b0a4" testId="7f6ac45b-e762-e7d1-3f0d-c3a859d40d3b" testName="DocLibShot2_PlaceholderWithInsertExisting" computerName="vmi3495495" duration="00:00:48.4331539" startTime="2026-09-24T08:06:24.0982362+02:00" endTime="2026-09-24T08:07:12.5324908+02:00" testType="13cdc9d9-ddb5-4fa4-a97d-d965ccfc6d4b" outcome="Passed" testListId="8c84fa94-04c1-424b-9868-57a2d4851a1d" relativeResultsDirectory="7f2893e6-2846-4366-97a1-544944d5b0a4" />
    <UnitTestResult executionId="59e7c03f-bbbd-4185-8292-f3f3efb3a7d8" testId="7a4e7f9d-ae2b-d7a4-43cd-0684ba229951" testName="PdfTemplateDesigner_MovesAndResizesField" computerName="vmi3495495" duration="00:00:13.7574050" startTime="2026-09-24T08:52:46.0964861+02:00" endTime="2026-09-24T08:52:59.8542322+02:00" testType="13cdc9d9-ddb5-4fa4-a97d-d965ccfc6d4b" outcome="Passed" testListId="8c84fa94-04c1-424b-9868-57a2d4851a1d" relativeResultsDirectory="59e7c03f-bbbd-4185-8292-f3f3efb3a7d8" />
    <UnitTestResult executionId="93f046bd-61f0-4113-89e8-ba5d3f5bc444" testId="1f041d68-1040-61ec-d575-f4f2b99ade3a" testName="Capture_LightAndDark (&quot;/charts&quot;,&quot;charts&quot;)" computerName="vmi3495495" duration="00:00:00.0042457" startTime="2026-09-24T07:52:31.4434846+02:00" endTime="2026-09-24T07:52:31.4504612+02:00" testType="13cdc9d9-ddb5-4fa4-a97d-d965ccfc6d4b" outcome="NotExecuted" testListId="8c84fa94-04c1-424b-9868-57a2d4851a1d" relativeResultsDirectory="93f046bd-61f0-4113-89e8-ba5d3f5bc444">
      <Output>
        <ErrorInfo>
          <Message>Initialization method Tempo.Blazor.E2E.DebtTokenBaselineScreenshots.RequireBaselineWriteOptIn threw exception. Assert.Inconclusive failed. Baseline generation is off. This test REWRITES the PNG baselines under artifacts/baseline/, so it only runs when TM_WRITE_BASELINES is set to 1/true/yes..</Message>
          <StackTrace>   at Tempo.Blazor.E2E.BaselineGeneratorTestBase.RequireBaselineWriteOptIn() in /root/NetProjects/Tempo.Blazor/Tempo.Blazor/tests/Tempo.Blazor.E2E/BaselineGeneratorTestBase.cs:line 72
   at InvokeStub_BaselineGeneratorTestBase.RequireBaselineWriteOptIn(Object, Object, IntPtr*)
   at System.Reflection.RuntimeMethodInfo.Invoke(Object obj, BindingFlags invokeAttr, Binder binder, Object[] parameters, CultureInfo culture)
</StackTrace>
        </ErrorInfo>
      </Output>
    </UnitTestResult>
    <UnitTestResult executionId="d8c726b9-e2ed-44b9-8a57-e0310bc40437" testId="79c6c571-5da2-a560-1b40-66bc1b4de251" testName="PdfTemplateDesigner_MobileScreenshot" computerName="vmi3495495" duration="00:00:09.8482204" startTime="2026-09-24T08:54:31.1545210+02:00" endTime="2026-09-24T08:54:41.0032723+02:00" testType="13cdc9d9-ddb5-4fa4-a97d-d965ccfc6d4b" outcome="Passed" testListId="8c84fa94-04c1-424b-9868-57a2d4851a1d" relativeResultsDirectory="d8c726b9-e2ed-44b9-8a57-e0310bc40437">
      <ResultFiles>
        <ResultFile path="vmi3495495/pdf-template-designer-mobile_20260924_085440.png" />
      </ResultFiles>
    </UnitTestResult>
    <UnitTestResult executionId="d1ded120-fea7-4a28-9c56-fdff496eab03" testId="42250fda-892b-88fa-0d8c-de8754a58627" testName="LargeDocument_SaveThroughFullEditor_CompletesWithinBudget" computerName="vmi3495495" duration="00:00:40.2121730" startTime="2026-09-24T07:54:47.3299142+02:00" endTime="2026-09-24T07:55:27.5427903+02:00" testType="13cdc9d9-ddb5-4fa4-a97d-d965ccfc6d4b" outcome="Passed" testListId="8c84fa94-04c1-424b-9868-57a2d4851a1d" relativeResultsDirectory="d1ded120-fea7-4a28-9c56-fdff496eab03">
      <Output>
        <StdOut>TestContext Messages:
SAVE (N8): full manual save of large-perf-1000 took 11691 ms</StdOut>
      </Output>
    </UnitTestResult>
    <UnitTestResult executionId="b9d970e1-8a4a-4dc0-b0d7-8e3233ca1b21" testId="c18abbaa-e0da-239b-51f9-8f8c9ddf1ce4" testName="FullWorkflow_ArchimateGenerateDragRegenerateKeepsInspectorSelection" computerName="vmi3495495" duration="00:00:10.7205797" startTime="2026-09-24T08:18:10.8030377+02:00" endTime="2026-09-24T08:18:21.5267185+02:00" testType="13cdc9d9-ddb5-4fa4-a97d-d965ccfc6d4b" outcome="Passed" testListId="8c84fa94-04c1-424b-9868-57a2d4851a1d" relativeResultsDirectory="b9d970e1-8a4a-4dc0-b0d7-8e3233ca1b21" />
    <UnitTestResult executionId="0ab5bab5-1517-44d4-9187-2b78f5877ea6" testId="61b6ef19-a8b4-e07d-6cc9-11270c38bc33" testName="ClearAndRestoreMarkers_KeepsMapAlive" computerName="vmi3495495" duration="00:00:18.2943747" startTime="2026-09-24T08:12:07.3731635+02:00" endTime="2026-09-24T08:12:25.6681521+02:00" testType="13cdc9d9-ddb5-4fa4-a97d-d965ccfc6d4b" outcome="Passed" testListId="8c84fa94-04c1-424b-9868-57a2d4851a1d" relativeResultsDirectory="0ab5bab5-1517-44d4-9187-2b78f5877ea6" />
    <UnitTestResult executionId="959cd2b0-1681-4cda-bc38-e42b87ee628e" testId="828b88ad-72dd-2418-9f8e-d78d33618b53" testName="Capture_LightAndDark (&quot;/dashboard&quot;,&quot;dashboard&quot;)" computerName="vmi3495495" duration="00:00:00.0002425" startTime="2026-09-24T07:52:31.4583646+02:00" endTime="2026-09-24T07:52:31.4587936+02:00" testType="13cdc9d9-ddb5-4fa4-a97d-d965ccfc6d4b" outcome="NotExecuted" testListId="8c84fa94-04c1-424b-9868-57a2d4851a1d" relativeResultsDirectory="959cd2b0-1681-4cda-bc38-e42b87ee628e">
      <Output>
        <ErrorInfo>
          <Message>Initialization method Tempo.Blazor.E2E.DebtTokenBaselineScreenshots.RequireBaselineWriteOptIn threw exception. Assert.Inconclusive failed. Baseline generation is off. This test REWRITES the PNG baselines under artifacts/baseline/, so it only runs when TM_WRITE_BASELINES is set to 1/true/yes..</Message>
          <StackTrace>   at Tempo.Blazor.E2E.BaselineGeneratorTestBase.RequireBaselineWriteOptIn() in /root/NetProjects/Tempo.Blazor/Tempo.Blazor/tests/Tempo.Blazor.E2E/BaselineGeneratorTestBase.cs:line 72
   at InvokeStub_BaselineGeneratorTestBase.RequireBaselineWriteOptIn(Object, Object, IntPtr*)
   at System.Reflection.RuntimeMethodInfo.Invoke(Object obj, BindingFlags invokeAttr, Binder binder, Object[] parameters, CultureInfo culture)
</StackTrace>
        </ErrorInfo>
      </Output>
    </UnitTestResult>
    <UnitTestResult executionId="127b4bc1-edb3-4290-97b9-019e49759a96" testId="b7025d5b-7873-bb79-392c-95a84f7b6083" testName="PdfTemplateDesigner_DesktopScreenshot" computerName="vmi3495495" duration="00:00:11.7238900" startTime="2026-09-24T08:58:36.3051338+02:00" endTime="2026-09-24T08:58:48.0293704+02:00" testType="13cdc9d9-ddb5-4fa4-a97d-d965ccfc6d4b" outcome="Passed" testListId="8c84fa94-04c1-424b-9868-57a2d4851a1d" relativeResultsDirectory="127b4bc1-edb3-4290-97b9-019e49759a96">
      <ResultFiles>
        <ResultFile path="vmi3495495/signing-phase12-designer-desktop_20260924_085848.png" />
      </ResultFiles>
    </UnitTestResult>
    <UnitTestResult executionId="5a8a4882-1435-4520-81f1-2f4b4b191d18" testId="514a8988-a292-b2d6-39e2-c381fe22f6ba" testName="DemoRoute_TabletLayoutUsesCompactPanels" computerName="vmi3495495" duration="00:00:08.8806647" startTime="2026-09-24T08:16:04.9743602+02:00" endTime="2026-09-24T08:16:13.8555789+02:00" testType="13cdc9d9-ddb5-4fa4-a97d-d965ccfc6d4b" outcome="Passed" testListId="8c84fa94-04c1-424b-9868-57a2d4851a1d" relativeResultsDirectory="5a8a4882-1435-4520-81f1-2f4b4b191d18" />
    <UnitTestResult executionId="8c746f8b-7eea-4eac-a2ee-d6cf62512cbb" testId="4f804ed7-bf7b-d093-9bb1-a24f07a1b20b" testName="Database_SwitchView_Gallery_ShowsCards" computerName="vmi3495495" duration="00:00:22.2281443" startTime="2026-09-24T08:23:55.2857119+02:00" endTime="2026-09-24T08:24:17.5141092+02:00" testType="13cdc9d9-ddb5-4fa4-a97d-d965ccfc6d4b" outcome="Passed" testListId="8c84fa94-04c1-424b-9868-57a2d4851a1d" relativeResultsDirectory="8c746f8b-7eea-4eac-a2ee-d6cf62512cbb">
      <ResultFiles>
        <ResultFile path="vmi3495495/db_gallery_view_20260924_082417.png" />
      </ResultFiles>
    </UnitTestResult>
    <UnitTestResult executionId="63829fdd-c021-434d-b38f-995efc70d9a0" testId="952a48eb-3b66-9696-0b1b-a5f62c5f3f30" testName="SignatureCapture_Draw_TracksCursorWhenCanvasIsScaled" computerName="vmi3495495" duration="00:00:11.3064933" startTime="2026-09-24T08:56:05.2155271+02:00" endTime="2026-09-24T08:56:16.5222371+02:00" testType="13cdc9d9-ddb5-4fa4-a97d-d965ccfc6d4b" outcome="Passed" testListId="8c84fa94-04c1-424b-9868-57a2d4851a1d" relativeResultsDirectory="63829fdd-c021-434d-b38f-995efc70d9a0" />
    <UnitTestResult executionId="6ce6460e-99cc-4dd7-962d-0ce2a6ac1045" testId="24d329ef-2c00-6fa6-5243-d97f0270158c" testName="EB2_TodosAndLongList_CaptureBaselineScreenshots" computerName="vmi3495495" duration="00:01:16.5178982" startTime="2026-09-24T08:36:21.4085549+02:00" endTime="2026-09-24T08:37:37.9277877+02:00" testType="13cdc9d9-ddb5-4fa4-a97d-d965ccfc6d4b" outcome="Failed" testListId="8c84fa94-04c1-424b-9868-57a2d4851a1d" relativeResultsDirectory="6ce6460e-99cc-4dd7-962d-0ce2a6ac1045">
      <Output>
        <ErrorInfo>
          <Message>Test method Tempo.Blazor.E2E.NotionListsToggleTodoBaselineE2ETests.EB2_TodosAndLongList_CaptureBaselineScreenshots threw exception: &#xD;
System.TimeoutException: Timeout 60000ms exceeded.
Call log:
  -   - waiting for Locator("[data-block-id='eb200000-0000-0000-0000-000000000010'] .tm-notion-toggle") to be visible
  -     - waiting for navigation to finish...
  -     - navigated to "https://localhost:7106/notion-editor"</Message>
          <StackTrace>   at Microsoft.Playwright.Transport.Connection.InnerSendMessageToServerAsync[T](ChannelOwner object, String method, Dictionary`2 dictionary, Boolean keepNulls) in /_/src/Playwright/Transport/Connection.cs:line 206
   at Microsoft.Playwright.Transport.Connection.WrapApiCallAsync[T](Func`1 action, Boolean isInternal)
   at Microsoft.Playwright.Core.Frame.WaitForSelectorAsync(String selector, FrameWaitForSelectorOptions options) in /_/src/Playwright/Core/Frame.cs:line 670
   at Tempo.Blazor.E2E.NotionE2ETestBase.SeedListTodoPageAsync() in /root/NetProjects/Tempo.Blazor/Tempo.Blazor/tests/Tempo.Blazor.E2E/NotionE2ETestBase.cs:line 116
   at Tempo.Blazor.E2E.NotionListsToggleTodoBaselineE2ETests.EB2_TodosAndLongList_CaptureBaselineScreenshots() in /root/NetProjects/Tempo.Blazor/Tempo.Blazor/tests/Tempo.Blazor.E2E/NotionListsToggleTodoBaselineE2ETests.cs:line 104
</StackTrace>
        </ErrorInfo>
      </Output>
    </UnitTestResult>
    <UnitTestResult executionId="d4a0e2cc-2bb4-46cc-98bd-26af138dc0da" testId="2ba66d1a-076d-df3c-5662-7d37db6955a2" testName="ProviderMap_SwitchesToIndividualMarkers_AboveThreshold" computerName="vmi3495495" duration="00:00:19.4560704" startTime="2026-09-24T08:14:09.8981080+02:00" endTime="2026-09-24T08:14:29.3546380+02:00" testType="13cdc9d9-ddb5-4fa4-a97d-d965ccfc6d4b" outcome="Passed" testListId="8c84fa94-04c1-424b-9868-57a2d4851a1d" relativeResultsDirectory="d4a0e2cc-2bb4-46cc-98bd-26af138dc0da" />
    <UnitTestResult executionId="dae61eef-7a24-49c9-ab75-0e9584a18bfb" testId="8e76f09e-3e8d-2051-2e11-c07d49af3d41" testName="Capture_LightAndDark (&quot;/import-export&quot;,&quot;import-export&quot;)" computerName="vmi3495495" duration="00:00:00.0002315" startTime="2026-09-24T07:52:31.4900625+02:00" endTime="2026-09-24T07:52:31.4905270+02:00" testType="13cdc9d9-ddb5-4fa4-a97d-d965ccfc6d4b" outcome="NotExecuted" testListId="8c84fa94-04c1-424b-9868-57a2d4851a1d" relativeResultsDirectory="dae61eef-7a24-49c9-ab75-0e9584a18bfb">
      <Output>
        <ErrorInfo>
          <Message>Initialization method Tempo.Blazor.E2E.DebtTokenBaselineScreenshots.RequireBaselineWriteOptIn threw exception. Assert.Inconclusive failed. Baseline generation is off. This test REWRITES the PNG baselines under artifacts/baseline/, so it only runs when TM_WRITE_BASELINES is set to 1/true/yes..</Message>
          <StackTrace>   at Tempo.Blazor.E2E.BaselineGeneratorTestBase.RequireBaselineWriteOptIn() in /root/NetProjects/Tempo.Blazor/Tempo.Blazor/tests/Tempo.Blazor.E2E/BaselineGeneratorTestBase.cs:line 72
   at InvokeStub_BaselineGeneratorTestBase.RequireBaselineWriteOptIn(Object, Object, IntPtr*)
   at System.Reflection.RuntimeMethodInfo.Invoke(Object obj, BindingFlags invokeAttr, Binder binder, Object[] parameters, CultureInfo culture)
</StackTrace>
        </ErrorInfo>
      </Output>
    </UnitTestResult>
    <UnitTestResult executionId="ed5cfde5-7bbe-4e4c-89c6-c849dd77c03a" testId="44d6f8f5-f39a-371f-b74d-99a98606911b" testName="PdfTemplateDesigner_PaletteDoesNotOverflowColumn" computerName="vmi3495495" duration="00:00:13.4270350" startTime="2026-09-24T08:52:19.4184121+02:00" endTime="2026-09-24T08:52:32.8461118+02:00" testType="13cdc9d9-ddb5-4fa4-a97d-d965ccfc6d4b" outcome="Passed" testListId="8c84fa94-04c1-424b-9868-57a2d4851a1d" relativeResultsDirectory="ed5cfde5-7bbe-4e4c-89c6-c849dd77c03a" />
    <UnitTestResult executionId="5d72ca58-22a4-4c1a-b98c-3b644ea9b4fe" testId="6d67e20b-21a7-f360-f59b-8d93ebe30d32" testName="NavigateAwayAndBack_ReinitialisesMapWithoutErrors" computerName="vmi3495495" duration="00:00:31.5425330" startTime="2026-09-24T08:12:25.6782159+02:00" endTime="2026-09-24T08:12:57.2210557+02:00" testType="13cdc9d9-ddb5-4fa4-a97d-d965ccfc6d4b" outcome="Passed" testListId="8c84fa94-04c1-424b-9868-57a2d4851a1d" relativeResultsDirectory="5d72ca58-22a4-4c1a-b98c-3b644ea9b4fe" />
    <UnitTestResult executionId="fd934957-27b0-4277-8fb3-a2afb61a1ad9" testId="5fa4219f-ab70-60d8-4552-b520d2fca44d" testName="ShortcutsPanel_OpenCloseAndTypingEdge" computerName="vmi3495495" duration="00:00:42.7731027" startTime="2026-09-24T08:43:17.1412628+02:00" endTime="2026-09-24T08:43:59.9286865+02:00" testType="13cdc9d9-ddb5-4fa4-a97d-d965ccfc6d4b" outcome="Passed" testListId="8c84fa94-04c1-424b-9868-57a2d4851a1d" relativeResultsDirectory="fd934957-27b0-4277-8fb3-a2afb61a1ad9">
      <Output>
        <StdOut>TestContext Messages:
UX CF18 baseline captured: /root/NetProjects/Tempo.Blazor/Tempo.Blazor/tests/Tempo.Blazor.E2E/TestResults/full-run-20260924/Deploy_root 20260924T075138_1808211/In/baseline-sandbox/notion/shortcuts/cf18-shortcuts-panel-baseline.png / /root/NetProjects/Tempo.Blazor/Tempo.Blazor/tests/Tempo.Blazor.E2E/TestResults/full-run-20260924/Deploy_root 20260924T075138_1808211/In/baseline-sandbox/notion/shortcuts/cf18-shortcuts-panel-baseline.region.png</StdOut>
      </Output>
      <ResultFiles>
        <ResultFile path="vmi3495495/cf18-shortcuts-panel-baseline.png" />
        <ResultFile path="vmi3495495/cf18-shortcuts-panel-baseline.region.png" />
        <ResultFile path="vmi3495495/cf18-shortcuts-panel-mobile.png" />
        <ResultFile path="vmi3495495/cf18-shortcuts-panel-mobile.region.png" />
      </ResultFiles>
    </UnitTestResult>
    <UnitTestResult executionId="c3174e71-4ca7-481d-ac49-66b2edc91f19" testId="71a81cc4-0da8-0e0e-74e9-bd6414f1abd1" testName="IssuePanel_CapturesM13Screenshots" computerName="vmi3495495" duration="00:00:31.5976245" startTime="2026-09-24T08:17:39.2007379+02:00" endTime="2026-09-24T08:18:10.7994536+02:00" testType="13cdc9d9-ddb5-4fa4-a97d-d965ccfc6d4b" outcome="Passed" testListId="8c84fa94-04c1-424b-9868-57a2d4851a1d" relativeResultsDirectory="c3174e71-4ca7-481d-ac49-66b2edc91f19">
      <ResultFiles>
        <ResultFile path="vmi3495495/issue-panel-empty_20260924_081759.png" />
        <ResultFile path="vmi3495495/issue-panel-many_20260924_081810.png" />
        <ResultFile path="vmi3495495/issue-panel-with-issues_20260924_081750.png" />
      </ResultFiles>
    </UnitTestResult>
    <UnitTestResult executionId="b2a38d63-aa78-4d62-8c27-53668cae6f83" testId="4e78034a-3949-4f42-7fbd-e4ba1d5b9c0f" testName="IssuePanel_EmptyStateShowsPositiveMessage" computerName="vmi3495495" duration="00:00:09.6293110" startTime="2026-09-24T08:16:51.6503533+02:00" endTime="2026-09-24T08:17:01.2798487+02:00" testType="13cdc9d9-ddb5-4fa4-a97d-d965ccfc6d4b" outcome="Passed" testListId="8c84fa94-04c1-424b-9868-57a2d4851a1d" relativeResultsDirectory="b2a38d63-aa78-4d62-8c27-53668cae6f83" />
    <UnitTestResult executionId="d024ade7-0ba2-4df3-9525-561330f5dd20" testId="2889b6a4-8a21-6cab-f7bd-eb78063b7992" testName="Capture_LightAndDark (&quot;/pickers&quot;,&quot;pickers&quot;)" computerName="vmi3495495" duration="00:00:00.0004846" startTime="2026-09-24T07:52:31.5136213+02:00" endTime="2026-09-24T07:52:31.5145750+02:00" testType="13cdc9d9-ddb5-4fa4-a97d-d965ccfc6d4b" outcome="NotExecuted" testListId="8c84fa94-04c1-424b-9868-57a2d4851a1d" relativeResultsDirectory="d024ade7-0ba2-4df3-9525-561330f5dd20">
      <Output>
        <ErrorInfo>
          <Message>Initialization method Tempo.Blazor.E2E.DebtTokenBaselineScreenshots.RequireBaselineWriteOptIn threw exception. Assert.Inconclusive failed. Baseline generation is off. This test REWRITES the PNG baselines under artifacts/baseline/, so it only runs when TM_WRITE_BASELINES is set to 1/true/yes..</Message>
          <StackTrace>   at Tempo.Blazor.E2E.BaselineGeneratorTestBase.RequireBaselineWriteOptIn() in /root/NetProjects/Tempo.Blazor/Tempo.Blazor/tests/Tempo.Blazor.E2E/BaselineGeneratorTestBase.cs:line 72
   at InvokeStub_BaselineGeneratorTestBase.RequireBaselineWriteOptIn(Object, Object, IntPtr*)
   at System.Reflection.RuntimeMethodInfo.Invoke(Object obj, BindingFlags invokeAttr, Binder binder, Object[] parameters, CultureInfo culture)
</StackTrace>
        </ErrorInfo>
      </Output>
    </UnitTestResult>
    <UnitTestResult executionId="db60b3fc-f0f9-44f5-b57b-c99e04c49f25" testId="37880596-f220-cdf8-189f-bda401d67b05" testName="DemoRoute_RefreshKeepsRouteLoaded" computerName="vmi3495495" duration="00:00:17.8428829" startTime="2026-09-24T08:16:13.8599659+02:00" endTime="2026-09-24T08:16:31.7034351+02:00" testType="13cdc9d9-ddb5-4fa4-a97d-d965ccfc6d4b" outcome="Passed" testListId="8c84fa94-04c1-424b-9868-57a2d4851a1d" relativeResultsDirectory="db60b3fc-f0f9-44f5-b57b-c99e04c49f25" />
    <UnitTestResult executionId="b40a5fc9-a8d4-46a4-b56e-b9f4e4015b81" testId="05c251ad-8555-8085-bf70-46f2e01495ec" testName="ProviderMap_ShowsServerClusterBubbles_AtLowZoom" computerName="vmi3495495" duration="00:00:15.7178302" startTime="2026-09-24T08:13:54.1793125+02:00" endTime="2026-09-24T08:14:09.8975130+02:00" testType="13cdc9d9-ddb5-4fa4-a97d-d965ccfc6d4b" outcome="Passed" testListId="8c84fa94-04c1-424b-9868-57a2d4851a1d" relativeResultsDirectory="b40a5fc9-a8d4-46a4-b56e-b9f4e4015b81" />
    <UnitTestResult executionId="e62c975b-0993-48c6-88eb-cce29558c81d" testId="348dc386-ef22-a3e7-b30e-c0958eee24b5" testName="Ledger_MatchUnbalancedPair_BecomesPartiallyMatched" computerName="vmi3495495" duration="00:00:11.2837802" startTime="2026-09-24T08:10:28.8058655+02:00" endTime="2026-09-24T08:10:40.0901994+02:00" testType="13cdc9d9-ddb5-4fa4-a97d-d965ccfc6d4b" outcome="Passed" testListId="8c84fa94-04c1-424b-9868-57a2d4851a1d" relativeResultsDirectory="e62c975b-0993-48c6-88eb-cce29558c81d" />
    <UnitTestResult executionId="bb469667-a274-4ca5-b78a-dfb045bc0b9e" testId="bd163165-16e1-adf7-6549-10532d081abc" testName="DocLibShot1_Screenshots" computerName="vmi3495495" duration="00:00:15.5923175" startTime="2026-09-24T08:03:16.2534171+02:00" endTime="2026-09-24T08:03:31.8464261+02:00" testType="13cdc9d9-ddb5-4fa4-a97d-d965ccfc6d4b" outcome="Passed" testListId="8c84fa94-04c1-424b-9868-57a2d4851a1d" relativeResultsDirectory="bb469667-a274-4ca5-b78a-dfb045bc0b9e" />
    <UnitTestResult executionId="bd324a36-52fe-4fc7-932e-9cf0f3c16099" testId="9047ecaf-6505-7a7b-5540-4894499de92b" testName="Database_SwitchView_List_ShowsList" computerName="vmi3495495" duration="00:00:23.8197916" startTime="2026-09-24T08:24:17.5146372+02:00" endTime="2026-09-24T08:24:41.3349210+02:00" testType="13cdc9d9-ddb5-4fa4-a97d-d965ccfc6d4b" outcome="Passed" testListId="8c84fa94-04c1-424b-9868-57a2d4851a1d" relativeResultsDirectory="bd324a36-52fe-4fc7-932e-9cf0f3c16099">
      <ResultFiles>
        <ResultFile path="vmi3495495/db_list_view_20260924_082441.png" />
      </ResultFiles>
    </UnitTestResult>
    <UnitTestResult executionId="bd650a8c-34d7-441b-abdc-7a24c9c89bf1" testId="c71a8377-f60e-7073-c3b3-dac4569287e0" testName="Ledger_MoneyDisplayShowcase_AndEmptySearch" computerName="vmi3495495" duration="00:00:09.4765434" startTime="2026-09-24T08:10:49.9251868+02:00" endTime="2026-09-24T08:10:59.4021453+02:00" testType="13cdc9d9-ddb5-4fa4-a97d-d965ccfc6d4b" outcome="Passed" testListId="8c84fa94-04c1-424b-9868-57a2d4851a1d" relativeResultsDirectory="bd650a8c-34d7-441b-abdc-7a24c9c89bf1" />
    <UnitTestResult executionId="6c0dfcef-f411-4397-9eef-e48e59525579" testId="ff85a3ab-0d46-411e-1002-2638aa8b2ab2" testName="DocLib2_InsertExistingWireframe_Link_RendersPreview" computerName="vmi3495495" duration="00:00:40.8762398" startTime="2026-09-24T08:03:31.8478708+02:00" endTime="2026-09-24T08:04:12.7361808+02:00" testType="13cdc9d9-ddb5-4fa4-a97d-d965ccfc6d4b" outcome="Passed" testListId="8c84fa94-04c1-424b-9868-57a2d4851a1d" relativeResultsDirectory="6c0dfcef-f411-4397-9eef-e48e59525579" />
    <UnitTestResult executionId="7abbc99c-8ef7-490a-9ff4-2638e01d37dc" testId="96680b0f-981a-d59e-2fb5-2255c3c1d859" testName="ExportPdf_EmptyDocument_YieldsValidPdf" computerName="vmi3495495" duration="00:00:20.4512222" startTime="2026-09-24T08:02:19.6301282+02:00" endTime="2026-09-24T08:02:40.0824373+02:00" testType="13cdc9d9-ddb5-4fa4-a97d-d965ccfc6d4b" outcome="Passed" testListId="8c84fa94-04c1-424b-9868-57a2d4851a1d" relativeResultsDirectory="7abbc99c-8ef7-490a-9ff4-2638e01d37dc" />
    <UnitTestResult executionId="8d153e68-f76a-4b30-a2e1-a08f013709ea" testId="3c89b36d-a727-9595-da4e-612e1be310fb" testName="PdfTemplateDesigner_DragsPaletteFieldOntoPage" computerName="vmi3495495" duration="00:00:13.7238271" startTime="2026-09-24T08:52:05.6800192+02:00" endTime="2026-09-24T08:52:19.4041280+02:00" testType="13cdc9d9-ddb5-4fa4-a97d-d965ccfc6d4b" outcome="Passed" testListId="8c84fa94-04c1-424b-9868-57a2d4851a1d" relativeResultsDirectory="8d153e68-f76a-4b30-a2e1-a08f013709ea" />
    <UnitTestResult executionId="7aa18d94-37cf-488e-8e38-f81a7b0ee70f" testId="f17fc4e8-7add-a4a4-a0be-a73e6fb66d6d" testName="Capture_LightAndDark (&quot;/pivot-table&quot;,&quot;pivot-table&quot;)" computerName="vmi3495495" duration="00:00:00.0125403" startTime="2026-09-24T07:52:31.5146548+02:00" endTime="2026-09-24T07:52:31.5274582+02:00" testType="13cdc9d9-ddb5-4fa4-a97d-d965ccfc6d4b" outcome="NotExecuted" testListId="8c84fa94-04c1-424b-9868-57a2d4851a1d" relativeResultsDirectory="7aa18d94-37cf-488e-8e38-f81a7b0ee70f">
      <Output>
        <ErrorInfo>
          <Message>Initialization method Tempo.Blazor.E2E.DebtTokenBaselineScreenshots.RequireBaselineWriteOptIn threw exception. Assert.Inconclusive failed. Baseline generation is off. This test REWRITES the PNG baselines under artifacts/baseline/, so it only runs when TM_WRITE_BASELINES is set to 1/true/yes..</Message>
          <StackTrace>   at Tempo.Blazor.E2E.BaselineGeneratorTestBase.RequireBaselineWriteOptIn() in /root/NetProjects/Tempo.Blazor/Tempo.Blazor/tests/Tempo.Blazor.E2E/BaselineGeneratorTestBase.cs:line 72
   at InvokeStub_BaselineGeneratorTestBase.RequireBaselineWriteOptIn(Object, Object, IntPtr*)
   at System.Reflection.RuntimeMethodInfo.Invoke(Object obj, BindingFlags invokeAttr, Binder binder, Object[] parameters, CultureInfo culture)
</StackTrace>
        </ErrorInfo>
      </Output>
    </UnitTestResult>
    <UnitTestResult executionId="f05bcd48-5bac-45af-a938-6e20d4b7fc0f" testId="3aab66be-a15a-4252-40b9-5416af610688" testName="WorkItem_NoProvider_HidesSlashFeature" computerName="vmi3495495" duration="00:00:33.2363587" startTime="2026-09-24T08:50:28.1180000+02:00" endTime="2026-09-24T08:51:01.3552423+02:00" testType="13cdc9d9-ddb5-4fa4-a97d-d965ccfc6d4b" outcome="Passed" testListId="8c84fa94-04c1-424b-9868-57a2d4851a1d" relativeResultsDirectory="f05bcd48-5bac-45af-a938-6e20d4b7fc0f">
      <ResultFiles>
        <ResultFile path="vmi3495495/cf5-no-provider-slash-hidden.png" />
        <ResultFile path="vmi3495495/cf5-no-provider-slash-hidden.region.png" />
      </ResultFiles>
    </UnitTestResult>
    <UnitTestResult executionId="b8fd8a08-f130-44f8-b5b3-bec3e2ae3e8b" testId="5085f226-28c4-3330-5d27-710fd68bf04f" testName="Phase19_CanvasDocxExtendedEPhaseSmoke_PreservesAdvancedAnchorsAndScreenshots" computerName="vmi3495495" duration="00:02:34.3615185" startTime="2026-09-24T07:57:12.9280388+02:00" endTime="2026-09-24T07:59:47.2904768+02:00" testType="13cdc9d9-ddb5-4fa4-a97d-d965ccfc6d4b" outcome="Passed" testListId="8c84fa94-04c1-424b-9868-57a2d4851a1d" relativeResultsDirectory="b8fd8a08-f130-44f8-b5b3-bec3e2ae3e8b">
      <ResultFiles>
        <ResultFile path="vmi3495495/manifest.json" />
        <ResultFile path="vmi3495495/phase19-docx-ephase-e1-numbering-first-paint.png" />
        <ResultFile path="vmi3495495/phase19-docx-ephase-e3-sections-first-paint.png" />
        <ResultFile path="vmi3495495/phase19-docx-ephase-e4-styles-first-paint.png" />
        <ResultFile path="vmi3495495/phase19-docx-ephase-e5-fields-first-paint.png" />
        <ResultFile path="vmi3495495/phase19-docx-ephase-e8-math-first-paint.png" />
        <ResultFile path="vmi3495495/phase19-docx-ephase-e9-content-controls-first-paint.png" />
      </ResultFiles>
    </UnitTestResult>
    <UnitTestResult executionId="8f409ab9-d91b-4464-8ace-2827aac9a3ef" testId="315f3d21-f4ba-5dc5-65c1-5ba004398303" testName="SetView_RaisesOnZoomChangedEvent" computerName="vmi3495495" duration="00:00:15.5598270" startTime="2026-09-24T08:11:34.9590675+02:00" endTime="2026-09-24T08:11:50.5190793+02:00" testType="13cdc9d9-ddb5-4fa4-a97d-d965ccfc6d4b" outcome="Passed" testListId="8c84fa94-04c1-424b-9868-57a2d4851a1d" relativeResultsDirectory="8f409ab9-d91b-4464-8ace-2827aac9a3ef" />
    <UnitTestResult executionId="ca022b40-18a6-4783-a7c6-a16771ddf92b" testId="b6033058-be70-a03c-c3c3-6e9905a240e3" testName="PdfTemplateDesigner_PageNavigationAndViewModeWork" computerName="vmi3495495" duration="00:00:10.6313955" startTime="2026-09-24T08:51:15.0055180+02:00" endTime="2026-09-24T08:51:25.6420909+02:00" testType="13cdc9d9-ddb5-4fa4-a97d-d965ccfc6d4b" outcome="Passed" testListId="8c84fa94-04c1-424b-9868-57a2d4851a1d" relativeResultsDirectory="ca022b40-18a6-4783-a7c6-a16771ddf92b" />
    <UnitTestResult executionId="ebcbeb7f-4e82-4da8-a193-10bf528150df" testId="26193852-0202-ec4f-24b1-4de34df72e0c" testName="Capture_LightAndDark (&quot;/richtext&quot;,&quot;richtext&quot;)" computerName="vmi3495495" duration="00:00:00.0002984" startTime="2026-09-24T07:52:31.5275564+02:00" endTime="2026-09-24T07:52:31.5281506+02:00" testType="13cdc9d9-ddb5-4fa4-a97d-d965ccfc6d4b" outcome="NotExecuted" testListId="8c84fa94-04c1-424b-9868-57a2d4851a1d" relativeResultsDirectory="ebcbeb7f-4e82-4da8-a193-10bf528150df">
      <Output>
        <ErrorInfo>
          <Message>Initialization method Tempo.Blazor.E2E.DebtTokenBaselineScreenshots.RequireBaselineWriteOptIn threw exception. Assert.Inconclusive failed. Baseline generation is off. This test REWRITES the PNG baselines under artifacts/baseline/, so it only runs when TM_WRITE_BASELINES is set to 1/true/yes..</Message>
          <StackTrace>   at Tempo.Blazor.E2E.BaselineGeneratorTestBase.RequireBaselineWriteOptIn() in /root/NetProjects/Tempo.Blazor/Tempo.Blazor/tests/Tempo.Blazor.E2E/BaselineGeneratorTestBase.cs:line 72
   at InvokeStub_BaselineGeneratorTestBase.RequireBaselineWriteOptIn(Object, Object, IntPtr*)
   at System.Reflection.RuntimeMethodInfo.Invoke(Object obj, BindingFlags invokeAttr, Binder binder, Object[] parameters, CultureInfo culture)
</StackTrace>
        </ErrorInfo>
      </Output>
    </UnitTestResult>
    <UnitTestResult executionId="ee3bfaca-1171-47ef-8dc1-ead851c5ad7e" testId="be8ca340-81e9-dba5-de94-fcbd3f677fd1" testName="PhaseE6_AdvancedCharacterFormattingPersistsThroughToolbarUndoSaveAndReload" computerName="vmi3495495" duration="00:00:33.6238908" startTime="2026-09-24T07:53:21.7335666+02:00" endTime="2026-09-24T07:53:55.3585279+02:00" testType="13cdc9d9-ddb5-4fa4-a97d-d965ccfc6d4b" outcome="Passed" testListId="8c84fa94-04c1-424b-9868-57a2d4851a1d" relativeResultsDirectory="ee3bfaca-1171-47ef-8dc1-ead851c5ad7e">
      <ResultFiles>
        <ResultFile path="vmi3495495/00-phasee6-advanced-char-before.png" />
        <ResultFile path="vmi3495495/01-phasee6-advanced-char-after-reload.png" />
        <ResultFile path="vmi3495495/manifest.json" />
      </ResultFiles>
    </UnitTestResult>
    <UnitTestResult executionId="d50efa1f-08cb-4dad-ae45-a9167a7be0bd" testId="a7e04518-7efc-a30a-857a-8a48f5b476a9" testName="SignatureCapture_Typed_CapturesTypedSignature" computerName="vmi3495495" duration="00:00:09.9121498" startTime="2026-09-24T08:56:29.4631228+02:00" endTime="2026-09-24T08:56:39.3755006+02:00" testType="13cdc9d9-ddb5-4fa4-a97d-d965ccfc6d4b" outcome="Passed" testListId="8c84fa94-04c1-424b-9868-57a2d4851a1d" relativeResultsDirectory="d50efa1f-08cb-4dad-ae45-a9167a7be0bd" />
    <UnitTestResult executionId="dd62f879-cfe5-4445-be84-3b8127dbb2f6" testId="a2021ace-aea6-ee8a-2ebb-7f0f67835cd8" testName="Database_SwitchView_Board_ShowsKanban" computerName="vmi3495495" duration="00:00:22.0980396" startTime="2026-09-24T08:23:33.1868661+02:00" endTime="2026-09-24T08:23:55.2852507+02:00" testType="13cdc9d9-ddb5-4fa4-a97d-d965ccfc6d4b" outcome="Passed" testListId="8c84fa94-04c1-424b-9868-57a2d4851a1d" relativeResultsDirectory="dd62f879-cfe5-4445-be84-3b8127dbb2f6">
      <ResultFiles>
        <ResultFile path="vmi3495495/db_board_view_20260924_082355.png" />
      </ResultFiles>
    </UnitTestResult>
    <UnitTestResult executionId="fbebbc0a-c977-4ff1-a534-21f88bec9dbb" testId="025c9b2f-1d79-041f-d1f9-b97c576e4dc0" testName="Canvas_DropsUml25ClassStencil_WithReadableCompartments" computerName="vmi3495495" duration="00:00:13.6871900" startTime="2026-09-24T07:53:08.0206568+02:00" endTime="2026-09-24T07:53:21.7105025+02:00" testType="13cdc9d9-ddb5-4fa4-a97d-d965ccfc6d4b" outcome="Passed" testListId="8c84fa94-04c1-424b-9868-57a2d4851a1d" relativeResultsDirectory="fbebbc0a-c977-4ff1-a534-21f88bec9dbb">
      <ResultFiles>
        <ResultFile path="vmi3495495/diagram_uml25_phase5_class_drop_20260924_075321.png" />
      </ResultFiles>
    </UnitTestResult>
    <UnitTestResult executionId="a3a7e1d9-ced2-4d58-82aa-5ad52fa92ac9" testId="237c7e3c-59bc-c9e9-66cc-4f6d05c362a6" testName="MapInHiddenTab_InitialisesCorrectly_AfterTabSwitch" computerName="vmi3495495" duration="00:00:16.3334423" startTime="2026-09-24T08:15:05.9765219+02:00" endTime="2026-09-24T08:15:22.3102586+02:00" testType="13cdc9d9-ddb5-4fa4-a97d-d965ccfc6d4b" outcome="Passed" testListId="8c84fa94-04c1-424b-9868-57a2d4851a1d" relativeResultsDirectory="a3a7e1d9-ced2-4d58-82aa-5ad52fa92ac9" />
    <UnitTestResult executionId="2733cf05-2f8b-404c-8be0-5f127746863a" testId="d4ff1da0-906b-2f85-00eb-64eba7102340" testName="Capture_LightAndDark (&quot;/feedback&quot;,&quot;feedback&quot;)" computerName="vmi3495495" duration="00:00:00.0005208" startTime="2026-09-24T07:52:31.4728615+02:00" endTime="2026-09-24T07:52:31.4739194+02:00" testType="13cdc9d9-ddb5-4fa4-a97d-d965ccfc6d4b" outcome="NotExecuted" testListId="8c84fa94-04c1-424b-9868-57a2d4851a1d" relativeResultsDirectory="2733cf05-2f8b-404c-8be0-5f127746863a">
      <Output>
        <ErrorInfo>
          <Message>Initialization method Tempo.Blazor.E2E.DebtTokenBaselineScreenshots.RequireBaselineWriteOptIn threw exception. Assert.Inconclusive failed. Baseline generation is off. This test REWRITES the PNG baselines under artifacts/baseline/, so it only runs when TM_WRITE_BASELINES is set to 1/true/yes..</Message>
          <StackTrace>   at Tempo.Blazor.E2E.BaselineGeneratorTestBase.RequireBaselineWriteOptIn() in /root/NetProjects/Tempo.Blazor/Tempo.Blazor/tests/Tempo.Blazor.E2E/BaselineGeneratorTestBase.cs:line 72
   at InvokeStub_BaselineGeneratorTestBase.RequireBaselineWriteOptIn(Object, Object, IntPtr*)
   at System.Reflection.RuntimeMethodInfo.Invoke(Object obj, BindingFlags invokeAttr, Binder binder, Object[] parameters, CultureInfo culture)
</StackTrace>
        </ErrorInfo>
      </Output>
    </UnitTestResult>
    <UnitTestResult executionId="401eb642-4245-4f36-83cd-2023d2766f57" testId="20c4fd1e-9aad-7e32-0a82-d7f58855238e" testName="PdfTemplateDesigner_MultiSelectDeletesFields" computerName="vmi3495495" duration="00:00:11.5869326" startTime="2026-09-24T08:54:19.5467484+02:00" endTime="2026-09-24T08:54:31.1338795+02:00" testType="13cdc9d9-ddb5-4fa4-a97d-d965ccfc6d4b" outcome="Passed" testListId="8c84fa94-04c1-424b-9868-57a2d4851a1d" relativeResultsDirectory="401eb642-4245-4f36-83cd-2023d2766f57" />
    <UnitTestResult executionId="f3b35f65-d0aa-4ed5-af44-61678ad3fbfb" testId="c9c1cb77-567a-bceb-5be3-5a3f9242c985" testName="ServerToWasm_Handoff_StaysAuthenticated_AndBearerSurvives" computerName="vmi3495495" duration="00:00:00.0025139" startTime="2026-09-24T08:55:40.5048055+02:00" endTime="2026-09-24T08:55:40.5106574+02:00" testType="13cdc9d9-ddb5-4fa4-a97d-d965ccfc6d4b" outcome="NotExecuted" testListId="8c84fa94-04c1-424b-9868-57a2d4851a1d" relativeResultsDirectory="f3b35f65-d0aa-4ed5-af44-61678ad3fbfb">
      <Output>
        <ErrorInfo>
          <Message>Initialization method Tempo.Blazor.E2E.ReportServerHandoffE2ETests.ReportServerFullStackTestInitialize threw exception. Assert.Inconclusive failed. Report Server FULL-STACK E2E lane is disabled. Set TM_RS_FULLSTACK=1 to run it (needs the live Keycloak service + smtp4dev + SQL Server): dotnet test --filter TestCategory=ReportServerFullStack..</Message>
          <StackTrace>   at Tempo.Blazor.E2E.ReportServerFullStackE2ETestBase.ReportServerFullStackTestInitialize() in /root/NetProjects/Tempo.Blazor/Tempo.Blazor/tests/Tempo.Blazor.E2E/ReportServerFullStackE2ETestBase.cs:line 96
</StackTrace>
        </ErrorInfo>
      </Output>
    </UnitTestResult>
    <UnitTestResult executionId="1efdce1a-a8ec-408e-9d84-7c515ff320ee" testId="31da303e-2f5d-b5c2-6532-41f0f403fca5" testName="ParseEnvelope_PlainJson_ReturnsRoot" computerName="vmi3495495" duration="00:00:00.0068826" startTime="2026-09-24T08:59:29.8080785+02:00" endTime="2026-09-24T08:59:29.8153329+02:00" testType="13cdc9d9-ddb5-4fa4-a97d-d965ccfc6d4b" outcome="Passed" testListId="8c84fa94-04c1-424b-9868-57a2d4851a1d" relativeResultsDirectory="1efdce1a-a8ec-408e-9d84-7c515ff320ee" />
    <UnitTestResult executionId="893644b8-2cdd-49ed-a43f-d6138a259a5a" testId="cf0bbfc1-7523-f2f1-9786-2adfd4bfd24b" testName="Phase13_ToolbarContextMenuAndSpellcheck_RunThroughCanvasCommandRuntime" computerName="vmi3495495" duration="00:00:33.0841891" startTime="2026-09-24T08:01:00.1785230+02:00" endTime="2026-09-24T08:01:33.2795778+02:00" testType="13cdc9d9-ddb5-4fa4-a97d-d965ccfc6d4b" outcome="Passed" testListId="8c84fa94-04c1-424b-9868-57a2d4851a1d" relativeResultsDirectory="893644b8-2cdd-49ed-a43f-d6138a259a5a">
      <ResultFiles>
        <ResultFile path="vmi3495495/00-phase13-before.png" />
        <ResultFile path="vmi3495495/01-phase13-spell-menu.png" />
        <ResultFile path="vmi3495495/02-phase13-after-suggestion.png" />
        <ResultFile path="vmi3495495/manifest.json" />
      </ResultFiles>
    </UnitTestResult>
    <UnitTestResult executionId="983610c6-a41d-49f2-a854-e1937bc20ff9" testId="98c3c8f6-794f-d892-84af-2a915ec0b462" testName="WorkItem_InsertById_RendersCardAndInlineChip" computerName="vmi3495495" duration="00:00:40.7106875" startTime="2026-09-24T08:49:02.3053087+02:00" endTime="2026-09-24T08:49:43.0225316+02:00" testType="13cdc9d9-ddb5-4fa4-a97d-d965ccfc6d4b" outcome="Failed" testListId="8c84fa94-04c1-424b-9868-57a2d4851a1d" relativeResultsDirectory="983610c6-a41d-49f2-a854-e1937bc20ff9">
      <Output>
        <ErrorInfo>
          <Message>Test method Tempo.Blazor.E2E.NotionWorkItemsE2ETests.WorkItem_InsertById_RendersCardAndInlineChip threw exception: &#xD;
System.TimeoutException: Timeout 10000ms exceeded.
Call log:
  -   - waiting for Locator(".tm-notion-paragraph[contenteditable='true']").First to be visible</Message>
          <StackTrace>   at Microsoft.Playwright.Transport.Connection.InnerSendMessageToServerAsync[T](ChannelOwner object, String method, Dictionary`2 dictionary, Boolean keepNulls) in /_/src/Playwright/Transport/Connection.cs:line 206
   at Microsoft.Playwright.Transport.Connection.WrapApiCallAsync[T](Func`1 action, Boolean isInternal) in /_/src/Playwright/Transport/Connection.cs:line 535
   at Tempo.Blazor.E2E.NotionWorkItemsE2ETests.InsertWorkItemBlockViaSlashAsync(IPage page) in /root/NetProjects/Tempo.Blazor/Tempo.Blazor/tests/Tempo.Blazor.E2E/NotionWorkItemsE2ETests.cs:line 127
   at Tempo.Blazor.E2E.NotionWorkItemsE2ETests.WorkItem_InsertById_RendersCardAndInlineChip() in /root/NetProjects/Tempo.Blazor/Tempo.Blazor/tests/Tempo.Blazor.E2E/NotionWorkItemsE2ETests.cs:line 23
</StackTrace>
        </ErrorInfo>
      </Output>
    </UnitTestResult>
    <UnitTestResult executionId="9aa89247-ff0d-4cff-83f7-fcc2e76154b8" testId="60aded98-d18a-fa63-f1f8-faf62928fd1d" testName="NewChartShowcase_IsReadableInLightAndDarkThemes" computerName="vmi3495495" duration="00:00:17.6472430" startTime="2026-09-24T07:51:40.2349843+02:00" endTime="2026-09-24T07:52:01.6838384+02:00" testType="13cdc9d9-ddb5-4fa4-a97d-d965ccfc6d4b" outcome="Passed" testListId="8c84fa94-04c1-424b-9868-57a2d4851a1d" relativeResultsDirectory="9aa89247-ff0d-4cff-83f7-fcc2e76154b8">
      <Output>
        <StdOut>TestContext Messages:
[baseline-sweep] tests/Tempo.Blazor.E2E/__baseline__/*.png: indexed=0 on-disk=0 (expected 0/0); writes allowed = False</StdOut>
      </Output>
    </UnitTestResult>
    <UnitTestResult executionId="4022b250-718e-4aa2-9dd5-aef3a8d9ee8f" testId="e577fa83-86b8-eff2-cf7b-d52d29b4cd07" testName="FieldEditorPanel_SelectsFieldWithKeyboard" computerName="vmi3495495" duration="00:00:10.1692547" startTime="2026-09-24T08:58:05.0631577+02:00" endTime="2026-09-24T08:58:15.2336557+02:00" testType="13cdc9d9-ddb5-4fa4-a97d-d965ccfc6d4b" outcome="Passed" testListId="8c84fa94-04c1-424b-9868-57a2d4851a1d" relativeResultsDirectory="4022b250-718e-4aa2-9dd5-aef3a8d9ee8f" />
    <UnitTestResult executionId="392ff4f7-4744-4c41-93b1-7ada8ba70308" testId="f34c45b5-e59a-de40-1b12-e8c8d422829b" testName="Database_AddRecord_AppearsInTable" computerName="vmi3495495" duration="00:00:24.1147347" startTime="2026-09-24T08:25:54.8400007+02:00" endTime="2026-09-24T08:26:18.9550832+02:00" testType="13cdc9d9-ddb5-4fa4-a97d-d965ccfc6d4b" outcome="Passed" testListId="8c84fa94-04c1-424b-9868-57a2d4851a1d" relativeResultsDirectory="392ff4f7-4744-4c41-93b1-7ada8ba70308">
      <ResultFiles>
        <ResultFile path="vmi3495495/db_add_record_20260924_082618.png" />
      </ResultFiles>
    </UnitTestResult>
    <UnitTestResult executionId="51225c2e-eb38-481e-8baa-3a4ee1298701" testId="c8e76a10-bbb5-9392-4ba5-4e2066e6b798" testName="CF4_MyTasks_OpenCompleteNavigateAndCaptureBaseline" computerName="vmi3495495" duration="00:00:45.9687071" startTime="2026-09-24T08:37:37.9308291+02:00" endTime="2026-09-24T08:38:23.9025872+02:00" testType="13cdc9d9-ddb5-4fa4-a97d-d965ccfc6d4b" outcome="Failed" testListId="8c84fa94-04c1-424b-9868-57a2d4851a1d" relativeResultsDirectory="51225c2e-eb38-481e-8baa-3a4ee1298701">
      <Output>
        <ErrorInfo>
          <Message>Test method Tempo.Blazor.E2E.NotionMyTasksE2ETests.CF4_MyTasks_OpenCompleteNavigateAndCaptureBaseline threw exception: &#xD;
System.TimeoutException: Timeout 10000ms exceeded.
Call log:
  -   - waiting for Locator("[data-task-id='cf400000-0000-0000-0000-000000000101']") to be detached
  -     24 × locator resolved to visible &lt;article b-84r1h96n5l="" class="tm-my-tasks__item" data-task-id="cf400000-0000-0000-0000-000000000101"&gt;…&lt;/article&gt;</Message>
          <StackTrace>   at Microsoft.Playwright.Transport.Connection.InnerSendMessageToServerAsync[T](ChannelOwner object, String method, Dictionary`2 dictionary, Boolean keepNulls) in /_/src/Playwright/Transport/Connection.cs:line 206
   at Microsoft.Playwright.Transport.Connection.WrapApiCallAsync[T](Func`1 action, Boolean isInternal)
   at Microsoft.Playwright.Core.Frame.WaitForSelectorAsync(String selector, FrameWaitForSelectorOptions options) in /_/src/Playwright/Core/Frame.cs:line 670
   at Tempo.Blazor.E2E.NotionMyTasksE2ETests.CF4_MyTasks_OpenCompleteNavigateAndCaptureBaseline() in /root/NetProjects/Tempo.Blazor/Tempo.Blazor/tests/Tempo.Blazor.E2E/NotionMyTasksE2ETests.cs:line 39
</StackTrace>
        </ErrorInfo>
      </Output>
      <ResultFiles>
        <ResultFile path="vmi3495495/cf4-my-tasks-grouped-by-page.png" />
        <ResultFile path="vmi3495495/cf4-my-tasks-grouped-by-page.region.png" />
        <ResultFile path="vmi3495495/cf4-my-tasks-panel.png" />
        <ResultFile path="vmi3495495/cf4-my-tasks-panel.region.png" />
      </ResultFiles>
    </UnitTestResult>
    <UnitTestResult executionId="40a0c344-956a-4a12-bb14-7a8ebd5fa718" testId="b88adadf-c366-8c68-cf4b-ca191ec414f8" testName="SigningFormRunner_DesktopScreenshot" computerName="vmi3495495" duration="00:00:12.8077941" startTime="2026-09-24T08:58:57.4902588+02:00" endTime="2026-09-24T08:59:10.2982339+02:00" testType="13cdc9d9-ddb5-4fa4-a97d-d965ccfc6d4b" outcome="Passed" testListId="8c84fa94-04c1-424b-9868-57a2d4851a1d" relativeResultsDirectory="40a0c344-956a-4a12-bb14-7a8ebd5fa718">
      <ResultFiles>
        <ResultFile path="vmi3495495/signing-phase12-runner-desktop_20260924_085910.png" />
      </ResultFiles>
    </UnitTestResult>
    <UnitTestResult executionId="04bef196-cb12-4e83-a353-8f78f47d3eee" testId="2f9d4ebc-0cec-e385-d054-523289fe78ef" testName="ClientClustering_RendersMarkerClusterIcons" computerName="vmi3495495" duration="00:00:14.7758004" startTime="2026-09-24T08:13:21.0124889+02:00" endTime="2026-09-24T08:13:35.7886129+02:00" testType="13cdc9d9-ddb5-4fa4-a97d-d965ccfc6d4b" outcome="Passed" testListId="8c84fa94-04c1-424b-9868-57a2d4851a1d" relativeResultsDirectory="04bef196-cb12-4e83-a353-8f78f47d3eee" />
    <UnitTestResult executionId="b212abf2-b90c-4a95-b8c4-6e176eff3aa8" testId="f25d736a-efb1-92b8-46cc-6df88589a7aa" testName="Capture_LightAndDark (&quot;/new-components&quot;,&quot;new-components&quot;)" computerName="vmi3495495" duration="00:00:00.0002131" startTime="2026-09-24T07:52:31.5025046+02:00" endTime="2026-09-24T07:52:31.5028614+02:00" testType="13cdc9d9-ddb5-4fa4-a97d-d965ccfc6d4b" outcome="NotExecuted" testListId="8c84fa94-04c1-424b-9868-57a2d4851a1d" relativeResultsDirectory="b212abf2-b90c-4a95-b8c4-6e176eff3aa8">
      <Output>
        <ErrorInfo>
          <Message>Initialization method Tempo.Blazor.E2E.DebtTokenBaselineScreenshots.RequireBaselineWriteOptIn threw exception. Assert.Inconclusive failed. Baseline generation is off. This test REWRITES the PNG baselines under artifacts/baseline/, so it only runs when TM_WRITE_BASELINES is set to 1/true/yes..</Message>
          <StackTrace>   at Tempo.Blazor.E2E.BaselineGeneratorTestBase.RequireBaselineWriteOptIn() in /root/NetProjects/Tempo.Blazor/Tempo.Blazor/tests/Tempo.Blazor.E2E/BaselineGeneratorTestBase.cs:line 72
   at InvokeStub_BaselineGeneratorTestBase.RequireBaselineWriteOptIn(Object, Object, IntPtr*)
   at System.Reflection.RuntimeMethodInfo.Invoke(Object obj, BindingFlags invokeAttr, Binder binder, Object[] parameters, CultureInfo culture)
</StackTrace>
        </ErrorInfo>
      </Output>
    </UnitTestResult>
    <UnitTestResult executionId="2d19c9ee-84ff-4b00-bb8f-3924d1bd1010" testId="061564a3-89b3-dfae-4c9e-fdc57c79bf87" testName="Capture_LightAndDark (&quot;/file-manager&quot;,&quot;file-manager&quot;)" computerName="vmi3495495" duration="00:00:00.0006262" startTime="2026-09-24T07:52:31.4881973+02:00" endTime="2026-09-24T07:52:31.4894166+02:00" testType="13cdc9d9-ddb5-4fa4-a97d-d965ccfc6d4b" outcome="NotExecuted" testListId="8c84fa94-04c1-424b-9868-57a2d4851a1d" relativeResultsDirectory="2d19c9ee-84ff-4b00-bb8f-3924d1bd1010">
      <Output>
        <ErrorInfo>
          <Message>Initialization method Tempo.Blazor.E2E.DebtTokenBaselineScreenshots.RequireBaselineWriteOptIn threw exception. Assert.Inconclusive failed. Baseline generation is off. This test REWRITES the PNG baselines under artifacts/baseline/, so it only runs when TM_WRITE_BASELINES is set to 1/true/yes..</Message>
          <StackTrace>   at Tempo.Blazor.E2E.BaselineGeneratorTestBase.RequireBaselineWriteOptIn() in /root/NetProjects/Tempo.Blazor/Tempo.Blazor/tests/Tempo.Blazor.E2E/BaselineGeneratorTestBase.cs:line 72
   at InvokeStub_BaselineGeneratorTestBase.RequireBaselineWriteOptIn(Object, Object, IntPtr*)
   at System.Reflection.RuntimeMethodInfo.Invoke(Object obj, BindingFlags invokeAttr, Binder binder, Object[] parameters, CultureInfo culture)
</StackTrace>
        </ErrorInfo>
      </Output>
    </UnitTestResult>
    <UnitTestResult executionId="63994850-393c-4592-80ea-6555a1a84d0e" testId="3d8a44ef-e8b7-1839-bc16-024e55fa8bfb" testName="IssuePanel_SeverityIconsAreVisible" computerName="vmi3495495" duration="00:00:08.9659324" startTime="2026-09-24T08:16:42.6835918+02:00" endTime="2026-09-24T08:16:51.6499609+02:00" testType="13cdc9d9-ddb5-4fa4-a97d-d965ccfc6d4b" outcome="Passed" testListId="8c84fa94-04c1-424b-9868-57a2d4851a1d" relativeResultsDirectory="63994850-393c-4592-80ea-6555a1a84d0e" />
    <UnitTestResult executionId="bd7c6123-7458-47a8-855d-792e3144c6b5" testId="6e41c48b-9dd4-a64a-2112-f5b67c4f98db" testName="Capture_LightAndDark (&quot;/scheduler&quot;,&quot;scheduler&quot;)" computerName="vmi3495495" duration="00:00:00.0001623" startTime="2026-09-24T07:52:31.5281810+02:00" endTime="2026-09-24T07:52:31.5284608+02:00" testType="13cdc9d9-ddb5-4fa4-a97d-d965ccfc6d4b" outcome="NotExecuted" testListId="8c84fa94-04c1-424b-9868-57a2d4851a1d" relativeResultsDirectory="bd7c6123-7458-47a8-855d-792e3144c6b5">
      <Output>
        <ErrorInfo>
          <Message>Initialization method Tempo.Blazor.E2E.DebtTokenBaselineScreenshots.RequireBaselineWriteOptIn threw exception. Assert.Inconclusive failed. Baseline generation is off. This test REWRITES the PNG baselines under artifacts/baseline/, so it only runs when TM_WRITE_BASELINES is set to 1/true/yes..</Message>
          <StackTrace>   at Tempo.Blazor.E2E.BaselineGeneratorTestBase.RequireBaselineWriteOptIn() in /root/NetProjects/Tempo.Blazor/Tempo.Blazor/tests/Tempo.Blazor.E2E/BaselineGeneratorTestBase.cs:line 72
   at InvokeStub_BaselineGeneratorTestBase.RequireBaselineWriteOptIn(Object, Object, IntPtr*)
   at System.Reflection.RuntimeMethodInfo.Invoke(Object obj, BindingFlags invokeAttr, Binder binder, Object[] parameters, CultureInfo culture)
</StackTrace>
        </ErrorInfo>
      </Output>
    </UnitTestResult>
    <UnitTestResult executionId="0ad3c4df-d9e7-4e4f-8cd2-6fbe883389a3" testId="c4c4487d-2732-93fd-d828-81ebe19685e9" testName="Database_TableView_LoadsData" computerName="vmi3495495" duration="00:00:20.3098360" startTime="2026-09-24T08:22:26.4311395+02:00" endTime="2026-09-24T08:22:46.7542700+02:00" testType="13cdc9d9-ddb5-4fa4-a97d-d965ccfc6d4b" outcome="Passed" testListId="8c84fa94-04c1-424b-9868-57a2d4851a1d" relativeResultsDirectory="0ad3c4df-d9e7-4e4f-8cd2-6fbe883389a3">
      <ResultFiles>
        <ResultFile path="vmi3495495/db_table_view_loads_20260924_082246.png" />
      </ResultFiles>
    </UnitTestResult>
    <UnitTestResult executionId="75316a04-9bcf-4604-974b-89bc4a70195b" testId="7085b4e8-d79c-a29c-59c7-ebeac8c3b82f" testName="PhaseE5_CanvasFieldsCrossReferencesCaptionsAndBibliographyPersist" computerName="vmi3495495" duration="00:00:35.5658424" startTime="2026-09-24T07:55:27.5433799+02:00" endTime="2026-09-24T07:56:03.1102228+02:00" testType="13cdc9d9-ddb5-4fa4-a97d-d965ccfc6d4b" outcome="Passed" testListId="8c84fa94-04c1-424b-9868-57a2d4851a1d" relativeResultsDirectory="75316a04-9bcf-4604-974b-89bc4a70195b">
      <ResultFiles>
        <ResultFile path="vmi3495495/00-phasee5-fields-before.png" />
        <ResultFile path="vmi3495495/01-phasee5-cross-reference-renamed.png" />
        <ResultFile path="vmi3495495/02-phasee5-fields-after-reload.png" />
        <ResultFile path="vmi3495495/manifest.json" />
      </ResultFiles>
    </UnitTestResult>
    <UnitTestResult executionId="6dfce8b8-8d67-4375-94c0-1ba78933a4ec" testId="8e36b835-4bb9-0cb2-44bc-40194e031430" testName="ParseEnvelope_EventStream_ExtractsDataJson" computerName="vmi3495495" duration="00:00:00.0014219" startTime="2026-09-24T08:59:29.8153875+02:00" endTime="2026-09-24T08:59:29.8169200+02:00" testType="13cdc9d9-ddb5-4fa4-a97d-d965ccfc6d4b" outcome="Passed" testListId="8c84fa94-04c1-424b-9868-57a2d4851a1d" relativeResultsDirectory="6dfce8b8-8d67-4375-94c0-1ba78933a4ec" />
    <UnitTestResult executionId="35c11b11-49df-44a4-9ada-ac62812a5324" testId="80788779-d011-5d3a-1b23-880f222ab4d0" testName="WireframeBlock_Empty_ShowsCreateButton" computerName="vmi3495495" duration="00:00:29.1702562" startTime="2026-09-24T08:46:33.6280393+02:00" endTime="2026-09-24T08:47:02.7986730+02:00" testType="13cdc9d9-ddb5-4fa4-a97d-d965ccfc6d4b" outcome="Failed" testListId="8c84fa94-04c1-424b-9868-57a2d4851a1d" relativeResultsDirectory="35c11b11-49df-44a4-9ada-ac62812a5324">
      <Output>
        <ErrorInfo>
          <Message>Test method Tempo.Blazor.E2E.NotionTempoBlocksE2ETests.WireframeBlock_Empty_ShowsCreateButton threw exception: &#xD;
System.TimeoutException: Timeout 15000ms exceeded.
Call log:
  -   - waiting for Locator(".tm-notion-wireframe-block").First to be visible</Message>
          <StackTrace>   at Microsoft.Playwright.Transport.Connection.InnerSendMessageToServerAsync[T](ChannelOwner object, String method, Dictionary`2 dictionary, Boolean keepNulls) in /_/src/Playwright/Transport/Connection.cs:line 206
   at Microsoft.Playwright.Transport.Connection.WrapApiCallAsync[T](Func`1 action, Boolean isInternal) in /_/src/Playwright/Transport/Connection.cs:line 535
   at Tempo.Blazor.E2E.NotionTempoBlocksE2ETests.ScrollToWireframeBlockAsync(IPage page) in /root/NetProjects/Tempo.Blazor/Tempo.Blazor/tests/Tempo.Blazor.E2E/NotionTempoBlocksE2ETests.cs:line 44
   at Tempo.Blazor.E2E.NotionTempoBlocksE2ETests.WireframeBlock_Empty_ShowsCreateButton() in /root/NetProjects/Tempo.Blazor/Tempo.Blazor/tests/Tempo.Blazor.E2E/NotionTempoBlocksE2ETests.cs:line 203
</StackTrace>
        </ErrorInfo>
      </Output>
    </UnitTestResult>
    <UnitTestResult executionId="0ad2f4e2-74d2-4332-927a-7d50fd7209b8" testId="a8c7126a-45a0-e307-96ff-8d42bc158258" testName="InlineCode_IsCommittedAndSurvivesReload" computerName="vmi3495495" duration="00:01:15.6406083" startTime="2026-09-24T08:28:07.9504898+02:00" endTime="2026-09-24T08:29:23.5939109+02:00" testType="13cdc9d9-ddb5-4fa4-a97d-d965ccfc6d4b" outcome="Failed" testListId="8c84fa94-04c1-424b-9868-57a2d4851a1d" relativeResultsDirectory="0ad2f4e2-74d2-4332-927a-7d50fd7209b8">
      <Output>
        <ErrorInfo>
          <Message>Test method Tempo.Blazor.E2E.NotionEditPersistenceE2ETests.InlineCode_IsCommittedAndSurvivesReload threw exception: &#xD;
System.TimeoutException: Timeout 20000ms exceeded.
Call log:
  -   - waiting for Locator("[data-block-id='70970e02-c022-456f-930e-66143f02ef32']").First to be visible</Message>
          <StackTrace>   at Microsoft.Playwright.Transport.Connection.InnerSendMessageToServerAsync[T](ChannelOwner object, String method, Dictionary`2 dictionary, Boolean keepNulls) in /_/src/Playwright/Transport/Connection.cs:line 206
   at Microsoft.Playwright.Transport.Connection.WrapApiCallAsync[T](Func`1 action, Boolean isInternal) in /_/src/Playwright/Transport/Connection.cs:line 535
   at Tempo.Blazor.E2E.NotionEditPersistenceE2ETests.InlineCode_IsCommittedAndSurvivesReload() in /root/NetProjects/Tempo.Blazor/Tempo.Blazor/tests/Tempo.Blazor.E2E/NotionEditPersistenceE2ETests.cs:line 46
</StackTrace>
        </ErrorInfo>
      </Output>
      <ResultFiles>
        <ResultFile path="vmi3495495/inline-code-before-reload.png" />
        <ResultFile path="vmi3495495/inline-code-before-reload.region.png" />
      </ResultFiles>
    </UnitTestResult>
    <UnitTestResult executionId="5b9d0caa-4862-425b-8dae-c55988bfec8c" testId="10210ab8-69ff-d500-a3fa-6dc6ebef942b" testName="PdfTemplateDesigner_DeleteKeyDeletesSelectedField" computerName="vmi3495495" duration="00:00:13.3752740" startTime="2026-09-24T08:53:40.7458718+02:00" endTime="2026-09-24T08:53:54.1217559+02:00" testType="13cdc9d9-ddb5-4fa4-a97d-d965ccfc6d4b" outcome="Passed" testListId="8c84fa94-04c1-424b-9868-57a2d4851a1d" relativeResultsDirectory="5b9d0caa-4862-425b-8dae-c55988bfec8c" />
    <UnitTestResult executionId="038076b4-82d3-419c-b12b-b9edf59e33a2" testId="19e9de7d-b30d-1039-641f-23fbb47bc4db" testName="DiagramBlock_Create_OpensEditorModal" computerName="vmi3495495" duration="00:00:30.4438301" startTime="2026-09-24T08:44:20.8580126+02:00" endTime="2026-09-24T08:44:51.3025778+02:00" testType="13cdc9d9-ddb5-4fa4-a97d-d965ccfc6d4b" outcome="Failed" testListId="8c84fa94-04c1-424b-9868-57a2d4851a1d" relativeResultsDirectory="038076b4-82d3-419c-b12b-b9edf59e33a2">
      <Output>
        <ErrorInfo>
          <Message>Test method Tempo.Blazor.E2E.NotionTempoBlocksE2ETests.DiagramBlock_Create_OpensEditorModal threw exception: &#xD;
System.TimeoutException: Timeout 10000ms exceeded.
Call log:
  -   - waiting for Locator(".tm-notion-diagram-edit-modal").First to be visible</Message>
          <StackTrace>   at Microsoft.Playwright.Transport.Connection.InnerSendMessageToServerAsync[T](ChannelOwner object, String method, Dictionary`2 dictionary, Boolean keepNulls) in /_/src/Playwright/Transport/Connection.cs:line 206
   at Microsoft.Playwright.Transport.Connection.WrapApiCallAsync[T](Func`1 action, Boolean isInternal) in /_/src/Playwright/Transport/Connection.cs:line 535
   at Tempo.Blazor.E2E.NotionTempoBlocksE2ETests.OpenDiagramModalAsync(IPage page, ILocator diagramBlock) in /root/NetProjects/Tempo.Blazor/Tempo.Blazor/tests/Tempo.Blazor.E2E/NotionTempoBlocksE2ETests.cs:line 61
   at Tempo.Blazor.E2E.NotionTempoBlocksE2ETests.DiagramBlock_Create_OpensEditorModal() in /root/NetProjects/Tempo.Blazor/Tempo.Blazor/tests/Tempo.Blazor.E2E/NotionTempoBlocksE2ETests.cs:line 113
</StackTrace>
        </ErrorInfo>
      </Output>
    </UnitTestResult>
    <UnitTestResult executionId="e0304c94-3f1e-4f9b-aa04-50e9c1a65c5b" testId="3ed2ea9a-a087-576e-1cdd-82ebe0d75a53" testName="Accessibility_MapRegion_NoCriticalOrSeriousViolations" computerName="vmi3495495" duration="00:00:11.2257659" startTime="2026-09-24T08:13:09.7858971+02:00" endTime="2026-09-24T08:13:21.0118510+02:00" testType="13cdc9d9-ddb5-4fa4-a97d-d965ccfc6d4b" outcome="Passed" testListId="8c84fa94-04c1-424b-9868-57a2d4851a1d" relativeResultsDirectory="e0304c94-3f1e-4f9b-aa04-50e9c1a65c5b" />
    <UnitTestResult executionId="f8aa7960-9bef-4648-89e0-f909a2249241" testId="c51b592f-b2b8-319b-4da0-aaf0e4b12a43" testName="PdfTemplateDesigner_DrawsTextField" computerName="vmi3495495" duration="00:00:15.6471298" startTime="2026-09-24T08:51:50.0321644+02:00" endTime="2026-09-24T08:52:05.6795338+02:00" testType="13cdc9d9-ddb5-4fa4-a97d-d965ccfc6d4b" outcome="Passed" testListId="8c84fa94-04c1-424b-9868-57a2d4851a1d" relativeResultsDirectory="f8aa7960-9bef-4648-89e0-f909a2249241" />
    <UnitTestResult executionId="697d5a13-4b0c-4f23-bd4e-b8dfd55cf492" testId="42377457-d71a-81b6-c68e-bffab425e73c" testName="WireframeBlock_Edit_OpensSameModal" computerName="vmi3495495" duration="00:00:27.7011157" startTime="2026-09-24T08:48:34.6007276+02:00" endTime="2026-09-24T08:49:02.3031658+02:00" testType="13cdc9d9-ddb5-4fa4-a97d-d965ccfc6d4b" outcome="Failed" testListId="8c84fa94-04c1-424b-9868-57a2d4851a1d" relativeResultsDirectory="697d5a13-4b0c-4f23-bd4e-b8dfd55cf492">
      <Output>
        <ErrorInfo>
          <Message>Test method Tempo.Blazor.E2E.NotionTempoBlocksE2ETests.WireframeBlock_Edit_OpensSameModal threw exception: &#xD;
System.TimeoutException: Timeout 10000ms exceeded.
Call log:
  -   - waiting for Locator(".tm-notion-wireframe-edit-modal").First to be visible</Message>
          <StackTrace>   at Microsoft.Playwright.Transport.Connection.InnerSendMessageToServerAsync[T](ChannelOwner object, String method, Dictionary`2 dictionary, Boolean keepNulls) in /_/src/Playwright/Transport/Connection.cs:line 206
   at Microsoft.Playwright.Transport.Connection.WrapApiCallAsync[T](Func`1 action, Boolean isInternal) in /_/src/Playwright/Transport/Connection.cs:line 535
   at Tempo.Blazor.E2E.NotionTempoBlocksE2ETests.OpenWireframeModalAsync(IPage page, ILocator wireframeBlock) in /root/NetProjects/Tempo.Blazor/Tempo.Blazor/tests/Tempo.Blazor.E2E/NotionTempoBlocksE2ETests.cs:line 81
   at Tempo.Blazor.E2E.NotionTempoBlocksE2ETests.WireframeBlock_Edit_OpensSameModal() in /root/NetProjects/Tempo.Blazor/Tempo.Blazor/tests/Tempo.Blazor.E2E/NotionTempoBlocksE2ETests.cs:line 273
</StackTrace>
        </ErrorInfo>
      </Output>
    </UnitTestResult>
    <UnitTestResult executionId="18cb704a-81d7-4299-a196-61352952a136" testId="37e302c7-5c55-0d5b-a828-1ee7d8c8f6d6" testName="LargeDocument_TypingThroughFullEditor_StaysResponsive" computerName="vmi3495495" duration="00:00:51.9545278" startTime="2026-09-24T07:53:55.3614360+02:00" endTime="2026-09-24T07:54:47.3174137+02:00" testType="13cdc9d9-ddb5-4fa4-a97d-d965ccfc6d4b" outcome="Passed" testListId="8c84fa94-04c1-424b-9868-57a2d4851a1d" relativeResultsDirectory="18cb704a-81d7-4299-a196-61352952a136">
      <Output>
        <StdOut>TestContext Messages:
WALL (incl. Playwright CDP dispatch, context only): 3269 ms total, 297.2 ms/key; TypeAsync dispatch=3252 ms
ENGINE (the real gate): typing-latency p95=0.4 ms; last input-render=1.8 ms; renders during burst=11 (for 11 keys)
MEASURE CACHE (N1 persistence): size=207 hits=28953 measures=207 evictions=0
MODEL MARSHAL (N2): getModelJson during typing+settle=0 (sinceLoad=0)</StdOut>
      </Output>
    </UnitTestResult>
    <UnitTestResult executionId="bbf683c8-4955-4986-9440-6a7f55f341d6" testId="cf71b94e-24a3-9fe5-06f2-8ca1740fe1c8" testName="E11_3_Editor_OpensSeed_AddsBlock_SelectsIt" computerName="vmi3495495" duration="00:00:10.0902084" startTime="2026-09-24T08:07:24.8281156+02:00" endTime="2026-09-24T08:07:34.9191891+02:00" testType="13cdc9d9-ddb5-4fa4-a97d-d965ccfc6d4b" outcome="Passed" testListId="8c84fa94-04c1-424b-9868-57a2d4851a1d" relativeResultsDirectory="bbf683c8-4955-4986-9440-6a7f55f341d6" />
    <UnitTestResult executionId="6284fbc6-5e62-4cbd-b55b-3cf0f5e7cbd8" testId="25c2a251-bbbe-80aa-bf2e-2701f099a52a" testName="Database_RecordDetail_Close" computerName="vmi3495495" duration="00:00:25.7667527" startTime="2026-09-24T08:27:42.1794576+02:00" endTime="2026-09-24T08:28:07.9467425+02:00" testType="13cdc9d9-ddb5-4fa4-a97d-d965ccfc6d4b" outcome="Passed" testListId="8c84fa94-04c1-424b-9868-57a2d4851a1d" relativeResultsDirectory="6284fbc6-5e62-4cbd-b55b-3cf0f5e7cbd8">
      <ResultFiles>
        <ResultFile path="vmi3495495/db_record_detail_close_20260924_082807.png" />
      </ResultFiles>
    </UnitTestResult>
    <UnitTestResult executionId="9c014be0-2f4c-4260-b4b4-bf04e0ced34c" testId="5ea35c2a-b473-1ab9-8945-0e3066fc1532" testName="Database_SwitchView_Calendar_ShowsCalendar" computerName="vmi3495495" duration="00:00:24.6048591" startTime="2026-09-24T08:24:41.3404541+02:00" endTime="2026-09-24T08:25:05.9462200+02:00" testType="13cdc9d9-ddb5-4fa4-a97d-d965ccfc6d4b" outcome="Passed" testListId="8c84fa94-04c1-424b-9868-57a2d4851a1d" relativeResultsDirectory="9c014be0-2f4c-4260-b4b4-bf04e0ced34c">
      <ResultFiles>
        <ResultFile path="vmi3495495/db_calendar_view_20260924_082505.png" />
      </ResultFiles>
    </UnitTestResult>
    <UnitTestResult executionId="17646ae3-ba00-43a4-90b8-5a9396a41b54" testId="b3bca9a9-482e-1735-b874-fea17905ef35" testName="Heatmap_RendersMatrix_TooltipAndRowToggleEdge" computerName="vmi3495495" duration="00:00:11.4813112" startTime="2026-09-24T08:19:29.6291245+02:00" endTime="2026-09-24T08:19:41.1106088+02:00" testType="13cdc9d9-ddb5-4fa4-a97d-d965ccfc6d4b" outcome="Passed" testListId="8c84fa94-04c1-424b-9868-57a2d4851a1d" relativeResultsDirectory="17646ae3-ba00-43a4-90b8-5a9396a41b54" />
    <UnitTestResult executionId="a20cba3d-e83c-4ff7-822e-cba46d69bf68" testId="a6dd5be7-70b5-672f-6617-4fbfe9442c9a" testName="PdfTemplateDesigner_DragsPaletteFieldOntoSecondPage" computerName="vmi3495495" duration="00:00:13.4269689" startTime="2026-09-24T08:51:36.6020998+02:00" endTime="2026-09-24T08:51:50.0292950+02:00" testType="13cdc9d9-ddb5-4fa4-a97d-d965ccfc6d4b" outcome="Passed" testListId="8c84fa94-04c1-424b-9868-57a2d4851a1d" relativeResultsDirectory="a20cba3d-e83c-4ff7-822e-cba46d69bf68" />
    <UnitTestResult executionId="0e7371b0-43cd-477d-8c3f-c8cabce241e2" testId="602463b4-b57f-786d-850e-6d1d63b1a481" testName="DemoRoute_DarkModeRendersCleanly" computerName="vmi3495495" duration="00:00:09.1066857" startTime="2026-09-24T08:15:42.3938529+02:00" endTime="2026-09-24T08:15:51.5008953+02:00" testType="13cdc9d9-ddb5-4fa4-a97d-d965ccfc6d4b" outcome="Passed" testListId="8c84fa94-04c1-424b-9868-57a2d4851a1d" relativeResultsDirectory="0e7371b0-43cd-477d-8c3f-c8cabce241e2" />
    <UnitTestResult executionId="26628997-fafc-4a06-9182-25f6af6004aa" testId="2170f7d9-3481-32b8-cd8c-acbc57037379" testName="DiagramBlock_Modal_SaveButton_ClosesAndShowsPreview" computerName="vmi3495495" duration="00:00:34.2355107" startTime="2026-09-24T08:45:23.4954554+02:00" endTime="2026-09-24T08:45:57.7314395+02:00" testType="13cdc9d9-ddb5-4fa4-a97d-d965ccfc6d4b" outcome="Failed" testListId="8c84fa94-04c1-424b-9868-57a2d4851a1d" relativeResultsDirectory="26628997-fafc-4a06-9182-25f6af6004aa">
      <Output>
        <ErrorInfo>
          <Message>Test method Tempo.Blazor.E2E.NotionTempoBlocksE2ETests.DiagramBlock_Modal_SaveButton_ClosesAndShowsPreview threw exception: &#xD;
System.TimeoutException: Timeout 10000ms exceeded.
Call log:
  -   - waiting for Locator(".tm-notion-diagram-edit-modal").First to be visible</Message>
          <StackTrace>   at Microsoft.Playwright.Transport.Connection.InnerSendMessageToServerAsync[T](ChannelOwner object, String method, Dictionary`2 dictionary, Boolean keepNulls) in /_/src/Playwright/Transport/Connection.cs:line 206
   at Microsoft.Playwright.Transport.Connection.WrapApiCallAsync[T](Func`1 action, Boolean isInternal) in /_/src/Playwright/Transport/Connection.cs:line 535
   at Tempo.Blazor.E2E.NotionTempoBlocksE2ETests.OpenDiagramModalAsync(IPage page, ILocator diagramBlock) in /root/NetProjects/Tempo.Blazor/Tempo.Blazor/tests/Tempo.Blazor.E2E/NotionTempoBlocksE2ETests.cs:line 61
   at Tempo.Blazor.E2E.NotionTempoBlocksE2ETests.DiagramBlock_Modal_SaveButton_ClosesAndShowsPreview() in /root/NetProjects/Tempo.Blazor/Tempo.Blazor/tests/Tempo.Blazor.E2E/NotionTempoBlocksE2ETests.cs:line 145
</StackTrace>
        </ErrorInfo>
      </Output>
    </UnitTestResult>
    <UnitTestResult executionId="90a392fd-5a45-4f8b-bd5a-f99e67ee1508" testId="b10666f0-ddf1-6a38-6343-4475d6107617" testName="EB2_ListsAndTurnInto_CaptureBaselineScreenshots" computerName="vmi3495495" duration="00:01:19.5656365" startTime="2026-09-24T08:34:22.3379116+02:00" endTime="2026-09-24T08:35:41.9385926+02:00" testType="13cdc9d9-ddb5-4fa4-a97d-d965ccfc6d4b" outcome="Failed" testListId="8c84fa94-04c1-424b-9868-57a2d4851a1d" relativeResultsDirectory="90a392fd-5a45-4f8b-bd5a-f99e67ee1508">
      <Output>
        <ErrorInfo>
          <Message>Test method Tempo.Blazor.E2E.NotionListsToggleTodoBaselineE2ETests.EB2_ListsAndTurnInto_CaptureBaselineScreenshots threw exception: &#xD;
System.TimeoutException: Timeout 60000ms exceeded.
Call log:
  -   - waiting for Locator("[data-block-id='eb200000-0000-0000-0000-000000000010'] .tm-notion-toggle") to be visible
  -     - waiting for navigation to finish...
  -     - navigated to "https://localhost:7106/notion-editor"</Message>
          <StackTrace>   at Microsoft.Playwright.Transport.Connection.InnerSendMessageToServerAsync[T](ChannelOwner object, String method, Dictionary`2 dictionary, Boolean keepNulls) in /_/src/Playwright/Transport/Connection.cs:line 206
   at Microsoft.Playwright.Transport.Connection.WrapApiCallAsync[T](Func`1 action, Boolean isInternal)
   at Microsoft.Playwright.Core.Frame.WaitForSelectorAsync(String selector, FrameWaitForSelectorOptions options) in /_/src/Playwright/Core/Frame.cs:line 670
   at Tempo.Blazor.E2E.NotionE2ETestBase.SeedListTodoPageAsync() in /root/NetProjects/Tempo.Blazor/Tempo.Blazor/tests/Tempo.Blazor.E2E/NotionE2ETestBase.cs:line 116
   at Tempo.Blazor.E2E.NotionListsToggleTodoBaselineE2ETests.EB2_ListsAndTurnInto_CaptureBaselineScreenshots() in /root/NetProjects/Tempo.Blazor/Tempo.Blazor/tests/Tempo.Blazor.E2E/NotionListsToggleTodoBaselineE2ETests.cs:line 27
</StackTrace>
        </ErrorInfo>
      </Output>
    </UnitTestResult>
    <UnitTestResult executionId="3526abfa-d0c9-439c-8777-8d4b6b37b400" testId="26d296f3-44e4-a6d0-8286-6b9f103938e6" testName="ClientClusterClick_ZoomsToBounds_AndRaisesEvent" computerName="vmi3495495" duration="00:00:18.3858705" startTime="2026-09-24T08:13:35.7918428+02:00" endTime="2026-09-24T08:13:54.1781891+02:00" testType="13cdc9d9-ddb5-4fa4-a97d-d965ccfc6d4b" outcome="Passed" testListId="8c84fa94-04c1-424b-9868-57a2d4851a1d" relativeResultsDirectory="3526abfa-d0c9-439c-8777-8d4b6b37b400" />
    <UnitTestResult executionId="84165f3a-3a4c-4f1c-b3fb-3f190e627086" testId="ec96e697-a722-abcf-effc-ab0049663034" testName="SigningOverlays_RemainStableAcrossResizeAndZoom" computerName="vmi3495495" duration="00:00:10.0993142" startTime="2026-09-24T08:59:19.7058230+02:00" endTime="2026-09-24T08:59:29.8055877+02:00" testType="13cdc9d9-ddb5-4fa4-a97d-d965ccfc6d4b" outcome="Passed" testListId="8c84fa94-04c1-424b-9868-57a2d4851a1d" relativeResultsDirectory="84165f3a-3a4c-4f1c-b3fb-3f190e627086" />
    <UnitTestResult executionId="ca2c157a-e0ae-4b6b-8879-9cbb3c13dff0" testId="018e7f35-1ba9-0e21-1fff-aa96a4e5a675" testName="Waterfall_RendersCumulativeBars_Total_Connectors_AndClick" computerName="vmi3495495" duration="00:00:16.0628353" startTime="2026-09-24T07:52:01.7960563+02:00" endTime="2026-09-24T07:52:17.8652507+02:00" testType="13cdc9d9-ddb5-4fa4-a97d-d965ccfc6d4b" outcome="Passed" testListId="8c84fa94-04c1-424b-9868-57a2d4851a1d" relativeResultsDirectory="ca2c157a-e0ae-4b6b-8879-9cbb3c13dff0" />
    <UnitTestResult executionId="5c808d05-46a7-4910-9726-5af6e75ed53c" testId="8c4b5b5c-594d-9a27-e553-46ebc82ebc61" testName="PdfTemplateDesigner_MoveDoesNotStartSelectionBox" computerName="vmi3495495" duration="00:00:12.0535670" startTime="2026-09-24T08:53:28.6908085+02:00" endTime="2026-09-24T08:53:40.7446977+02:00" testType="13cdc9d9-ddb5-4fa4-a97d-d965ccfc6d4b" outcome="Passed" testListId="8c84fa94-04c1-424b-9868-57a2d4851a1d" relativeResultsDirectory="5c808d05-46a7-4910-9726-5af6e75ed53c" />
    <UnitTestResult executionId="43cb818a-fcfc-4648-ac21-331613ee10b1" testId="2e5c641c-4a6e-eb1a-4781-2dc1999847e4" testName="DiagramBlock_Modal_CancelButton_Closes" computerName="vmi3495495" duration="00:00:32.1906940" startTime="2026-09-24T08:44:51.3040259+02:00" endTime="2026-09-24T08:45:23.4950598+02:00" testType="13cdc9d9-ddb5-4fa4-a97d-d965ccfc6d4b" outcome="Failed" testListId="8c84fa94-04c1-424b-9868-57a2d4851a1d" relativeResultsDirectory="43cb818a-fcfc-4648-ac21-331613ee10b1">
      <Output>
        <ErrorInfo>
          <Message>Test method Tempo.Blazor.E2E.NotionTempoBlocksE2ETests.DiagramBlock_Modal_CancelButton_Closes threw exception: &#xD;
System.TimeoutException: Timeout 15000ms exceeded.
Call log:
  -   - waiting for Locator(".tm-notion-diagram-block").First to be visible</Message>
          <StackTrace>   at Microsoft.Playwright.Transport.Connection.InnerSendMessageToServerAsync[T](ChannelOwner object, String method, Dictionary`2 dictionary, Boolean keepNulls) in /_/src/Playwright/Transport/Connection.cs:line 206
   at Microsoft.Playwright.Transport.Connection.WrapApiCallAsync[T](Func`1 action, Boolean isInternal) in /_/src/Playwright/Transport/Connection.cs:line 535
   at Tempo.Blazor.E2E.NotionTempoBlocksE2ETests.ScrollToDiagramBlockAsync(IPage page) in /root/NetProjects/Tempo.Blazor/Tempo.Blazor/tests/Tempo.Blazor.E2E/NotionTempoBlocksE2ETests.cs:line 35
   at Tempo.Blazor.E2E.NotionTempoBlocksE2ETests.DiagramBlock_Modal_CancelButton_Closes() in /root/NetProjects/Tempo.Blazor/Tempo.Blazor/tests/Tempo.Blazor.E2E/NotionTempoBlocksE2ETests.cs:line 125
</StackTrace>
        </ErrorInfo>
      </Output>
    </UnitTestResult>
    <UnitTestResult executionId="1ca45378-f41c-4063-8240-2605f0812f88" testId="bf946852-5c3b-0789-a0f5-1973b6717cc3" testName="Capture_LightAndDark (&quot;/multi-view-list&quot;,&quot;multi-view-list&quot;)" computerName="vmi3495495" duration="00:00:00.0002202" startTime="2026-09-24T07:52:31.5020901+02:00" endTime="2026-09-24T07:52:31.5024669+02:00" testType="13cdc9d9-ddb5-4fa4-a97d-d965ccfc6d4b" outcome="NotExecuted" testListId="8c84fa94-04c1-424b-9868-57a2d4851a1d" relativeResultsDirectory="1ca45378-f41c-4063-8240-2605f0812f88">
      <Output>
        <ErrorInfo>
          <Message>Initialization method Tempo.Blazor.E2E.DebtTokenBaselineScreenshots.RequireBaselineWriteOptIn threw exception. Assert.Inconclusive failed. Baseline generation is off. This test REWRITES the PNG baselines under artifacts/baseline/, so it only runs when TM_WRITE_BASELINES is set to 1/true/yes..</Message>
          <StackTrace>   at Tempo.Blazor.E2E.BaselineGeneratorTestBase.RequireBaselineWriteOptIn() in /root/NetProjects/Tempo.Blazor/Tempo.Blazor/tests/Tempo.Blazor.E2E/BaselineGeneratorTestBase.cs:line 72
   at InvokeStub_BaselineGeneratorTestBase.RequireBaselineWriteOptIn(Object, Object, IntPtr*)
   at System.Reflection.RuntimeMethodInfo.Invoke(Object obj, BindingFlags invokeAttr, Binder binder, Object[] parameters, CultureInfo culture)
</StackTrace>
        </ErrorInfo>
      </Output>
    </UnitTestResult>
    <UnitTestResult executionId="3b78901b-151d-41c6-8512-5687577078a0" testId="f204bcb1-c163-4c88-5307-65fd1dc19794" testName="SigningFormRunner_MobilePanelDoesNotBlockFocus" computerName="vmi3495495" duration="00:00:10.0020497" startTime="2026-09-24T08:58:26.3016808+02:00" endTime="2026-09-24T08:58:36.3042785+02:00" testType="13cdc9d9-ddb5-4fa4-a97d-d965ccfc6d4b" outcome="Passed" testListId="8c84fa94-04c1-424b-9868-57a2d4851a1d" relativeResultsDirectory="3b78901b-151d-41c6-8512-5687577078a0" />
    <UnitTestResult executionId="b1a34322-fcf9-4c0d-8eaa-41127ccaa0ed" testId="c3901473-21dc-325e-df6f-30238aec9d44" testName="DocLib1_BrowseSearchAndViewToggle" computerName="vmi3495495" duration="00:00:11.4454547" startTime="2026-09-24T08:02:40.0832079+02:00" endTime="2026-09-24T08:02:51.5331139+02:00" testType="13cdc9d9-ddb5-4fa4-a97d-d965ccfc6d4b" outcome="Passed" testListId="8c84fa94-04c1-424b-9868-57a2d4851a1d" relativeResultsDirectory="b1a34322-fcf9-4c0d-8eaa-41127ccaa0ed" />
    <UnitTestResult executionId="209453e8-c444-40c8-bd12-cff7bfa1848a" testId="685d6eec-c7c3-bf15-eb42-021059c7026d" testName="ArchimateApplicationUsage_FiltersTreeAndCanvasScope" computerName="vmi3495495" duration="00:00:10.7457035" startTime="2026-09-24T08:19:06.7210349+02:00" endTime="2026-09-24T08:19:17.4675339+02:00" testType="13cdc9d9-ddb5-4fa4-a97d-d965ccfc6d4b" outcome="Passed" testListId="8c84fa94-04c1-424b-9868-57a2d4851a1d" relativeResultsDirectory="209453e8-c444-40c8-bd12-cff7bfa1848a" />
    <UnitTestResult executionId="cd4d64bd-4c2f-4561-ac0e-e6bd6a281db8" testId="d40b39be-507c-d6aa-e5b7-4e1bdd11997c" testName="Phase24_LegacyParityMatrix_CoversPhasesZeroThroughTwentyThreeWithoutFallback" computerName="vmi3495495" duration="00:00:00.0565068" startTime="2026-09-24T08:00:25.1078660+02:00" endTime="2026-09-24T08:00:25.1651808+02:00" testType="13cdc9d9-ddb5-4fa4-a97d-d965ccfc6d4b" outcome="Passed" testListId="8c84fa94-04c1-424b-9868-57a2d4851a1d" relativeResultsDirectory="cd4d64bd-4c2f-4561-ac0e-e6bd6a281db8" />
    <UnitTestResult executionId="5be4372a-a8a7-4556-97d7-7d83b0465528" testId="eab0104c-683c-5bf8-57fa-dec1a22d9de9" testName="Waterfall_NegativeDomain_AndDarkTokens_RenderEdgeState" computerName="vmi3495495" duration="00:00:13.5086602" startTime="2026-09-24T07:52:17.8715163+02:00" endTime="2026-09-24T07:52:31.3816972+02:00" testType="13cdc9d9-ddb5-4fa4-a97d-d965ccfc6d4b" outcome="Passed" testListId="8c84fa94-04c1-424b-9868-57a2d4851a1d" relativeResultsDirectory="5be4372a-a8a7-4556-97d7-7d83b0465528" />
    <UnitTestResult executionId="5adb0d05-d75f-4a99-ac3e-cfcbc12bf531" testId="33196ab3-439b-a490-1c0f-c18e1399a679" testName="DemoRoute_LoadsAndRunsHappyDayWorkflow" computerName="vmi3495495" duration="00:00:20.0816918" startTime="2026-09-24T08:15:22.3105604+02:00" endTime="2026-09-24T08:15:42.3932558+02:00" testType="13cdc9d9-ddb5-4fa4-a97d-d965ccfc6d4b" outcome="Passed" testListId="8c84fa94-04c1-424b-9868-57a2d4851a1d" relativeResultsDirectory="5adb0d05-d75f-4a99-ac3e-cfcbc12bf531" />
    <UnitTestResult executionId="0c00ebe1-9d9e-4cda-969b-efb17677f356" testId="6795344d-1285-25eb-ac15-2f30e4a401ee" testName="Database_SwitchView_BackToTable" computerName="vmi3495495" duration="00:00:24.5476235" startTime="2026-09-24T08:25:30.2847183+02:00" endTime="2026-09-24T08:25:54.8331026+02:00" testType="13cdc9d9-ddb5-4fa4-a97d-d965ccfc6d4b" outcome="Passed" testListId="8c84fa94-04c1-424b-9868-57a2d4851a1d" relativeResultsDirectory="0c00ebe1-9d9e-4cda-969b-efb17677f356">
      <ResultFiles>
        <ResultFile path="vmi3495495/db_back_to_table_20260924_082554.png" />
      </ResultFiles>
    </UnitTestResult>
    <UnitTestResult executionId="5cf990df-e471-4ef2-9a32-dc9fd51e8029" testId="ee67f992-1002-0d81-6c1f-861c0ed9505d" testName="EB2_Toggles_CaptureExpandedCollapsedAndEmptyScreenshots" computerName="vmi3495495" duration="00:00:39.4623224" startTime="2026-09-24T08:35:41.9441276+02:00" endTime="2026-09-24T08:36:21.4074036+02:00" testType="13cdc9d9-ddb5-4fa4-a97d-d965ccfc6d4b" outcome="Passed" testListId="8c84fa94-04c1-424b-9868-57a2d4851a1d" relativeResultsDirectory="5cf990df-e471-4ef2-9a32-dc9fd51e8029">
      <ResultFiles>
        <ResultFile path="vmi3495495/toggle-collapsed-with-children.png" />
        <ResultFile path="vmi3495495/toggle-collapsed-with-children.region.png" />
        <ResultFile path="vmi3495495/toggle-empty-open.png" />
        <ResultFile path="vmi3495495/toggle-empty-open.region.png" />
        <ResultFile path="vmi3495495/toggle-expanded-with-children.png" />
        <ResultFile path="vmi3495495/toggle-expanded-with-children.region.png" />
      </ResultFiles>
    </UnitTestResult>
    <UnitTestResult executionId="95c6c8a0-664c-4d14-8b59-b563c02c10a6" testId="436b510e-6bef-9255-ad7a-70a884b6978a" testName="E11_8_FullSendFlow_DeliversSubstitutedEmail" computerName="vmi3495495" duration="00:00:13.7303251" startTime="2026-09-24T08:08:34.5360939+02:00" endTime="2026-09-24T08:08:48.2668006+02:00" testType="13cdc9d9-ddb5-4fa4-a97d-d965ccfc6d4b" outcome="Passed" testListId="8c84fa94-04c1-424b-9868-57a2d4851a1d" relativeResultsDirectory="95c6c8a0-664c-4d14-8b59-b563c02c10a6" />
    <UnitTestResult executionId="e980ddea-e2af-40aa-8060-841f2277b0de" testId="512484bf-8951-478b-72b6-ed5a72972841" testName="SigningFormRunner_AccessibilityListJumpsToStep" computerName="vmi3495495" duration="00:00:09.8455796" startTime="2026-09-24T08:57:31.8160116+02:00" endTime="2026-09-24T08:57:41.6618026+02:00" testType="13cdc9d9-ddb5-4fa4-a97d-d965ccfc6d4b" outcome="Passed" testListId="8c84fa94-04c1-424b-9868-57a2d4851a1d" relativeResultsDirectory="e980ddea-e2af-40aa-8060-841f2277b0de" />
[...]
    <TestEntry testId="33196ab3-439b-a490-1c0f-c18e1399a679" executionId="5adb0d05-d75f-4a99-ac3e-cfcbc12bf531" testListId="8c84fa94-04c1-424b-9868-57a2d4851a1d" />
    <TestEntry testId="6795344d-1285-25eb-ac15-2f30e4a401ee" executionId="0c00ebe1-9d9e-4cda-969b-efb17677f356" testListId="8c84fa94-04c1-424b-9868-57a2d4851a1d" />
    <TestEntry testId="ee67f992-1002-0d81-6c1f-861c0ed9505d" executionId="5cf990df-e471-4ef2-9a32-dc9fd51e8029" testListId="8c84fa94-04c1-424b-9868-57a2d4851a1d" />
    <TestEntry testId="436b510e-6bef-9255-ad7a-70a884b6978a" executionId="95c6c8a0-664c-4d14-8b59-b563c02c10a6" testListId="8c84fa94-04c1-424b-9868-57a2d4851a1d" />
    <TestEntry testId="512484bf-8951-478b-72b6-ed5a72972841" executionId="e980ddea-e2af-40aa-8060-841f2277b0de" testListId="8c84fa94-04c1-424b-9868-57a2d4851a1d" />
    <TestEntry testId="27740ffa-9f98-618b-e442-c649fa76fd6b" executionId="f018e37c-68e6-4738-95af-c60a2ce8003a" testListId="8c84fa94-04c1-424b-9868-57a2d4851a1d" />
    <TestEntry testId="d3567af3-1b14-9c57-704c-53f18004ec12" executionId="5de00d0d-91fe-44b0-85da-66168cb56933" testListId="8c84fa94-04c1-424b-9868-57a2d4851a1d" />
    <TestEntry testId="f7494365-97a7-91fc-976c-2357e0710a78" executionId="e7aa9462-9189-49ea-87f2-5c6084d30612" testListId="8c84fa94-04c1-424b-9868-57a2d4851a1d" />
    <TestEntry testId="3c03525d-e357-ff8c-a319-2f5d7c002501" executionId="bbd46458-1d1a-4adc-8512-bb2f3ad7854c" testListId="8c84fa94-04c1-424b-9868-57a2d4851a1d" />
    <TestEntry testId="cfd4358e-fb31-3e49-b7f8-92a453a8776d" executionId="658307fc-cc5b-4175-9f3d-8b0343ff4653" testListId="8c84fa94-04c1-424b-9868-57a2d4851a1d" />
    <TestEntry testId="7c24b868-2b6a-63e1-f182-72c6531a15c0" executionId="213d461f-e69b-4055-b663-33047dadf559" testListId="8c84fa94-04c1-424b-9868-57a2d4851a1d" />
    <TestEntry testId="84e820d2-e59f-a0c0-2972-175ff060fb1d" executionId="248b538a-2424-44f5-9e20-e4f3bdc55ddf" testListId="8c84fa94-04c1-424b-9868-57a2d4851a1d" />
    <TestEntry testId="a948dca3-8e45-3c88-6fce-cd38d2382bb0" executionId="d0b83334-d1b0-49e5-a9d2-e02c7c6fa07c" testListId="8c84fa94-04c1-424b-9868-57a2d4851a1d" />
    <TestEntry testId="d96aa38a-0a6c-f291-9b0e-254fe432ab0e" executionId="2bcc5005-e043-4018-91a0-4b1fe4f6d65a" testListId="8c84fa94-04c1-424b-9868-57a2d4851a1d" />
    <TestEntry testId="0818db1b-5621-432e-a22f-6d17a942691d" executionId="8c8f402d-6fdf-4fea-b811-cd8dca0ce5dc" testListId="8c84fa94-04c1-424b-9868-57a2d4851a1d" />
    <TestEntry testId="3db3e4c8-cc10-8777-fe80-db013e0762c6" executionId="eed97aa5-5fd5-4e6f-914a-c38f575ea8c5" testListId="8c84fa94-04c1-424b-9868-57a2d4851a1d" />
    <TestEntry testId="76212195-a1c9-1137-8fe8-a586a0d1c31f" executionId="78dd7351-6aef-4b81-b621-e0f03678140b" testListId="8c84fa94-04c1-424b-9868-57a2d4851a1d" />
    <TestEntry testId="478727b4-ff5e-572c-4f3a-8a7a1b54ba9a" executionId="c9232697-a6c7-4e22-8fab-e3616d557777" testListId="8c84fa94-04c1-424b-9868-57a2d4851a1d" />
    <TestEntry testId="7b8abfd2-3132-13ea-c09c-91c0f80ddce9" executionId="d9cbf264-913e-47d7-a075-84da76ac4f83" testListId="8c84fa94-04c1-424b-9868-57a2d4851a1d" />
    <TestEntry testId="9785d0b7-855a-0b6c-7921-3e7314972747" executionId="15a40aaf-6351-4252-ab51-86afc3bc8da5" testListId="8c84fa94-04c1-424b-9868-57a2d4851a1d" />
    <TestEntry testId="626dbf44-6e0c-18eb-4ac7-e68cb6df22ed" executionId="36248ac6-f93a-439a-b308-e34270db97eb" testListId="8c84fa94-04c1-424b-9868-57a2d4851a1d" />
    <TestEntry testId="8d68abdf-3675-b150-bb85-fce37c8e6d29" executionId="4a1d52ae-3e3a-4afb-a407-44367bccea1e" testListId="8c84fa94-04c1-424b-9868-57a2d4851a1d" />
    <TestEntry testId="3d37d1e2-69af-140c-97c9-d2c5f3d893d5" executionId="6b10a8ab-e924-485e-a7db-b7da5c7ce2ae" testListId="8c84fa94-04c1-424b-9868-57a2d4851a1d" />
    <TestEntry testId="caa205c5-10b6-793b-ef7a-be12e1c8cbec" executionId="9ed3964e-4739-4275-980f-07f6ec199733" testListId="8c84fa94-04c1-424b-9868-57a2d4851a1d" />
    <TestEntry testId="58e72005-b87d-3eea-2e8b-04cca15faec0" executionId="859be5a4-cf27-47ee-80d8-b181b570e384" testListId="8c84fa94-04c1-424b-9868-57a2d4851a1d" />
    <TestEntry testId="3b4d6f4f-9ce8-5e93-5a1a-20d5b7f5f575" executionId="473c4374-8fb1-46bd-9337-c28c10ee81c2" testListId="8c84fa94-04c1-424b-9868-57a2d4851a1d" />
    <TestEntry testId="5cacb719-8611-f2df-60b5-ba193097d777" executionId="90d6605e-603d-4a6f-ab27-b2e791b22b4b" testListId="8c84fa94-04c1-424b-9868-57a2d4851a1d" />
    <TestEntry testId="6ca326e8-35cb-d8ce-2d4b-fa4c50e4b74a" executionId="177f5d08-6f66-4c7d-85e4-26b929534030" testListId="8c84fa94-04c1-424b-9868-57a2d4851a1d" />
    <TestEntry testId="4d7480a0-8236-74ec-8722-77c79dcd8aa9" executionId="d0065d74-eff1-4d48-93df-e803fed05bc3" testListId="8c84fa94-04c1-424b-9868-57a2d4851a1d" />
    <TestEntry testId="24013ec2-f019-2563-f495-ee96f5870385" executionId="8c872bc2-6f54-4616-bf1c-5c93627bda40" testListId="8c84fa94-04c1-424b-9868-57a2d4851a1d" />
    <TestEntry testId="b64f632f-4d78-d213-1a80-3ab7cf764ebd" executionId="9c144a40-d97a-4858-bcbe-13929ed460c4" testListId="8c84fa94-04c1-424b-9868-57a2d4851a1d" />
    <TestEntry testId="613e1533-a663-fd3d-d108-4ac95ca41c1e" executionId="cde450b3-d7aa-4dca-8822-b4984e3e948e" testListId="8c84fa94-04c1-424b-9868-57a2d4851a1d" />
    <TestEntry testId="08529c50-ecfd-7ab8-d8d7-bb23b6b2dc58" executionId="416e7afc-e652-45e4-a530-b6dc237dbcbf" testListId="8c84fa94-04c1-424b-9868-57a2d4851a1d" />
    <TestEntry testId="69bb622a-40bf-aa10-0c41-1cf1654c1880" executionId="9119fc26-75a6-4397-8175-31cee7a6814b" testListId="8c84fa94-04c1-424b-9868-57a2d4851a1d" />
    <TestEntry testId="6a020926-4e8f-cfa5-cbec-fbe411644587" executionId="913fd612-32fd-4700-9410-a44dcd728c4e" testListId="8c84fa94-04c1-424b-9868-57a2d4851a1d" />
    <TestEntry testId="9bfa428a-8fb9-9058-2042-21b713eb3568" executionId="68576fe5-b476-47ee-94da-3f88fe29635a" testListId="8c84fa94-04c1-424b-9868-57a2d4851a1d" />
    <TestEntry testId="055f8d5c-90d1-2d45-d58d-0214dcc48bdf" executionId="da3e0b8b-4ae9-4582-b84b-8d41e8f2ff1d" testListId="8c84fa94-04c1-424b-9868-57a2d4851a1d" />
    <TestEntry testId="7b22716b-f096-b3e1-dcf3-8fe71059b3a2" executionId="da28a397-08b8-4db9-a506-6cebf13c82c9" testListId="8c84fa94-04c1-424b-9868-57a2d4851a1d" />
    <TestEntry testId="1bdd301c-ba09-b9d6-1171-82160976ac9c" executionId="b795ef6e-5a85-4657-8be0-57762a82a60e" testListId="8c84fa94-04c1-424b-9868-57a2d4851a1d" />
    <TestEntry testId="6ec88951-7e76-5e14-6a36-f713c90ed6fe" executionId="298ddd10-4974-4aa8-bc6d-7f94c46a893d" testListId="8c84fa94-04c1-424b-9868-57a2d4851a1d" />
    <TestEntry testId="d5d3513f-6676-cee4-e0fb-6ae8ec1b7602" executionId="e0931e2b-06ac-4fd5-8f88-ea4819dfe388" testListId="8c84fa94-04c1-424b-9868-57a2d4851a1d" />
    <TestEntry testId="81aa4c82-0462-4bc1-9d99-4e21d06b49cd" executionId="52fdbfbc-946b-41b1-8b0d-567d1f0bde20" testListId="8c84fa94-04c1-424b-9868-57a2d4851a1d" />
    <TestEntry testId="6ef98f6a-4d64-963a-cdd2-b09b16571c51" executionId="38d5b596-ffde-4648-981d-16d74ac917c4" testListId="8c84fa94-04c1-424b-9868-57a2d4851a1d" />
    <TestEntry testId="43340a9a-5036-eb26-b241-350bbb07efc9" executionId="cc802d39-1086-42b4-9f32-8dff2f2e4608" testListId="8c84fa94-04c1-424b-9868-57a2d4851a1d" />
    <TestEntry testId="5c5b7123-eb9b-98cf-ee03-d56fecab1e0e" executionId="f82b6273-76f2-4571-83f2-1b053b001571" testListId="8c84fa94-04c1-424b-9868-57a2d4851a1d" />
    <TestEntry testId="628d87fd-b125-f867-dce5-0ff81d053b31" executionId="1f6c784c-03bd-42f5-a841-afb1295019f7" testListId="8c84fa94-04c1-424b-9868-57a2d4851a1d" />
    <TestEntry testId="db5eaf3f-6d49-c94a-078a-8a9c7a991a88" executionId="a17b7d39-db27-4ebf-9aae-1b2416996082" testListId="8c84fa94-04c1-424b-9868-57a2d4851a1d" />
    <TestEntry testId="390b89dc-b3b6-946e-1d69-77fe8c47fc48" executionId="a3de4d0a-72db-4d5e-95b8-18f8263d1c34" testListId="8c84fa94-04c1-424b-9868-57a2d4851a1d" />
    <TestEntry testId="8450f399-88af-6683-12f2-dff63dbdd53d" executionId="637409aa-fcd7-4232-bc7f-7ae0db150259" testListId="8c84fa94-04c1-424b-9868-57a2d4851a1d" />
    <TestEntry testId="89cb8150-043c-50d6-15ba-cdb2f382d26f" executionId="6de65d1c-fc2a-4fe3-92f7-c6b0723c5fe6" testListId="8c84fa94-04c1-424b-9868-57a2d4851a1d" />
    <TestEntry testId="5ef62be1-a04a-6fe1-fb91-5b67cbea1f9d" executionId="5f93c004-833b-4b15-be3e-49df8779cd3b" testListId="8c84fa94-04c1-424b-9868-57a2d4851a1d" />
    <TestEntry testId="3e5f3cb2-c675-09dd-7fd8-94262130a4d2" executionId="3f30b407-cee4-422c-a282-e3013bb5e9be" testListId="8c84fa94-04c1-424b-9868-57a2d4851a1d" />
    <TestEntry testId="3361f92c-abd8-00c8-435d-1aba1a9d6576" executionId="bcfb4294-e40c-483a-976d-ad91bf0707ef" testListId="8c84fa94-04c1-424b-9868-57a2d4851a1d" />
    <TestEntry testId="2adaed59-7839-ba9c-9e01-8107e4bac8e4" executionId="c0b1d959-11ee-470a-800f-5541142c08fe" testListId="8c84fa94-04c1-424b-9868-57a2d4851a1d" />
    <TestEntry testId="1814c6aa-36ee-552d-f16e-06f90335e659" executionId="862ac085-1266-4249-8c51-29e8d639b166" testListId="8c84fa94-04c1-424b-9868-57a2d4851a1d" />
    <TestEntry testId="87468e71-2050-8e73-9ad3-3c4b1a05c37b" executionId="15305c2d-cb82-4be6-8fab-65052ac84063" testListId="8c84fa94-04c1-424b-9868-57a2d4851a1d" />
    <TestEntry testId="a6cd17a6-8208-c516-d70a-da38876cd10b" executionId="5f6f4428-ee71-49e9-805e-df7de08f11a5" testListId="8c84fa94-04c1-424b-9868-57a2d4851a1d" />
    <TestEntry testId="02d1759e-ed3b-845e-7e2f-053a619fca11" executionId="d4f52280-436f-4c97-b428-cdd1ec07aec0" testListId="8c84fa94-04c1-424b-9868-57a2d4851a1d" />
    <TestEntry testId="589524e9-fd37-08ad-41bf-8130320944a2" executionId="58641e94-cf14-4611-bb6d-f9b037d67423" testListId="8c84fa94-04c1-424b-9868-57a2d4851a1d" />
    <TestEntry testId="83bf114e-3474-56f4-a78a-bec18b38f518" executionId="8996dda4-ecf8-469b-ab8f-5f07ac62daa7" testListId="8c84fa94-04c1-424b-9868-57a2d4851a1d" />
    <TestEntry testId="34a3df83-bcdf-71d4-1496-cefe70f064d0" executionId="8c68660e-f881-4847-be81-fc4f8efbee7e" testListId="8c84fa94-04c1-424b-9868-57a2d4851a1d" />
    <TestEntry testId="f3833d85-eb38-2fcc-1974-2ee872aaaf73" executionId="fbfff642-1238-424d-8fe8-fa0295424155" testListId="8c84fa94-04c1-424b-9868-57a2d4851a1d" />
    <TestEntry testId="b8c946c9-4506-5dff-bc3f-a07e6b7cb665" executionId="2c888817-78cf-4d01-ae22-0c9a4768832c" testListId="8c84fa94-04c1-424b-9868-57a2d4851a1d" />
    <TestEntry testId="f0af6ed2-c74c-3b29-e1ce-9678c20c9e3c" executionId="c8fa76be-5b4a-4203-9ea3-7815c4ea25d9" testListId="8c84fa94-04c1-424b-9868-57a2d4851a1d" />
    <TestEntry testId="c49bfddb-aefc-08c7-daf8-6e2c0e946410" executionId="ed47de64-69f7-4154-91cc-dbfa9e75f451" testListId="8c84fa94-04c1-424b-9868-57a2d4851a1d" />
    <TestEntry testId="23cdaf91-5867-a535-d520-56104f8f64aa" executionId="4b44b8a4-7d85-4dbd-b346-46e9a2fa068b" testListId="8c84fa94-04c1-424b-9868-57a2d4851a1d" />
    <TestEntry testId="e05eb4b8-6bfa-ed21-19a2-4acac2d6c829" executionId="c14b169f-aa23-41f9-9839-0e5aede43489" testListId="8c84fa94-04c1-424b-9868-57a2d4851a1d" />
    <TestEntry testId="ded0ea49-f1cd-a469-049e-b2e20987fa0d" executionId="de86e483-bdac-4cc4-b1e0-ec1e2c406ddd" testListId="8c84fa94-04c1-424b-9868-57a2d4851a1d" />
    <TestEntry testId="e9a2d171-89bd-b0cf-b716-c752dd7c0d39" executionId="f03aa903-83b1-4c1f-b63a-933cf0359249" testListId="8c84fa94-04c1-424b-9868-57a2d4851a1d" />
    <TestEntry testId="736be774-ba7c-add3-62b5-4d0bb52cc2d0" executionId="d92752d3-041d-4089-8036-884df5d1e695" testListId="8c84fa94-04c1-424b-9868-57a2d4851a1d" />
    <TestEntry testId="06556231-86b5-8683-d92c-e1c8589a13de" executionId="0476c077-0861-48cb-86a7-9547b16393e7" testListId="8c84fa94-04c1-424b-9868-57a2d4851a1d" />
    <TestEntry testId="a70b6646-3871-f613-1d74-bd44675056ed" executionId="a627551e-878b-494e-8ae3-82813342110a" testListId="8c84fa94-04c1-424b-9868-57a2d4851a1d" />
    <TestEntry testId="f248d9c0-c498-24f6-8f0b-58e9655ed0df" executionId="08cb7652-c82b-42e1-a611-64feb585ea72" testListId="8c84fa94-04c1-424b-9868-57a2d4851a1d" />
    <TestEntry testId="1f40a0a4-0666-1935-751b-a5d504eb239b" executionId="d3f8057c-ed12-4756-802e-729789405cdc" testListId="8c84fa94-04c1-424b-9868-57a2d4851a1d" />
    <TestEntry testId="6fe6a993-430d-4c88-5e0c-001f8551b78a" executionId="6677da88-5664-4df4-9a91-ea748c4fc0bb" testListId="8c84fa94-04c1-424b-9868-57a2d4851a1d" />
    <TestEntry testId="f43c78d6-f40f-a0df-c643-85ff555e99e4" executionId="12a2b37b-2df1-4777-afa8-d92ad1b8dca2" testListId="8c84fa94-04c1-424b-9868-57a2d4851a1d" />
    <TestEntry testId="1f0823e1-e819-63e6-69b8-b88cb6109e92" executionId="8a6f1048-0554-446b-b9f7-bc63e2fc19fb" testListId="8c84fa94-04c1-424b-9868-57a2d4851a1d" />
    <TestEntry testId="763a6c88-fb89-7529-4844-13c7542c86b7" executionId="9cc8eb5d-2b93-47fb-a885-fefefc12f7ff" testListId="8c84fa94-04c1-424b-9868-57a2d4851a1d" />
    <TestEntry testId="77aeb29a-3187-5a63-9ad8-4f793e9d68cf" executionId="40c8cbfd-b252-4ea6-aadd-a5cde4e64f0c" testListId="8c84fa94-04c1-424b-9868-57a2d4851a1d" />
    <TestEntry testId="8b3b76b9-fcc2-617c-f7f3-2633f40f0b3e" executionId="ee15f952-3bda-4a79-bafb-ebc53421bdcf" testListId="8c84fa94-04c1-424b-9868-57a2d4851a1d" />
    <TestEntry testId="bae14572-28ce-b435-e709-dc04f01b2835" executionId="09a9e84e-5e5a-4d4a-a8ae-d697f704135e" testListId="8c84fa94-04c1-424b-9868-57a2d4851a1d" />
    <TestEntry testId="d858cfea-0dad-6868-688c-78f3e81d99f1" executionId="6e079e37-0682-4d9f-a01e-9ba254a266b3" testListId="8c84fa94-04c1-424b-9868-57a2d4851a1d" />
    <TestEntry testId="a99ae701-861b-75a2-2aad-09f9f7625520" executionId="4d326cb9-98f4-40df-929e-5227accee64d" testListId="8c84fa94-04c1-424b-9868-57a2d4851a1d" />
    <TestEntry testId="199dd405-f301-9fff-313b-a82b2516ddcf" executionId="d20b2a94-0a01-4ae7-b3c7-b6e6f2807564" testListId="8c84fa94-04c1-424b-9868-57a2d4851a1d" />
    <TestEntry testId="d6f855e1-71e0-96ea-5359-fc9939de6dba" executionId="b6b6fd90-27a6-4721-b19c-bb1f2c3defab" testListId="8c84fa94-04c1-424b-9868-57a2d4851a1d" />
    <TestEntry testId="df1c1683-d426-03f6-5563-b187daa19c01" executionId="f26b976a-6328-48c7-978f-3e9e9ccc049f" testListId="8c84fa94-04c1-424b-9868-57a2d4851a1d" />
    <TestEntry testId="005669f3-6f1e-1383-ea21-98aeda878cbc" executionId="10e1cc95-894f-4473-8f42-a2b083fdc838" testListId="8c84fa94-04c1-424b-9868-57a2d4851a1d" />
    <TestEntry testId="3bb1ded4-ef67-0602-1e5d-d68a3ed912f9" executionId="14bc23f5-d43c-44c0-a7b5-57a0847fa353" testListId="8c84fa94-04c1-424b-9868-57a2d4851a1d" />
    <TestEntry testId="6c956b23-3f8f-7c7e-a2d1-f903cb5b841c" executionId="87bba130-9023-4542-9a09-cd306727fd6a" testListId="8c84fa94-04c1-424b-9868-57a2d4851a1d" />
    <TestEntry testId="01ea84e7-f81e-f4b8-d9bd-3343cb5f19a5" executionId="9baa96bd-bd4a-42ba-b65d-380973f56c5e" testListId="8c84fa94-04c1-424b-9868-57a2d4851a1d" />
    <TestEntry testId="7af7f9ba-d16e-222e-8524-8630799e8544" executionId="69296af0-b971-4fad-9a1a-c408dc033c6b" testListId="8c84fa94-04c1-424b-9868-57a2d4851a1d" />
    <TestEntry testId="0eeffe10-e876-bd2e-63b2-2264390121ea" executionId="4fcf8577-6f16-4605-a375-eb3e6e42f20e" testListId="8c84fa94-04c1-424b-9868-57a2d4851a1d" />
    <TestEntry testId="0ac44b79-51a4-d0d6-c64b-59902e22e8a3" executionId="d6d08ae5-9135-4697-806e-7795b47bd292" testListId="8c84fa94-04c1-424b-9868-57a2d4851a1d" />
    <TestEntry testId="58d427bc-b311-63bd-6fe9-2efeab16d2e0" executionId="81135de8-d9ba-4c52-bddd-5a109873da1d" testListId="8c84fa94-04c1-424b-9868-57a2d4851a1d" />
    <TestEntry testId="74314a38-71eb-4eef-3cb5-edb3c6fed436" executionId="e067229a-0523-4711-ac9c-e6814f42b1b3" testListId="8c84fa94-04c1-424b-9868-57a2d4851a1d" />
    <TestEntry testId="662334a5-0895-7c2b-af9d-9129edde23fe" executionId="7b3752d8-b1a2-4fd6-bbef-ad915dddea89" testListId="8c84fa94-04c1-424b-9868-57a2d4851a1d" />
    <TestEntry testId="cebdf5b0-8283-6736-4107-118a72633e0a" executionId="0499e3e6-efe9-458b-9a72-17b7e2115f97" testListId="8c84fa94-04c1-424b-9868-57a2d4851a1d" />
    <TestEntry testId="eb0041d0-4cba-8af3-ef44-e4b4352a74c8" executionId="dc784c59-8e41-4905-b86a-515adc8807a8" testListId="8c84fa94-04c1-424b-9868-57a2d4851a1d" />
    <TestEntry testId="83d19c91-9377-eb8a-306b-cbed135a9a5f" executionId="4fa17870-ba1d-4c8c-a05b-a55c87407895" testListId="8c84fa94-04c1-424b-9868-57a2d4851a1d" />
    <TestEntry testId="d4f230bd-217e-8d64-69bb-77d70841a6a7" executionId="cb514808-32e2-41bd-be94-c5ae17aa7998" testListId="8c84fa94-04c1-424b-9868-57a2d4851a1d" />
    <TestEntry testId="79a42d7e-14ea-2736-b0d6-741bf5c6fe65" executionId="1472056f-bcd6-423d-a588-01a32d225711" testListId="8c84fa94-04c1-424b-9868-57a2d4851a1d" />
    <TestEntry testId="a6849e48-830b-aa03-6c8f-5f21e9f2054c" executionId="50f5507e-9f3a-4128-9adf-3e62834b46b5" testListId="8c84fa94-04c1-424b-9868-57a2d4851a1d" />
    <TestEntry testId="3deb06c5-fcd7-4217-43e4-66a20f90a960" executionId="93cba3c7-ab1a-4519-afe4-b5253ae07a23" testListId="8c84fa94-04c1-424b-9868-57a2d4851a1d" />
    <TestEntry testId="9b84e032-0126-ddff-316a-6d0816202335" executionId="2df51b81-6ada-4ce5-bb03-1696ae06a201" testListId="8c84fa94-04c1-424b-9868-57a2d4851a1d" />
  </TestEntries>
  <TestLists>
    <TestList name="Results Not in a List" id="8c84fa94-04c1-424b-9868-57a2d4851a1d" />
    <TestList name="All Loaded Results" id="19431567-8539-422a-85d7-44ee4e166bda" />
  </TestLists>
  <ResultSummary outcome="Failed">
    <Counters total="196" executed="170" passed="145" failed="25" error="0" timeout="0" aborted="0" inconclusive="0" passedButRunAborted="0" notRunnable="0" notExecuted="0" disconnected="0" warning="0" completed="0" inProgress="0" pending="0" />
    <Output>
      <StdOut>Test 'Capture_LightAndDark ("/activity","activity")' was skipped in the test run.
Test 'Capture_LightAndDark ("/charts","charts")' was skipped in the test run.
Test 'Capture_LightAndDark ("/chat","chat")' was skipped in the test run.
Test 'Capture_LightAndDark ("/color-picker","color-picker")' was skipped in the test run.
Test 'Capture_LightAndDark ("/dashboard","dashboard")' was skipped in the test run.
Test 'Capture_LightAndDark ("/data-display","data-display")' was skipped in the test run.
Test 'Capture_LightAndDark ("/data-table","data-table")' was skipped in the test run.
Test 'Capture_LightAndDark ("/dock-manager","dock-manager")' was skipped in the test run.
Test 'Capture_LightAndDark ("/email-templates","email-templates")' was skipped in the test run.
Test 'Capture_LightAndDark ("/feedback","feedback")' was skipped in the test run.
Test 'Capture_LightAndDark ("/file-manager","file-manager")' was skipped in the test run.
Test 'Capture_LightAndDark ("/forms","forms")' was skipped in the test run.
Test 'Capture_LightAndDark ("/import-export","import-export")' was skipped in the test run.
Test 'Capture_LightAndDark ("/kanban","kanban")' was skipped in the test run.
Test 'Capture_LightAndDark ("/layout","layout")' was skipped in the test run.
Test 'Capture_LightAndDark ("/modal-dialog","modal-dialog")' was skipped in the test run.
Test 'Capture_LightAndDark ("/multi-view-list","multi-view-list")' was skipped in the test run.
Test 'Capture_LightAndDark ("/new-components","new-components")' was skipped in the test run.
Test 'Capture_LightAndDark ("/pickers","pickers")' was skipped in the test run.
Test 'Capture_LightAndDark ("/pivot-table","pivot-table")' was skipped in the test run.
Test 'Capture_LightAndDark ("/richtext","richtext")' was skipped in the test run.
Test 'Capture_LightAndDark ("/scheduler","scheduler")' was skipped in the test run.
Test 'Capture_LightAndDark ("/toolbar-forms","toolbar-forms")' was skipped in the test run.
Test 'Capture_LightAndDark ("/tree-list","tree-list")' was skipped in the test run.
Test 'ApiKey_Render_Audits_ThenRevoke_Yields401' was skipped in the test run.
Test 'ServerToWasm_Handoff_StaysAuthenticated_AndBearerSurvives' was skipped in the test run.
</StdOut>
    </Output>
  </ResultSummary>
</TestRun>