<?xml version="1.0" encoding="utf-8"?>
<TestRun id="7b47628b-313e-4e35-a240-af2501ec2ab3" name="@vmi3495495 2026-09-24 07:51:26" xmlns="http://microsoft.com/schemas/VisualStudio/TeamTest/2010">
  <Times creation="2026-09-24T07:51:26.4178669+02:00" queuing="2026-09-24T07:51:26.4178670+02:00" start="2026-09-24T07:51:21.6264613+02:00" finish="2026-09-24T10:45:48.5453429+02:00" />
  <TestSettings name="default" id="6dfaff40-918c-4bdb-8f9d-8b938afc2667">
    <Deployment runDeploymentRoot="_vmi3495495_2026-09-24_07_51_26" />
  </TestSettings>
  <Results>
    <UnitTestResult executionId="0bbcd8a5-e449-4950-bab4-e0169e38795b" testId="d95d5e5a-179a-8049-bdb6-dccc1ded18c8" testName="TimeAxis_Accessibility_NoCriticalOrSeriousViolations" computerName="vmi3495495" duration="00:00:10.5118236" startTime="2026-09-24T07:53:49.9842715+02:00" endTime="2026-09-24T07:54:00.4965176+02:00" testType="13cdc9d9-ddb5-4fa4-a97d-d965ccfc6d4b" outcome="Passed" testListId="8c84fa94-04c1-424b-9868-57a2d4851a1d" relativeResultsDirectory="0bbcd8a5-e449-4950-bab4-e0169e38795b" />
    <UnitTestResult executionId="7f58b84c-aed8-4739-aa50-f40327e632cf" testId="f9081b88-6bee-6d1e-e178-041b2e932a3d" testName="DocumentPageViewer_RendersPageImageAndOverlay" computerName="vmi3495495" duration="00:00:11.6128095" startTime="2026-09-24T10:09:05.5775585+02:00" endTime="2026-09-24T10:09:17.1914161+02:00" testType="13cdc9d9-ddb5-4fa4-a97d-d965ccfc6d4b" outcome="Passed" testListId="8c84fa94-04c1-424b-9868-57a2d4851a1d" relativeResultsDirectory="7f58b84c-aed8-4739-aa50-f40327e632cf">
      <ResultFiles>
        <ResultFile path="vmi3495495/signing_document_page_viewer_desktop_20260924_100915.png" />
        <ResultFile path="vmi3495495/signing_document_page_viewer_mobile_20260924_100917.png" />
      </ResultFiles>
    </UnitTestResult>
    <UnitTestResult executionId="09aee3a8-abd5-486e-a3dc-6beaa6db9bc9" testId="adca1af9-fe8c-0034-7842-dc3af2a43546" testName="Kanban_Reorder_WithinColumn_Persists_Order" computerName="vmi3495495" duration="00:00:16.7703578" startTime="2026-09-24T08:57:26.4314401+02:00" endTime="2026-09-24T08:57:43.2020150+02:00" testType="13cdc9d9-ddb5-4fa4-a97d-d965ccfc6d4b" outcome="Passed" testListId="8c84fa94-04c1-424b-9868-57a2d4851a1d" relativeResultsDirectory="09aee3a8-abd5-486e-a3dc-6beaa6db9bc9">
      <ResultFiles>
        <ResultFile path="vmi3495495/kanban_p1_reorder_after_20260924_085743.png" />
        <ResultFile path="vmi3495495/kanban_p1_reorder_before_20260924_085740.png" />
      </ResultFiles>
    </UnitTestResult>
    <UnitTestResult executionId="39c53980-fa57-46b0-96f8-36ee9718f255" testId="e8afd0ad-3231-2031-6609-30e5eb1bd6f4" testName="CanvasJsEngine_FormulaArrowLeftRightMoveCaretWithoutChangingActiveCell" computerName="vmi3495495" duration="00:00:17.7790220" startTime="2026-09-24T10:17:45.1186667+02:00" endTime="2026-09-24T10:18:02.8983323+02:00" testType="13cdc9d9-ddb5-4fa4-a97d-d965ccfc6d4b" outcome="Passed" testListId="8c84fa94-04c1-424b-9868-57a2d4851a1d" relativeResultsDirectory="39c53980-fa57-46b0-96f8-36ee9718f255" />
    <UnitTestResult executionId="b1665a81-a94d-4e00-881f-921904045594" testId="9d589540-611c-c171-4949-c7408c609d60" testName="Render_WithParameter_RecordsRunInHistory" computerName="vmi3495495" duration="00:00:00.0002429" startTime="2026-09-24T10:08:53.1087807+02:00" endTime="2026-09-24T10:08:53.1091051+02:00" testType="13cdc9d9-ddb5-4fa4-a97d-d965ccfc6d4b" outcome="NotExecuted" testListId="8c84fa94-04c1-424b-9868-57a2d4851a1d" relativeResultsDirectory="b1665a81-a94d-4e00-881f-921904045594">
      <Output>
        <ErrorInfo>
          <Message>Initialization method Tempo.Blazor.E2E.ReportServerCatalogServerE2ETests.ReportServerTestInitialize threw exception. Assert.Inconclusive failed. Report Server E2E lane is disabled. Set TM_RS_E2E=1 to run it (dotnet test --filter TestCategory=ReportServerE2E)..</Message>
          <StackTrace>   at Tempo.Blazor.E2E.ReportServerE2ETestBase.ReportServerTestInitialize() in /root/NetProjects/Tempo.Blazor/Tempo.Blazor/tests/Tempo.Blazor.E2E/ReportServerE2ETestBase.cs:line 87
</StackTrace>
        </ErrorInfo>
      </Output>
    </UnitTestResult>
    <UnitTestResult executionId="592233b4-7b03-4cca-9f8d-d250b1079ef1" testId="63e133d0-8170-2413-b6ec-481359dd1a4f" testName="PhaseE7_CanvasShapesTextBoxesLinesAndChartsRenderInsertAndPersist" computerName="vmi3495495" duration="00:00:33.9405300" startTime="2026-09-24T08:36:03.3578744+02:00" endTime="2026-09-24T08:36:37.3162240+02:00" testType="13cdc9d9-ddb5-4fa4-a97d-d965ccfc6d4b" outcome="Passed" testListId="8c84fa94-04c1-424b-9868-57a2d4851a1d" relativeResultsDirectory="592233b4-7b03-4cca-9f8d-d250b1079ef1">
      <ResultFiles>
        <ResultFile path="vmi3495495/00-phasee7-drawings-before.png" />
        <ResultFile path="vmi3495495/01-phasee7-drawings-after-reload.png" />
        <ResultFile path="vmi3495495/02-phasee7-textbox-selection-handles.png" />
        <ResultFile path="vmi3495495/03-phasee7-chart-data-updated.png" />
        <ResultFile path="vmi3495495/manifest.json" />
      </ResultFiles>
    </UnitTestResult>
    <UnitTestResult executionId="af325a25-bfa1-4431-990f-1c359054b013" testId="3dfed085-a922-3ee9-ab77-d761de5232e7" testName="Phase5_CubicBezier_ToggleChangesPathShape" computerName="vmi3495495" duration="00:00:25.8494437" startTime="2026-09-24T08:04:10.4690853+02:00" endTime="2026-09-24T08:04:36.3188525+02:00" testType="13cdc9d9-ddb5-4fa4-a97d-d965ccfc6d4b" outcome="Passed" testListId="8c84fa94-04c1-424b-9868-57a2d4851a1d" relativeResultsDirectory="af325a25-bfa1-4431-990f-1c359054b013">
      <ResultFiles>
        <ResultFile path="vmi3495495/phase5_cubic_bezier_20260924_080436.png" />
      </ResultFiles>
    </UnitTestResult>
    <UnitTestResult executionId="913e3eab-6d86-46fa-8ff7-a203a30cee65" testId="6eccd421-75bc-3b75-35df-e33f400a642e" testName="MediaLibrary_LibraryTab_ShowsItems" computerName="vmi3495495" duration="00:00:24.9144110" startTime="2026-09-24T09:43:02.3146725+02:00" endTime="2026-09-24T09:43:27.2296542+02:00" testType="13cdc9d9-ddb5-4fa4-a97d-d965ccfc6d4b" outcome="Passed" testListId="8c84fa94-04c1-424b-9868-57a2d4851a1d" relativeResultsDirectory="913e3eab-6d86-46fa-8ff7-a203a30cee65">
      <ResultFiles>
        <ResultFile path="vmi3495495/media_library_items_20260924_094327.png" />
      </ResultFiles>
    </UnitTestResult>
    <UnitTestResult executionId="1fcaa6ba-97ae-45e2-8d00-e4e47d3e3096" testId="3e934d03-ccb5-297a-a89e-31f12292aea9" testName="Phase6_ContextMenu_FlipActionWorks" computerName="vmi3495495" duration="00:00:24.5175602" startTime="2026-09-24T08:07:31.2574900+02:00" endTime="2026-09-24T08:07:55.7759949+02:00" testType="13cdc9d9-ddb5-4fa4-a97d-d965ccfc6d4b" outcome="Passed" testListId="8c84fa94-04c1-424b-9868-57a2d4851a1d" relativeResultsDirectory="1fcaa6ba-97ae-45e2-8d00-e4e47d3e3096">
      <ResultFiles>
        <ResultFile path="vmi3495495/phase6_context_menu_flip_20260924_080755.png" />
      </ResultFiles>
    </UnitTestResult>
    <UnitTestResult executionId="c1d502fa-afc6-4aa4-8131-23f2e3abbe51" testId="a8c8e6c5-1db7-9976-ef21-3e03c20dd8a4" testName="Phase3_DanglingReconnect_ToNodeOutline" computerName="vmi3495495" duration="00:00:30.2438614" startTime="2026-09-24T08:01:37.6045024+02:00" endTime="2026-09-24T08:02:07.8489952+02:00" testType="13cdc9d9-ddb5-4fa4-a97d-d965ccfc6d4b" outcome="Passed" testListId="8c84fa94-04c1-424b-9868-57a2d4851a1d" relativeResultsDirectory="c1d502fa-afc6-4aa4-8131-23f2e3abbe51">
      <ResultFiles>
        <ResultFile path="vmi3495495/phase3_outline_connect_20260924_080207.png" />
      </ResultFiles>
    </UnitTestResult>
    <UnitTestResult executionId="973b7f9a-6a53-4b9e-82fb-9efc6be94c55" testId="fff123c9-317c-1ca4-bd46-cf7c78987810" testName="SigningFieldEditor_FieldTypePreview_IsStableForEveryType (&quot;DateNow&quot;,&quot;calendar&quot;,False)" computerName="vmi3495495" duration="00:00:07.6021888" startTime="2026-09-24T10:10:09.2506558+02:00" endTime="2026-09-24T10:10:16.8540821+02:00" testType="13cdc9d9-ddb5-4fa4-a97d-d965ccfc6d4b" outcome="Passed" testListId="8c84fa94-04c1-424b-9868-57a2d4851a1d" relativeResultsDirectory="973b7f9a-6a53-4b9e-82fb-9efc6be94c55" />
    <UnitTestResult executionId="33b84c5a-9627-499e-b984-8f44fd7cd06c" testId="de115bfc-ba6a-fcae-391d-19c1347438ec" testName="DagreLrLayout_SpreadsNodesAndIsFinite" computerName="vmi3495495" duration="00:00:18.3951419" startTime="2026-09-24T08:10:43.4583981+02:00" endTime="2026-09-24T08:11:01.8541195+02:00" testType="13cdc9d9-ddb5-4fa4-a97d-d965ccfc6d4b" outcome="Passed" testListId="8c84fa94-04c1-424b-9868-57a2d4851a1d" relativeResultsDirectory="33b84c5a-9627-499e-b984-8f44fd7cd06c">
      <Output>
        <StdOut>TestContext Messages:
Nodes after layout: class1=(20.0,20.0), class2=(280.0,20.0)</StdOut>
      </Output>
    </UnitTestResult>
    <UnitTestResult executionId="b453ec38-6a0e-4500-b528-543e3cc45085" testId="7338246b-0d19-de0d-235d-627e1dff1136" testName="CanvasJsEngine_InlineFormulaEditorAdvancedWordNavigationShortcutsKeepActiveCell" computerName="vmi3495495" duration="00:00:17.1738219" startTime="2026-09-24T10:28:10.0081341+02:00" endTime="2026-09-24T10:28:27.1824109+02:00" testType="13cdc9d9-ddb5-4fa4-a97d-d965ccfc6d4b" outcome="Passed" testListId="8c84fa94-04c1-424b-9868-57a2d4851a1d" relativeResultsDirectory="b453ec38-6a0e-4500-b528-543e3cc45085" />
    <UnitTestResult executionId="80dc3182-629c-4b53-bc5e-a718690d5de7" testId="77c8fde6-21c4-740e-3eb0-b091041fffc5" testName="Gantt_TimelinePan_DragsHorizontally" computerName="vmi3495495" startTime="2026-09-24T10:40:02.5420050+02:00" endTime="2026-09-24T10:40:02.5576979+02:00" testType="13cdc9d9-ddb5-4fa4-a97d-d965ccfc6d4b" outcome="NotExecuted" testListId="8c84fa94-04c1-424b-9868-57a2d4851a1d" relativeResultsDirectory="80dc3182-629c-4b53-bc5e-a718690d5de7">
      <Output>
        <ErrorInfo>
          <Message>Playwright synthetic mouse events do not reliably trigger Blazor @onmousemove in WASM/Server hybrid. Panning is fully covered by bUnit tests in TmGanttPanTests.cs.</Message>
        </ErrorInfo>
      </Output>
    </UnitTestResult>
    <UnitTestResult executionId="b6d5515c-e2a0-4e8d-b555-471780bb8725" testId="0c213d3d-9b4b-93bd-cb8a-fd30acc4cbf1" testName="Phase12_HistoryManualSaveReloadAndCategorySmoke_PersistsCanvasModel" computerName="vmi3495495" duration="00:00:38.3587842" startTime="2026-09-24T08:23:58.4241297+02:00" endTime="2026-09-24T08:24:36.7900128+02:00" testType="13cdc9d9-ddb5-4fa4-a97d-d965ccfc6d4b" outcome="Passed" testListId="8c84fa94-04c1-424b-9868-57a2d4851a1d" relativeResultsDirectory="b6d5515c-e2a0-4e8d-b555-471780bb8725">
      <ResultFiles>
        <ResultFile path="vmi3495495/00-phase12-before.png" />
        <ResultFile path="vmi3495495/01-phase12-after-reload.png" />
        <ResultFile path="vmi3495495/manifest.json" />
      </ResultFiles>
    </UnitTestResult>
    <UnitTestResult executionId="ba0147ba-90de-4e0b-8ebf-a6e639b54405" testId="8b6d12b3-0a60-718c-8525-15f06b064754" testName="Phase23_UxPolish_CapturesLoadingAndErrorStateScreenshots" computerName="vmi3495495" duration="00:00:40.3837945" startTime="2026-09-24T08:42:40.6582015+02:00" endTime="2026-09-24T08:43:21.0430292+02:00" testType="13cdc9d9-ddb5-4fa4-a97d-d965ccfc6d4b" outcome="Passed" testListId="8c84fa94-04c1-424b-9868-57a2d4851a1d" relativeResultsDirectory="ba0147ba-90de-4e0b-8ebf-a6e639b54405">
      <ResultFiles>
        <ResultFile path="vmi3495495/load-error-state.png" />
        <ResultFile path="vmi3495495/loading-state.png" />
        <ResultFile path="vmi3495495/manifest.json" />
      </ResultFiles>
    </UnitTestResult>
    <UnitTestResult executionId="ac04fb2c-5710-4cb8-aef3-fa7b38c0b768" testId="198a3ae2-4c75-9dc8-fbf5-0999ecbe219e" testName="Phase4_HistoricalUnsafeTableCell_IsSafeAndReadable" computerName="vmi3495495" duration="00:00:20.2895369" startTime="2026-09-24T09:58:17.8001210+02:00" endTime="2026-09-24T09:58:38.0903430+02:00" testType="13cdc9d9-ddb5-4fa4-a97d-d965ccfc6d4b" outcome="Passed" testListId="8c84fa94-04c1-424b-9868-57a2d4851a1d" relativeResultsDirectory="ac04fb2c-5710-4cb8-aef3-fa7b38c0b768">
      <ResultFiles>
        <ResultFile path="vmi3495495/phase4-historical-cell-sanitized.png" />
        <ResultFile path="vmi3495495/phase4-historical-cell-sanitized.region.png" />
      </ResultFiles>
    </UnitTestResult>
    <UnitTestResult executionId="658dff47-40a7-4426-9260-24236be7233d" testId="4fa26ea0-f191-2342-0fe6-9fcd4ec03703" testName="B4_CanvasSuggestionMode_EditBecomesReviewableSuggestion" computerName="vmi3495495" duration="00:00:29.0873615" startTime="2026-09-24T08:38:18.5892464+02:00" endTime="2026-09-24T08:38:47.6926946+02:00" testType="13cdc9d9-ddb5-4fa4-a97d-d965ccfc6d4b" outcome="Passed" testListId="8c84fa94-04c1-424b-9868-57a2d4851a1d" relativeResultsDirectory="658dff47-40a7-4426-9260-24236be7233d" />
    <UnitTestResult executionId="cb011fd3-ab46-409e-b316-c1aface60cfb" testId="375ad7cc-5283-50c2-565a-8a2c880b648a" testName="CanvasRenderer_SelectionOnlyRedrawDoesNotMissContentSnapshots" computerName="vmi3495495" duration="00:00:18.3842207" startTime="2026-09-24T10:32:21.0951836+02:00" endTime="2026-09-24T10:32:39.4796366+02:00" testType="13cdc9d9-ddb5-4fa4-a97d-d965ccfc6d4b" outcome="Passed" testListId="8c84fa94-04c1-424b-9868-57a2d4851a1d" relativeResultsDirectory="cb011fd3-ab46-409e-b316-c1aface60cfb" />
    <UnitTestResult executionId="8d77222e-4c34-4742-8a57-305cb05bc640" testId="f241d21f-6f21-3c87-f54d-3ef68ec52eed" testName="TmDataTable_RowAttributes_RenderForFlatVirtualizedAndGroupedRows" computerName="vmi3495495" duration="00:00:07.7563243" startTime="2026-09-24T10:35:49.2190145+02:00" endTime="2026-09-24T10:35:56.9762329+02:00" testType="13cdc9d9-ddb5-4fa4-a97d-d965ccfc6d4b" outcome="Passed" testListId="8c84fa94-04c1-424b-9868-57a2d4851a1d" relativeResultsDirectory="8d77222e-4c34-4742-8a57-305cb05bc640" />
    <UnitTestResult executionId="3aa8baa5-e320-4c15-9a5e-e2a26361c244" testId="09a532e4-fea9-0d59-2ff7-c450d27fb2e9" testName="Phase2_SegmentDrag_MovesOrthogonalSegment" computerName="vmi3495495" duration="00:00:25.0801992" startTime="2026-09-24T08:00:25.5733056+02:00" endTime="2026-09-24T08:00:50.6543229+02:00" testType="13cdc9d9-ddb5-4fa4-a97d-d965ccfc6d4b" outcome="Passed" testListId="8c84fa94-04c1-424b-9868-57a2d4851a1d" relativeResultsDirectory="3aa8baa5-e320-4c15-9a5e-e2a26361c244">
      <ResultFiles>
        <ResultFile path="vmi3495495/phase2_segment_drag_20260924_080050.png" />
      </ResultFiles>
    </UnitTestResult>
    <UnitTestResult executionId="5c15aa44-c684-4e3b-8464-35dd34ef3be1" testId="e35ce4b4-2c4a-4b68-e1d0-d04d9c7c47c0" testName="Phase5_WholeNumberValidation_ValidValueIsCommitted" computerName="vmi3495495" duration="00:00:23.9693698" startTime="2026-09-24T10:34:52.8830180+02:00" endTime="2026-09-24T10:35:16.8529308+02:00" testType="13cdc9d9-ddb5-4fa4-a97d-d965ccfc6d4b" outcome="Passed" testListId="8c84fa94-04c1-424b-9868-57a2d4851a1d" relativeResultsDirectory="5c15aa44-c684-4e3b-8464-35dd34ef3be1" />
    <UnitTestResult executionId="4056825d-d4a8-4c5a-b105-a86ebd4a43ee" testId="97f786f0-d3bf-2897-b322-3f8bdf30b014" testName="CanvasJsEngine_FormulaBarClickReplacesReferenceAtCaretWithoutChangingActiveCell" computerName="vmi3495495" duration="00:00:18.1846832" startTime="2026-09-24T10:19:31.5307684+02:00" endTime="2026-09-24T10:19:49.7157589+02:00" testType="13cdc9d9-ddb5-4fa4-a97d-d965ccfc6d4b" outcome="Passed" testListId="8c84fa94-04c1-424b-9868-57a2d4851a1d" relativeResultsDirectory="4056825d-d4a8-4c5a-b105-a86ebd4a43ee" />
    <UnitTestResult executionId="7b124239-ba69-4b92-bad3-2864212fbe7d" testId="b70e3956-0373-8bdf-6c41-0fd1676c1cbf" testName="Phase5_ListValidation_InvalidValueStopRejected" computerName="vmi3495495" duration="00:00:21.7536017" startTime="2026-09-24T10:34:31.1283075+02:00" endTime="2026-09-24T10:34:52.8825126+02:00" testType="13cdc9d9-ddb5-4fa4-a97d-d965ccfc6d4b" outcome="Passed" testListId="8c84fa94-04c1-424b-9868-57a2d4851a1d" relativeResultsDirectory="7b124239-ba69-4b92-bad3-2864212fbe7d" />
    <UnitTestResult executionId="3fbe2487-d72e-4041-881b-077b4e4f256f" testId="2875e76b-5366-876f-eb16-df521dc7f495" testName="EB18_ReadOnly_AllSeededBlockSurfaces_DoNotExposeEditControls" computerName="vmi3495495" duration="00:01:19.2646207" startTime="2026-09-24T09:50:36.0603971+02:00" endTime="2026-09-24T09:51:55.3254167+02:00" testType="13cdc9d9-ddb5-4fa4-a97d-d965ccfc6d4b" outcome="Passed" testListId="8c84fa94-04c1-424b-9868-57a2d4851a1d" relativeResultsDirectory="3fbe2487-d72e-4041-881b-077b4e4f256f" />
    <UnitTestResult executionId="36f29cbc-3a07-458b-ab1a-efcae42a60e5" testId="da83de56-5ef1-aca5-5f39-95d7181586bf" testName="ImageBlock_Resize_HandleVisible" computerName="vmi3495495" duration="00:00:16.3742848" startTime="2026-09-24T09:40:06.0613162+02:00" endTime="2026-09-24T09:40:22.4358842+02:00" testType="13cdc9d9-ddb5-4fa4-a97d-d965ccfc6d4b" outcome="Passed" testListId="8c84fa94-04c1-424b-9868-57a2d4851a1d" relativeResultsDirectory="36f29cbc-3a07-458b-ab1a-efcae42a60e5">
      <ResultFiles>
        <ResultFile path="vmi3495495/image_block_resize_handle_20260924_094022.png" />
      </ResultFiles>
    </UnitTestResult>
    <UnitTestResult executionId="4c36f368-cec6-441e-b7ee-deeb7f5b55c0" testId="6b62e8c6-640c-7648-90d1-aa5a7c5b72ad" testName="Phase1_ManualRouting_ToggleViaPropertiesPanel" computerName="vmi3495495" duration="00:00:21.8975822" startTime="2026-09-24T07:56:28.2519872+02:00" endTime="2026-09-24T07:56:50.1507596+02:00" testType="13cdc9d9-ddb5-4fa4-a97d-d965ccfc6d4b" outcome="Passed" testListId="8c84fa94-04c1-424b-9868-57a2d4851a1d" relativeResultsDirectory="4c36f368-cec6-441e-b7ee-deeb7f5b55c0">
      <ResultFiles>
        <ResultFile path="vmi3495495/phase1_manual_routing_20260924_075650.png" />
      </ResultFiles>
    </UnitTestResult>
    <UnitTestResult executionId="f43d45cf-1de9-4595-b968-92d8a9cdf18a" testId="9181922f-c5e3-e4e5-7e97-5383ab45f28d" testName="TreeFilterLatency_UpdatesDomUnderBudget" computerName="vmi3495495" duration="00:00:18.0540212" startTime="2026-09-24T09:05:06.3100775+02:00" endTime="2026-09-24T09:05:24.3645901+02:00" testType="13cdc9d9-ddb5-4fa4-a97d-d965ccfc6d4b" outcome="Passed" testListId="8c84fa94-04c1-424b-9868-57a2d4851a1d" relativeResultsDirectory="f43d45cf-1de9-4595-b968-92d8a9cdf18a" />
    <UnitTestResult executionId="6e3de922-eb73-4b89-9ea1-33d22e88368c" testId="afc094a7-c778-2f98-ac6d-d0f64cc4c512" testName="Phase1_ResetRouting_ButtonRestoresAutoRouting" computerName="vmi3495495" duration="00:00:24.2001681" startTime="2026-09-24T07:56:50.1650933+02:00" endTime="2026-09-24T07:57:14.3658674+02:00" testType="13cdc9d9-ddb5-4fa4-a97d-d965ccfc6d4b" outcome="Passed" testListId="8c84fa94-04c1-424b-9868-57a2d4851a1d" relativeResultsDirectory="6e3de922-eb73-4b89-9ea1-33d22e88368c">
      <ResultFiles>
        <ResultFile path="vmi3495495/phase1_reset_routing_20260924_075714.png" />
      </ResultFiles>
    </UnitTestResult>
    <UnitTestResult executionId="b97b45f9-8444-4e4e-b9bb-20ba73f6fba0" testId="4c98b57c-778a-b3fb-c480-6bc9f5bf02e2" testName="Pickers_ClickingLabel_FocusesTrigger" computerName="vmi3495495" duration="00:00:06.4539897" startTime="2026-09-24T10:45:10.1058947+02:00" endTime="2026-09-24T10:45:16.5602981+02:00" testType="13cdc9d9-ddb5-4fa4-a97d-d965ccfc6d4b" outcome="Passed" testListId="8c84fa94-04c1-424b-9868-57a2d4851a1d" relativeResultsDirectory="b97b45f9-8444-4e4e-b9bb-20ba73f6fba0" />
    <UnitTestResult executionId="cd197448-272d-4149-a7c8-bca5d4451417" testId="d7f58f58-e58b-f00f-15de-616b78fb6b6c" testName="RecurrenceEditor_RendersAndChangesPattern" computerName="vmi3495495" duration="00:00:11.3019945" startTime="2026-09-24T10:40:29.8710081+02:00" endTime="2026-09-24T10:40:41.1734197+02:00" testType="13cdc9d9-ddb5-4fa4-a97d-d965ccfc6d4b" outcome="Passed" testListId="8c84fa94-04c1-424b-9868-57a2d4851a1d" relativeResultsDirectory="cd197448-272d-4149-a7c8-bca5d4451417">
      <ResultFiles>
        <ResultFile path="vmi3495495/recurrence_change_pattern_20260924_104041.png" />
      </ResultFiles>
    </UnitTestResult>
    <UnitTestResult executionId="472636dd-5bb7-4613-ba85-12f6d0380bb2" testId="84c9d7ef-b50e-e2ad-3af0-3b18e73aa583" testName="ImageBlock_Caption_Editable" computerName="vmi3495495" duration="00:00:15.9067256" startTime="2026-09-24T09:39:50.1536966+02:00" endTime="2026-09-24T09:40:06.0607122+02:00" testType="13cdc9d9-ddb5-4fa4-a97d-d965ccfc6d4b" outcome="Passed" testListId="8c84fa94-04c1-424b-9868-57a2d4851a1d" relativeResultsDirectory="472636dd-5bb7-4613-ba85-12f6d0380bb2">
      <ResultFiles>
        <ResultFile path="vmi3495495/image_block_caption_20260924_094006.png" />
      </ResultFiles>
    </UnitTestResult>
    <UnitTestResult executionId="9455b401-bb34-416f-b301-b82f211945bc" testId="36fc95f8-e361-1b0b-bead-3355005c5adc" testName="Overlay_Firefox_OpensAsPopover_AndDismisses" computerName="vmi3495495" duration="00:00:40.5037487" startTime="2026-09-24T10:04:58.3118369+02:00" endTime="2026-09-24T10:05:38.8157745+02:00" testType="13cdc9d9-ddb5-4fa4-a97d-d965ccfc6d4b" outcome="Failed" testListId="8c84fa94-04c1-424b-9868-57a2d4851a1d" relativeResultsDirectory="9455b401-bb34-416f-b301-b82f211945bc">
      <Output>
        <ErrorInfo>
          <Message>Test method Tempo.Blazor.E2E.OverlayPanelE2ETests.Overlay_Firefox_OpensAsPopover_AndDismisses threw exception: &#xD;
System.TimeoutException: Timeout 15000ms exceeded.</Message>
          <StackTrace>   at Microsoft.Playwright.Transport.Connection.InnerSendMessageToServerAsync[T](ChannelOwner object, String method, Dictionary`2 dictionary, Boolean keepNulls) in /_/src/Playwright/Transport/Connection.cs:line 206
   at Microsoft.Playwright.Transport.Connection.WrapApiCallAsync[T](Func`1 action, Boolean isInternal)
   at Microsoft.Playwright.Core.Frame.WaitForFunctionAsync(String expression, Object arg, FrameWaitForFunctionOptions options) in /_/src/Playwright/Core/Frame.cs:line 658
   at Tempo.Blazor.E2E.PlaywrightTestBase.WaitForAppReadyAsync(IPage page) in /root/NetProjects/Tempo.Blazor/Tempo.Blazor/tests/Tempo.Blazor.E2E/PlaywrightTestBase.cs:line 297
   at Tempo.Blazor.E2E.OverlayPanelE2ETests.Overlay_Firefox_OpensAsPopover_AndDismisses() in /root/NetProjects/Tempo.Blazor/Tempo.Blazor/tests/Tempo.Blazor.E2E/OverlayPanelE2ETests.cs:line 517
   at Tempo.Blazor.E2E.OverlayPanelE2ETests.Overlay_Firefox_OpensAsPopover_AndDismisses() in /root/NetProjects/Tempo.Blazor/Tempo.Blazor/tests/Tempo.Blazor.E2E/OverlayPanelE2ETests.cs:line 532
   at Tempo.Blazor.E2E.OverlayPanelE2ETests.Overlay_Firefox_OpensAsPopover_AndDismisses() in /root/NetProjects/Tempo.Blazor/Tempo.Blazor/tests/Tempo.Blazor.E2E/OverlayPanelE2ETests.cs:line 532
</StackTrace>
        </ErrorInfo>
      </Output>
    </UnitTestResult>
    <UnitTestResult executionId="3c011f17-a499-47f9-8a94-889fdde7871d" testId="430b8eaf-0506-1f65-8147-714192c363c4" testName="Phase4_LabelDrag_MovesLabelRelativeToEdge" computerName="vmi3495495" duration="00:00:23.6318438" startTime="2026-09-24T08:02:54.3333703+02:00" endTime="2026-09-24T08:03:17.9655148+02:00" testType="13cdc9d9-ddb5-4fa4-a97d-d965ccfc6d4b" outcome="Passed" testListId="8c84fa94-04c1-424b-9868-57a2d4851a1d" relativeResultsDirectory="3c011f17-a499-47f9-8a94-889fdde7871d">
      <ResultFiles>
        <ResultFile path="vmi3495495/phase4_label_drag_20260924_080317.png" />
      </ResultFiles>
    </UnitTestResult>
    <UnitTestResult executionId="eac577ae-d5cd-40f8-81dd-32bb9766fa1b" testId="b7e13a42-5c14-e8d6-9175-ad0a5e43a33d" testName="ColumnList_MaxColumns_HidesAddButton" computerName="vmi3495495" duration="00:00:23.0824875" startTime="2026-09-24T09:33:09.7711083+02:00" endTime="2026-09-24T09:33:32.8543606+02:00" testType="13cdc9d9-ddb5-4fa4-a97d-d965ccfc6d4b" outcome="Passed" testListId="8c84fa94-04c1-424b-9868-57a2d4851a1d" relativeResultsDirectory="eac577ae-d5cd-40f8-81dd-32bb9766fa1b">
      <ResultFiles>
        <ResultFile path="vmi3495495/column_list_max_columns_20260924_093332.png" />
      </ResultFiles>
    </UnitTestResult>
    <UnitTestResult executionId="8d5b8b51-1a52-4341-9527-aa25eb0a4066" testId="4b5ff0a0-52e1-821b-40c3-5d65ad36228c" testName="EB17_AxeCore_CriticalViolations_AreZero" computerName="vmi3495495" duration="00:00:27.3596547" startTime="2026-09-24T09:08:37.4630147+02:00" endTime="2026-09-24T09:09:04.8234103+02:00" testType="13cdc9d9-ddb5-4fa4-a97d-d965ccfc6d4b" outcome="Passed" testListId="8c84fa94-04c1-424b-9868-57a2d4851a1d" relativeResultsDirectory="8d5b8b51-1a52-4341-9527-aa25eb0a4066" />
    <UnitTestResult executionId="ffbae7d3-7d7f-48d1-9a9e-f4bb7d19b164" testId="586301e3-4ece-08b1-d88c-04ec309b01d3" testName="Files_VersionHistory_CompareAndRestore" computerName="vmi3495495" duration="00:00:07.4899398" startTime="2026-09-24T10:44:07.7650543+02:00" endTime="2026-09-24T10:44:15.2555675+02:00" testType="13cdc9d9-ddb5-4fa4-a97d-d965ccfc6d4b" outcome="Passed" testListId="8c84fa94-04c1-424b-9868-57a2d4851a1d" relativeResultsDirectory="ffbae7d3-7d7f-48d1-9a9e-f4bb7d19b164" />
    <UnitTestResult executionId="181bb3ef-a89c-4e5a-a666-8e8a60c01858" testId="6d478a64-047b-a017-bf0c-6f3e7300caf6" testName="BenchmarkPage_ExposesPasteLatencyForCanvasAndCanvasJsEngine" computerName="vmi3495495" duration="00:00:42.3589244" startTime="2026-09-24T10:32:39.4801433+02:00" endTime="2026-09-24T10:33:21.8394527+02:00" testType="13cdc9d9-ddb5-4fa4-a97d-d965ccfc6d4b" outcome="Passed" testListId="8c84fa94-04c1-424b-9868-57a2d4851a1d" relativeResultsDirectory="181bb3ef-a89c-4e5a-a666-8e8a60c01858" />
    <UnitTestResult executionId="3ffc75a0-8e42-4957-b22c-cf7bc9ee3ba8" testId="047b04f2-cd1c-8504-f229-9148ec504aed" testName="SigningFieldEditor_FieldTypePreview_IsStableForEveryType (&quot;File&quot;,&quot;file&quot;,False)" computerName="vmi3495495" duration="00:00:07.7554106" startTime="2026-09-24T10:10:32.0305839+02:00" endTime="2026-09-24T10:10:39.7867260+02:00" testType="13cdc9d9-ddb5-4fa4-a97d-d965ccfc6d4b" outcome="Passed" testListId="8c84fa94-04c1-424b-9868-57a2d4851a1d" relativeResultsDirectory="3ffc75a0-8e42-4957-b22c-cf7bc9ee3ba8" />
    <UnitTestResult executionId="65298473-07c8-4fc5-8e83-7a18a66394cc" testId="cf15e4e6-274b-1ed1-5211-b057a57042f3" testName="DataTable_Axe_HasNoCriticalOrSeriousViolations" computerName="vmi3495495" duration="00:00:11.9231246" startTime="2026-09-24T10:44:33.5241822+02:00" endTime="2026-09-24T10:44:45.4475473+02:00" testType="13cdc9d9-ddb5-4fa4-a97d-d965ccfc6d4b" outcome="Passed" testListId="8c84fa94-04c1-424b-9868-57a2d4851a1d" relativeResultsDirectory="65298473-07c8-4fc5-8e83-7a18a66394cc" />
    <UnitTestResult executionId="be8e66da-ebef-4073-8edd-4ce5727d7104" testId="10023513-3149-0019-4dbe-1fb59cbbc2de" testName="Phase21_CanvasAccessibilityMirrorKeyboardLiveRegionAndForcedColors_AreProductionReady" computerName="vmi3495495" duration="00:01:17.1513368" startTime="2026-09-24T08:13:11.0585203+02:00" endTime="2026-09-24T08:14:28.2110022+02:00" testType="13cdc9d9-ddb5-4fa4-a97d-d965ccfc6d4b" outcome="Passed" testListId="8c84fa94-04c1-424b-9868-57a2d4851a1d" relativeResultsDirectory="be8e66da-ebef-4073-8edd-4ce5727d7104">
      <ResultFiles>
        <ResultFile path="vmi3495495/manifest.json" />
        <ResultFile path="vmi3495495/phase21-forced-colors.png" />
      </ResultFiles>
    </UnitTestResult>
    <UnitTestResult executionId="8d3d64a0-b95c-475d-8ffc-b6b056b1d0d1" testId="24bee1a7-2eab-f734-53b1-d717dbc3b7ac" testName="OptInIsReadAsAnExplicitAffirmative (&quot;true&quot;,True)" computerName="vmi3495495" duration="00:00:00.0000108" startTime="2026-09-24T07:51:26.0830428+02:00" endTime="2026-09-24T07:51:26.0831691+02:00" testType="13cdc9d9-ddb5-4fa4-a97d-d965ccfc6d4b" outcome="Passed" testListId="8c84fa94-04c1-424b-9868-57a2d4851a1d" relativeResultsDirectory="8d3d64a0-b95c-475d-8ffc-b6b056b1d0d1" />
    <UnitTestResult executionId="b12c6a85-a831-4d3b-9d14-56e8e994ab1f" testId="4c7fa03b-9960-aa64-d7ba-d118b86ff6a9" testName="EB5_TokenChipEditMenuAndUnknownFallback_CaptureBaseline" computerName="vmi3495495" duration="00:00:29.9024416" startTime="2026-09-24T10:04:14.9730922+02:00" endTime="2026-09-24T10:04:44.8768397+02:00" testType="13cdc9d9-ddb5-4fa4-a97d-d965ccfc6d4b" outcome="Passed" testListId="8c84fa94-04c1-424b-9868-57a2d4851a1d" relativeResultsDirectory="b12c6a85-a831-4d3b-9d14-56e8e994ab1f">
      <ResultFiles>
        <ResultFile path="vmi3495495/eb5-token-chip-inserted.png" />
        <ResultFile path="vmi3495495/eb5-token-chip-inserted.region.png" />
        <ResultFile path="vmi3495495/eb5-token-edit-menu.png" />
        <ResultFile path="vmi3495495/eb5-token-edit-menu.region.png" />
        <ResultFile path="vmi3495495/eb5-unknown-token-fallback.png" />
        <ResultFile path="vmi3495495/eb5-unknown-token-fallback.region.png" />
      </ResultFiles>
    </UnitTestResult>
    <UnitTestResult executionId="3849c13f-2ded-4b08-b08c-fe56f1304f97" testId="8b399a64-2846-e113-4476-71e494960c21" testName="Phase18_CanvasSearchReplaceOutlineAndTableOfContentsPersist" computerName="vmi3495495" duration="00:00:39.6219394" startTime="2026-09-24T08:34:50.0036662+02:00" endTime="2026-09-24T08:35:29.6419492+02:00" testType="13cdc9d9-ddb5-4fa4-a97d-d965ccfc6d4b" outcome="Passed" testListId="8c84fa94-04c1-424b-9868-57a2d4851a1d" relativeResultsDirectory="3849c13f-2ded-4b08-b08c-fe56f1304f97">
      <ResultFiles>
        <ResultFile path="vmi3495495/active-find-result.png" />
        <ResultFile path="vmi3495495/manifest.json" />
        <ResultFile path="vmi3495495/outline-panel-navigation.png" />
        <ResultFile path="vmi3495495/table-of-contents.png" />
        <ResultFile path="vmi3495495/updated-table-of-contents.png" />
      </ResultFiles>
    </UnitTestResult>
    <UnitTestResult executionId="d5663787-0854-4bfd-bddf-530b577fd315" testId="00356709-268d-c6f3-78a7-e62d1e780e5a" testName="ModelingEditor_CzechLocaleHasNoEnglishUiText" computerName="vmi3495495" duration="00:00:08.5747055" startTime="2026-09-24T09:03:54.9368063+02:00" endTime="2026-09-24T09:04:03.5143139+02:00" testType="13cdc9d9-ddb5-4fa4-a97d-d965ccfc6d4b" outcome="Passed" testListId="8c84fa94-04c1-424b-9868-57a2d4851a1d" relativeResultsDirectory="d5663787-0854-4bfd-bddf-530b577fd315" />
    <UnitTestResult executionId="53e79d91-7a31-4e94-a973-631ca237dc9c" testId="45c09c50-63bd-7d9a-580c-a2b159331d8b" testName="Area_DarkMode_UsesDarkTokenOpacity" computerName="vmi3495495" duration="00:00:12.9268291" startTime="2026-09-24T07:52:18.7459222+02:00" endTime="2026-09-24T07:52:31.6732975+02:00" testType="13cdc9d9-ddb5-4fa4-a97d-d965ccfc6d4b" outcome="Passed" testListId="8c84fa94-04c1-424b-9868-57a2d4851a1d" relativeResultsDirectory="53e79d91-7a31-4e94-a973-631ca237dc9c" />
    <UnitTestResult executionId="6e055282-e257-4a4e-8637-122a20a51a06" testId="c7c5639a-b278-ceb0-7f84-b3d13a2fd890" testName="Phase4_ElbowFlip_DoubleClickChangesOrientation" computerName="vmi3495495" duration="00:00:26.9673016" startTime="2026-09-24T08:03:17.9665080+02:00" endTime="2026-09-24T08:03:44.9344815+02:00" testType="13cdc9d9-ddb5-4fa4-a97d-d965ccfc6d4b" outcome="Passed" testListId="8c84fa94-04c1-424b-9868-57a2d4851a1d" relativeResultsDirectory="6e055282-e257-4a4e-8637-122a20a51a06">
      <ResultFiles>
        <ResultFile path="vmi3495495/phase4_elbow_flip_20260924_080344.png" />
      </ResultFiles>
    </UnitTestResult>
    <UnitTestResult executionId="b30cda5a-a14b-4b4e-96aa-d8d096dac47b" testId="45e7e5f2-bf98-455c-6b4a-55d5370816bb" testName="Phase6_PageBreakContextMenu_DeleteRestoresPaginationAndPersists" computerName="vmi3495495" duration="00:00:35.7147474" startTime="2026-09-24T08:49:08.9766310+02:00" endTime="2026-09-24T08:49:44.7107413+02:00" testType="13cdc9d9-ddb5-4fa4-a97d-d965ccfc6d4b" outcome="Passed" testListId="8c84fa94-04c1-424b-9868-57a2d4851a1d" relativeResultsDirectory="b30cda5a-a14b-4b4e-96aa-d8d096dac47b">
      <ResultFiles>
        <ResultFile path="vmi3495495/00-with-page-break.png" />
        <ResultFile path="vmi3495495/01-after-delete.png" />
        <ResultFile path="vmi3495495/02-after-reload.png" />
        <ResultFile path="vmi3495495/manifest.json" />
      </ResultFiles>
    </UnitTestResult>
    <UnitTestResult executionId="6ecde878-9a1b-4846-8424-77006aaa782f" testId="14a8441a-31d1-9780-ff3e-f8c47d5335f6" testName="ChildrenDisplay_RenderDepthEmptyManyAndNavigate" computerName="vmi3495495" duration="00:00:40.6728966" startTime="2026-09-24T09:10:18.0978786+02:00" endTime="2026-09-24T09:10:58.7767051+02:00" testType="13cdc9d9-ddb5-4fa4-a97d-d965ccfc6d4b" outcome="Passed" testListId="8c84fa94-04c1-424b-9868-57a2d4851a1d" relativeResultsDirectory="6ecde878-9a1b-4846-8424-77006aaa782f">
      <Output>
        <StdOut>TestContext Messages:
UX CF13 baseline captured: /root/NetProjects/Tempo.Blazor/Tempo.Blazor/tests/Tempo.Blazor.E2E/TestResults/full-run-20260924/Deploy_root 20260924T075125_1807610/In/baseline-sandbox/notion/children-display/cf13-current-page-children.png / /root/NetProjects/Tempo.Blazor/Tempo.Blazor/tests/Tempo.Blazor.E2E/TestResults/full-run-20260924/Deploy_root 20260924T075125_1807610/In/baseline-sandbox/notion/children-display/cf13-current-page-children.region.png
UX CF13 baseline captured: /root/NetProjects/Tempo.Blazor/Tempo.Blazor/tests/Tempo.Blazor.E2E/TestResults/full-run-20260924/Deploy_root 20260924T075125_1807610/In/baseline-sandbox/notion/children-display/cf13-empty-root.png / /root/NetProjects/Tempo.Blazor/Tempo.Blazor/tests/Tempo.Blazor.E2E/TestResults/full-run-20260924/Deploy_root 20260924T075125_1807610/In/baseline-sandbox/notion/children-display/cf13-empty-root.region.png
UX CF13 baseline captured: /root/NetProjects/Tempo.Blazor/Tempo.Blazor/tests/Tempo.Blazor.E2E/TestResults/full-run-20260924/Deploy_root 20260924T075125_1807610/In/baseline-sandbox/notion/children-display/cf13-depth-limited.png / /root/NetProjects/Tempo.Blazor/Tempo.Blazor/tests/Tempo.Blazor.E2E/TestResults/full-run-20260924/Deploy_root 20260924T075125_1807610/In/baseline-sandbox/notion/children-display/cf13-depth-limited.region.png
UX CF13 baseline captured: /root/NetProjects/Tempo.Blazor/Tempo.Blazor/tests/Tempo.Blazor.E2E/TestResults/full-run-20260924/Deploy_root 20260924T075125_1807610/In/baseline-sandbox/notion/children-display/cf13-all-depths.png / /root/NetProjects/Tempo.Blazor/Tempo.Blazor/tests/Tempo.Blazor.E2E/TestResults/full-run-20260924/Deploy_root 20260924T075125_1807610/In/baseline-sandbox/notion/children-display/cf13-all-depths.region.png
UX CF13 baseline captured: /root/NetProjects/Tempo.Blazor/Tempo.Blazor/tests/Tempo.Blazor.E2E/TestResults/full-run-20260924/Deploy_root 20260924T075125_1807610/In/baseline-sandbox/notion/children-display/cf13-many-children-long-title.png / /root/NetProjects/Tempo.Blazor/Tempo.Blazor/tests/Tempo.Blazor.E2E/TestResults/full-run-20260924/Deploy_root 20260924T075125_1807610/In/baseline-sandbox/notion/children-display/cf13-many-children-long-title.region.png
UX CF13 baseline captured: /root/NetProjects/Tempo.Blazor/Tempo.Blazor/tests/Tempo.Blazor.E2E/TestResults/full-run-20260924/Deploy_root 20260924T075125_1807610/In/baseline-sandbox/notion/children-display/cf13-children-display-baseline.png / /root/NetProjects/Tempo.Blazor/Tempo.Blazor/tests/Tempo.Blazor.E2E/TestResults/full-run-20260924/Deploy_root 20260924T075125_1807610/In/baseline-sandbox/notion/children-display/cf13-children-display-baseline.region.png</StdOut>
      </Output>
      <ResultFiles>
        <ResultFile path="vmi3495495/cf13-all-depths.png" />
        <ResultFile path="vmi3495495/cf13-all-depths.region.png" />
        <ResultFile path="vmi3495495/cf13-children-display-baseline.png" />
        <ResultFile path="vmi3495495/cf13-children-display-baseline.region.png" />
        <ResultFile path="vmi3495495/cf13-current-page-children.png" />
        <ResultFile path="vmi3495495/cf13-current-page-children.region.png" />
        <ResultFile path="vmi3495495/cf13-depth-limited.png" />
        <ResultFile path="vmi3495495/cf13-depth-limited.region.png" />
        <ResultFile path="vmi3495495/cf13-empty-root.png" />
        <ResultFile path="vmi3495495/cf13-empty-root.region.png" />
        <ResultFile path="vmi3495495/cf13-many-children-long-title.png" />
        <ResultFile path="vmi3495495/cf13-many-children-long-title.region.png" />
      </ResultFiles>
    </UnitTestResult>
    <UnitTestResult executionId="2802b153-67ab-4c53-ace7-dd286aee16a5" testId="ee67f992-1002-0d81-6c1f-861c0ed9505d" testName="EB2_Toggles_CaptureExpandedCollapsedAndEmptyScreenshots" computerName="vmi3495495" duration="00:00:28.5237404" startTime="2026-09-24T09:34:27.3995012+02:00" endTime="2026-09-24T09:34:55.9236813+02:00" testType="13cdc9d9-ddb5-4fa4-a97d-d965ccfc6d4b" outcome="Passed" testListId="8c84fa94-04c1-424b-9868-57a2d4851a1d" relativeResultsDirectory="2802b153-67ab-4c53-ace7-dd286aee16a5">
      <ResultFiles>
        <ResultFile path="vmi3495495/toggle-collapsed-with-children.png" />
        <ResultFile path="vmi3495495/toggle-collapsed-with-children.region.png" />
        <ResultFile path="vmi3495495/toggle-empty-open.png" />
        <ResultFile path="vmi3495495/toggle-empty-open.region.png" />
        <ResultFile path="vmi3495495/toggle-expanded-with-children.png" />
        <ResultFile path="vmi3495495/toggle-expanded-with-children.region.png" />
      </ResultFiles>
    </UnitTestResult>
    <UnitTestResult executionId="b24720bf-dd52-4c39-bcaa-c67ecd59c174" testId="e4c66a3e-74cd-110c-3b4f-14ed5287e0fd" testName="TimeAxis_Tooltip_ShowsFullDate" computerName="vmi3495495" duration="00:00:17.5303915" startTime="2026-09-24T07:53:32.4485899+02:00" endTime="2026-09-24T07:53:49.9828528+02:00" testType="13cdc9d9-ddb5-4fa4-a97d-d965ccfc6d4b" outcome="Failed" testListId="8c84fa94-04c1-424b-9868-57a2d4851a1d" relativeResultsDirectory="b24720bf-dd52-4c39-bcaa-c67ecd59c174">
      <Output>
        <ErrorInfo>
          <Message>Test method Tempo.Blazor.E2E.TmChartTimeAxisE2ETests.TimeAxis_Tooltip_ShowsFullDate threw exception: &#xD;
Microsoft.Playwright.PlaywrightException: Locator expected to be visible 
Call log:
  -   - LocatorAssertions.ToBeVisibleAsync with timeout 5000ms
  -   - waiting for Locator("[data-testid='charts-time-axis-section']").Locator(".tm-chart").First.Locator("[data-testid='chart-tooltip']")</Message>
          <StackTrace>   at Microsoft.Playwright.Core.AssertionsBase.ExpectImplAsync(String expression, FrameExpectOptions expectOptions, Object expected, String message) in /_/src/Playwright/Core/AssertionsBase.cs:line 85
   at Microsoft.Playwright.Core.AssertionsBase.ExpectImplAsync(String expression, ExpectedTextValue[] expectedText, Object expected, String message, FrameExpectOptions options) in /_/src/Playwright/Core/AssertionsBase.cs:line 65
   at Tempo.Blazor.E2E.TmChartTimeAxisE2ETests.TimeAxis_Tooltip_ShowsFullDate() in /root/NetProjects/Tempo.Blazor/Tempo.Blazor/tests/Tempo.Blazor.E2E/Charts/TmChartTimeAxisE2ETests.cs:line 101
</StackTrace>
        </ErrorInfo>
      </Output>
    </UnitTestResult>
    <UnitTestResult executionId="1d503f11-04e1-4556-abdf-54004b5466b1" testId="f9836185-e6d4-7e33-2fa1-cf8ead089c19" testName="CanvasJsEngine_InlineFormulaEditorDoubleClickSelectionRefreshesActiveToken" computerName="vmi3495495" duration="00:00:17.2053533" startTime="2026-09-24T10:21:29.4457353+02:00" endTime="2026-09-24T10:21:46.6516597+02:00" testType="13cdc9d9-ddb5-4fa4-a97d-d965ccfc6d4b" outcome="Passed" testListId="8c84fa94-04c1-424b-9868-57a2d4851a1d" relativeResultsDirectory="1d503f11-04e1-4556-abdf-54004b5466b1" />
    <UnitTestResult executionId="7a39a4d7-10ee-4a1f-92b9-7fea88f713fa" testId="31f9d392-9bf5-80dc-b368-b5e3feceffc7" testName="InlineColour_SurvivesSaveAndReload" computerName="vmi3495495" duration="00:00:32.3491378" startTime="2026-09-24T09:38:12.0887876+02:00" endTime="2026-09-24T09:38:44.4381645+02:00" testType="13cdc9d9-ddb5-4fa4-a97d-d965ccfc6d4b" outcome="Passed" testListId="8c84fa94-04c1-424b-9868-57a2d4851a1d" relativeResultsDirectory="7a39a4d7-10ee-4a1f-92b9-7fea88f713fa">
      <Output>
        <StdOut>TestContext Messages:
UX: a colour picked from the toolbar is still there after a refresh — the picker is trustworthy.</StdOut>
      </Output>
      <ResultFiles>
        <ResultFile path="vmi3495495/inline-colour.png" />
        <ResultFile path="vmi3495495/inline-colour.region.png" />
      </ResultFiles>
    </UnitTestResult>
    <UnitTestResult executionId="a222fc3c-0e9b-442e-b913-387370f63896" testId="6c986c9a-dd39-e354-524b-d460506c0a57" testName="BlockDragDrop_MoveBlock_Up" computerName="vmi3495495" duration="00:00:18.2221297" startTime="2026-09-24T09:13:57.4481374+02:00" endTime="2026-09-24T09:14:15.6704330+02:00" testType="13cdc9d9-ddb5-4fa4-a97d-d965ccfc6d4b" outcome="Passed" testListId="8c84fa94-04c1-424b-9868-57a2d4851a1d" relativeResultsDirectory="a222fc3c-0e9b-442e-b913-387370f63896">
      <ResultFiles>
        <ResultFile path="vmi3495495/drag_drop_move_up_20260924_091415.png" />
      </ResultFiles>
    </UnitTestResult>
    <UnitTestResult executionId="d5cb07e5-c69e-4fd0-a9f9-f30fd536cf47" testId="3b342698-9b1e-8512-e6c1-470ead8ffd65" testName="InlineToolbar_Bold_AppliesBold" computerName="vmi3495495" duration="00:00:17.6780218" startTime="2026-09-24T09:18:57.0019755+02:00" endTime="2026-09-24T09:19:14.6801679+02:00" testType="13cdc9d9-ddb5-4fa4-a97d-d965ccfc6d4b" outcome="Passed" testListId="8c84fa94-04c1-424b-9868-57a2d4851a1d" relativeResultsDirectory="d5cb07e5-c69e-4fd0-a9f9-f30fd536cf47">
      <ResultFiles>
        <ResultFile path="vmi3495495/inline_toolbar_bold_20260924_091914.png" />
      </ResultFiles>
    </UnitTestResult>
    <UnitTestResult executionId="0f50e09b-dce1-455d-926f-fc8ae618366b" testId="c06ff272-b315-16c8-b0b7-f5a045d9bae1" testName="PasteSpecial_ValuesOnly_DropsFormula" computerName="vmi3495495" duration="00:00:20.3381353" startTime="2026-09-24T10:33:47.4600106+02:00" endTime="2026-09-24T10:34:07.7986050+02:00" testType="13cdc9d9-ddb5-4fa4-a97d-d965ccfc6d4b" outcome="Passed" testListId="8c84fa94-04c1-424b-9868-57a2d4851a1d" relativeResultsDirectory="0f50e09b-dce1-455d-926f-fc8ae618366b" />
    <UnitTestResult executionId="fe62d8c5-0653-419e-af0a-e65a285c7aad" testId="334574d8-e325-65a7-312c-2bba7c61a366" testName="Gantt_DragHandle_AppearsOnHover_And_IsDraggable" computerName="vmi3495495" duration="00:00:15.9360401" startTime="2026-09-24T08:56:55.4463489+02:00" endTime="2026-09-24T08:57:11.3947431+02:00" testType="13cdc9d9-ddb5-4fa4-a97d-d965ccfc6d4b" outcome="Passed" testListId="8c84fa94-04c1-424b-9868-57a2d4851a1d" relativeResultsDirectory="fe62d8c5-0653-419e-af0a-e65a285c7aad">
      <ResultFiles>
        <ResultFile path="vmi3495495/gantt_drag_handle_20260924_085711.png" />
      </ResultFiles>
    </UnitTestResult>
    <UnitTestResult executionId="12af8147-5673-49a0-b8d1-573db48b19c5" testId="212d5138-28dd-84b5-9706-ca8d2935b00a" testName="PageLoad_PageTabsExist" computerName="vmi3495495" duration="00:00:15.8219841" startTime="2026-09-24T10:42:09.1432913+02:00" endTime="2026-09-24T10:42:24.9654554+02:00" testType="13cdc9d9-ddb5-4fa4-a97d-d965ccfc6d4b" outcome="Passed" testListId="8c84fa94-04c1-424b-9868-57a2d4851a1d" relativeResultsDirectory="12af8147-5673-49a0-b8d1-573db48b19c5" />
    <UnitTestResult executionId="fb1e3d9a-baed-4201-96fe-62e680b9d2b7" testId="62b1b40c-3d6a-08d5-812b-787055877291" testName="Phase3_DanglingEdge_DrawFromPortToEmptySpace" computerName="vmi3495495" duration="00:00:21.4530403" startTime="2026-09-24T08:01:16.1462006+02:00" endTime="2026-09-24T08:01:37.5995574+02:00" testType="13cdc9d9-ddb5-4fa4-a97d-d965ccfc6d4b" outcome="Passed" testListId="8c84fa94-04c1-424b-9868-57a2d4851a1d" relativeResultsDirectory="fb1e3d9a-baed-4201-96fe-62e680b9d2b7">
      <ResultFiles>
        <ResultFile path="vmi3495495/phase3_dangling_edge_20260924_080137.png" />
      </ResultFiles>
    </UnitTestResult>
    <UnitTestResult executionId="62bb8c9a-a2e4-46cf-81f2-d281339c86ee" testId="d79b498a-d3bb-6f51-9e9a-ef0663a0ae61" testName="CanvasJsEngine_FormulaBarSessionKeepsCaretAndActiveCellDuringViewportScroll" computerName="vmi3495495" duration="00:00:18.8646705" startTime="2026-09-24T10:23:39.2881052+02:00" endTime="2026-09-24T10:23:58.1531911+02:00" testType="13cdc9d9-ddb5-4fa4-a97d-d965ccfc6d4b" outcome="Passed" testListId="8c84fa94-04c1-424b-9868-57a2d4851a1d" relativeResultsDirectory="62bb8c9a-a2e4-46cf-81f2-d281339c86ee" />
    <UnitTestResult executionId="229acaa0-e7e1-4008-9695-8346b769bf4e" testId="f9c47688-0e24-a3e4-2ab7-9cddb231a388" testName="InlineToolbar_Link_OpensInput" computerName="vmi3495495" duration="00:00:18.3845603" startTime="2026-09-24T09:21:05.5510170+02:00" endTime="2026-09-24T09:21:23.9357826+02:00" testType="13cdc9d9-ddb5-4fa4-a97d-d965ccfc6d4b" outcome="Passed" testListId="8c84fa94-04c1-424b-9868-57a2d4851a1d" relativeResultsDirectory="229acaa0-e7e1-4008-9695-8346b769bf4e">
      <ResultFiles>
        <ResultFile path="vmi3495495/inline_toolbar_link_open_20260924_092123.png" />
      </ResultFiles>
    </UnitTestResult>
    <UnitTestResult executionId="23af171e-de6a-4765-b5c2-679e990e1e71" testId="e0e96ad2-b685-9c86-d3b3-800fdee8eb2d" testName="DataImport_XlsxUpload_ParsesAndImports" computerName="vmi3495495" duration="00:00:12.0057922" startTime="2026-09-24T07:55:11.9710532+02:00" endTime="2026-09-24T07:55:23.9771572+02:00" testType="13cdc9d9-ddb5-4fa4-a97d-d965ccfc6d4b" outcome="Passed" testListId="8c84fa94-04c1-424b-9868-57a2d4851a1d" relativeResultsDirectory="23af171e-de6a-4765-b5c2-679e990e1e71" />
    <UnitTestResult executionId="cb2b3cc9-b851-4c92-a905-1855083b4d1a" testId="b88adadf-c366-8c68-cf4b-ca191ec414f8" testName="SigningFormRunner_DesktopScreenshot" computerName="vmi3495495" duration="00:00:10.8426043" startTime="2026-09-24T10:13:58.3644743+02:00" endTime="2026-09-24T10:14:09.2072772+02:00" testType="13cdc9d9-ddb5-4fa4-a97d-d965ccfc6d4b" outcome="Passed" testListId="8c84fa94-04c1-424b-9868-57a2d4851a1d" relativeResultsDirectory="cb2b3cc9-b851-4c92-a905-1855083b4d1a">
      <ResultFiles>
        <ResultFile path="vmi3495495/signing-phase12-runner-desktop_20260924_101409.png" />
      </ResultFiles>
    </UnitTestResult>
    <UnitTestResult executionId="68badd54-0b18-4342-b6f9-9812a77e1471" testId="0a1be14a-c059-90a1-3120-8f5fd344a5e7" testName="EB1_TextBlocks_DesktopAndMobile_CaptureBaselineScreenshots" computerName="vmi3495495" duration="00:01:03.8680421" startTime="2026-09-24T09:59:07.3483990+02:00" endTime="2026-09-24T10:00:11.2211618+02:00" testType="13cdc9d9-ddb5-4fa4-a97d-d965ccfc6d4b" outcome="Passed" testListId="8c84fa94-04c1-424b-9868-57a2d4851a1d" relativeResultsDirectory="68badd54-0b18-4342-b6f9-9812a77e1471">
      <ResultFiles>
        <ResultFile path="vmi3495495/callout-desktop.png" />
        <ResultFile path="vmi3495495/callout-desktop.region.png" />
        <ResultFile path="vmi3495495/callout-mobile.png" />
        <ResultFile path="vmi3495495/callout-mobile.region.png" />
        <ResultFile path="vmi3495495/code-desktop.png" />
        <ResultFile path="vmi3495495/code-desktop.region.png" />
        <ResultFile path="vmi3495495/code-mobile.png" />
        <ResultFile path="vmi3495495/code-mobile.region.png" />
        <ResultFile path="vmi3495495/divider-desktop.png" />
        <ResultFile path="vmi3495495/divider-desktop.region.png" />
        <ResultFile path="vmi3495495/divider-mobile.png" />
        <ResultFile path="vmi3495495/divider-mobile.region.png" />
        <ResultFile path="vmi3495495/heading1-desktop.png" />
        <ResultFile path="vmi3495495/heading1-desktop.region.png" />
        <ResultFile path="vmi3495495/heading1-mobile.png" />
        <ResultFile path="vmi3495495/heading1-mobile.region.png" />
        <ResultFile path="vmi3495495/heading2-desktop.png" />
        <ResultFile path="vmi3495495/heading2-desktop.region.png" />
        <ResultFile path="vmi3495495/heading2-mobile.png" />
        <ResultFile path="vmi3495495/heading2-mobile.region.png" />
        <ResultFile path="vmi3495495/heading3-desktop.png" />
        <ResultFile path="vmi3495495/heading3-desktop.region.png" />
        <ResultFile path="vmi3495495/heading3-mobile.png" />
        <ResultFile path="vmi3495495/heading3-mobile.region.png" />
        <ResultFile path="vmi3495495/quote-desktop.png" />
        <ResultFile path="vmi3495495/quote-desktop.region.png" />
        <ResultFile path="vmi3495495/quote-mobile.png" />
        <ResultFile path="vmi3495495/quote-mobile.region.png" />
        <ResultFile path="vmi3495495/ux-review-checkpoint.png" />
        <ResultFile path="vmi3495495/ux-review-checkpoint.region.png" />
      </ResultFiles>
    </UnitTestResult>
    <UnitTestResult executionId="f94c7613-9dcb-46a4-82c5-e93bb7b4607b" testId="e3e5f738-f51a-69d6-0bbc-6dd2f10d6eda" testName="InlineToolbar_Underline_AppliesUnderline" computerName="vmi3495495" duration="00:00:17.6839516" startTime="2026-09-24T09:19:33.0453564+02:00" endTime="2026-09-24T09:19:50.7296017+02:00" testType="13cdc9d9-ddb5-4fa4-a97d-d965ccfc6d4b" outcome="Passed" testListId="8c84fa94-04c1-424b-9868-57a2d4851a1d" relativeResultsDirectory="f94c7613-9dcb-46a4-82c5-e93bb7b4607b">
      <ResultFiles>
        <ResultFile path="vmi3495495/inline_toolbar_underline_20260924_091950.png" />
      </ResultFiles>
    </UnitTestResult>
    <UnitTestResult executionId="83eaf622-f389-4885-893d-e820b6e9080f" testId="478dbdf5-38cc-dc64-b5aa-c1690c52cbb0" testName="InlineToolbar_ClickOutside_Hides" computerName="vmi3495495" duration="00:00:17.6346293" startTime="2026-09-24T09:18:39.3665950+02:00" endTime="2026-09-24T09:18:57.0014305+02:00" testType="13cdc9d9-ddb5-4fa4-a97d-d965ccfc6d4b" outcome="Passed" testListId="8c84fa94-04c1-424b-9868-57a2d4851a1d" relativeResultsDirectory="83eaf622-f389-4885-893d-e820b6e9080f">
      <ResultFiles>
        <ResultFile path="vmi3495495/inline_toolbar_hide_20260924_091856.png" />
      </ResultFiles>
    </UnitTestResult>
    <UnitTestResult executionId="32668843-fb6c-4e68-bc8b-420e0d85128f" testId="a03a034a-a801-d2e3-f00d-109beeb4d87b" testName="SigningFormRunner_SwitchesLanguageWithoutLosingValueOrStep" computerName="vmi3495495" duration="00:00:07.7913847" startTime="2026-09-24T10:13:00.9261792+02:00" endTime="2026-09-24T10:13:08.7183033+02:00" testType="13cdc9d9-ddb5-4fa4-a97d-d965ccfc6d4b" outcome="Passed" testListId="8c84fa94-04c1-424b-9868-57a2d4851a1d" relativeResultsDirectory="32668843-fb6c-4e68-bc8b-420e0d85128f" />
    <UnitTestResult executionId="b571bf8b-6e63-4d6a-bf89-3fdd6f619906" testId="4e0bff24-477f-81e4-0d5a-2d7894cec76e" testName="CanvasRenderer_JsFormulaEditorEnterCommitsFormulaLocally" computerName="vmi3495495" duration="00:00:17.1341337" startTime="2026-09-24T10:15:11.3995935+02:00" endTime="2026-09-24T10:15:28.5339918+02:00" testType="13cdc9d9-ddb5-4fa4-a97d-d965ccfc6d4b" outcome="Passed" testListId="8c84fa94-04c1-424b-9868-57a2d4851a1d" relativeResultsDirectory="b571bf8b-6e63-4d6a-bf89-3fdd6f619906" />
    <UnitTestResult executionId="e3d68f3f-99c6-4221-bec4-0ff10d87e643" testId="dc50d7d6-7462-dbe4-3400-f4430fc65672" testName="SigningFieldEditor_FieldTypePreview_IsStableForEveryType (&quot;Initials&quot;,&quot;edit&quot;,True)" computerName="vmi3495495" duration="00:00:07.5692461" startTime="2026-09-24T10:09:53.4334975+02:00" endTime="2026-09-24T10:10:01.0038181+02:00" testType="13cdc9d9-ddb5-4fa4-a97d-d965ccfc6d4b" outcome="Passed" testListId="8c84fa94-04c1-424b-9868-57a2d4851a1d" relativeResultsDirectory="e3d68f3f-99c6-4221-bec4-0ff10d87e643" />
    <UnitTestResult executionId="2011e3d5-978e-4a2b-9aa2-73204162c796" testId="1f7441ca-de4a-ad74-1c20-0fa4b4266281" testName="LargeArchimateRelationshipModelCompletesWithinThreeSeconds" computerName="vmi3495495" duration="00:00:12.6211927" startTime="2026-09-24T09:01:16.4650250+02:00" endTime="2026-09-24T09:01:29.0867350+02:00" testType="13cdc9d9-ddb5-4fa4-a97d-d965ccfc6d4b" outcome="Passed" testListId="8c84fa94-04c1-424b-9868-57a2d4851a1d" relativeResultsDirectory="2011e3d5-978e-4a2b-9aa2-73204162c796" />
    <UnitTestResult executionId="e6537dd9-a8b9-47d3-8c70-1eec3ac808d2" testId="da2075e9-901c-31a3-252d-25820d91d4e6" testName="Phase16_HeaderFooterCommands_EnabledOnlyInHeaderFooterMode" computerName="vmi3495495" duration="00:00:30.4743326" startTime="2026-09-24T08:16:40.3537416+02:00" endTime="2026-09-24T08:17:10.8282605+02:00" testType="13cdc9d9-ddb5-4fa4-a97d-d965ccfc6d4b" outcome="Passed" testListId="8c84fa94-04c1-424b-9868-57a2d4851a1d" relativeResultsDirectory="e6537dd9-a8b9-47d3-8c70-1eec3ac808d2" />
    <UnitTestResult executionId="e66c3895-990f-47fe-a793-a5d6cdf81172" testId="b4df8ab3-f7e3-701f-901a-a7672db61b58" testName="OptInIsReadAsAnExplicitAffirmative (&quot;false&quot;,False)" computerName="vmi3495495" duration="00:00:00.0000098" startTime="2026-09-24T07:51:26.0824687+02:00" endTime="2026-09-24T07:51:26.0825792+02:00" testType="13cdc9d9-ddb5-4fa4-a97d-d965ccfc6d4b" outcome="Passed" testListId="8c84fa94-04c1-424b-9868-57a2d4851a1d" relativeResultsDirectory="e66c3895-990f-47fe-a793-a5d6cdf81172" />
    <UnitTestResult executionId="1280cae6-7476-4f18-a50f-8f9449fefefc" testId="06ff0ed0-efc7-da17-418a-f73099bf5803" testName="Phase12_SaveFailure_CreatesOfflineDraftRetryAndBeforeUnloadState" computerName="vmi3495495" duration="00:00:30.5329213" startTime="2026-09-24T08:25:06.4206804+02:00" endTime="2026-09-24T08:25:36.9545143+02:00" testType="13cdc9d9-ddb5-4fa4-a97d-d965ccfc6d4b" outcome="Passed" testListId="8c84fa94-04c1-424b-9868-57a2d4851a1d" relativeResultsDirectory="1280cae6-7476-4f18-a50f-8f9449fefefc" />
    <UnitTestResult executionId="477595f7-01f1-4721-9228-80a9ab689c26" testId="f3ed15ad-e974-0eb5-990d-df8aa33511a2" testName="ArchimateMissingStencilShowsIssueAndSkipsElement" computerName="vmi3495495" duration="00:00:07.8402324" startTime="2026-09-24T09:00:52.1580460+02:00" endTime="2026-09-24T09:00:59.9989613+02:00" testType="13cdc9d9-ddb5-4fa4-a97d-d965ccfc6d4b" outcome="Passed" testListId="8c84fa94-04c1-424b-9868-57a2d4851a1d" relativeResultsDirectory="477595f7-01f1-4721-9228-80a9ab689c26" />
    <UnitTestResult executionId="8b1869c7-8ac7-4ab9-b951-376bbc8dfd89" testId="d7fdf9dd-bb55-5ebc-1e2a-a3e857097372" testName="Gantt_ExpandCollapse" computerName="vmi3495495" duration="00:00:14.1456308" startTime="2026-09-24T10:40:02.5577954+02:00" endTime="2026-09-24T10:40:16.7038396+02:00" testType="13cdc9d9-ddb5-4fa4-a97d-d965ccfc6d4b" outcome="Passed" testListId="8c84fa94-04c1-424b-9868-57a2d4851a1d" relativeResultsDirectory="8b1869c7-8ac7-4ab9-b951-376bbc8dfd89">
      <ResultFiles>
        <ResultFile path="vmi3495495/gantt_expand_collapse_20260924_104016.png" />
      </ResultFiles>
    </UnitTestResult>
    <UnitTestResult executionId="8fe35bbd-266f-4927-9691-1c636daf986f" testId="8585c7bc-0100-5ca3-aede-899f81041bf5" testName="InlineToolbar_TextColor_OpensPanel" computerName="vmi3495495" duration="00:00:20.0262334" startTime="2026-09-24T09:22:07.0000999+02:00" endTime="2026-09-24T09:22:27.0267232+02:00" testType="13cdc9d9-ddb5-4fa4-a97d-d965ccfc6d4b" outcome="Passed" testListId="8c84fa94-04c1-424b-9868-57a2d4851a1d" relativeResultsDirectory="8fe35bbd-266f-4927-9691-1c636daf986f">
      <ResultFiles>
        <ResultFile path="vmi3495495/inline_toolbar_color_panel_20260924_092227.png" />
      </ResultFiles>
    </UnitTestResult>
    <UnitTestResult executionId="c30c49b3-fe7e-4f93-83b0-eaa364ba90c8" testId="65020cd0-f7ad-6ef0-d308-4abfb0e294ed" testName="OptInIsReadAsAnExplicitAffirmative (&quot;1&quot;,True)" computerName="vmi3495495" duration="00:00:00.0000113" startTime="2026-09-24T07:51:26.0828758+02:00" endTime="2026-09-24T07:51:26.0830139+02:00" testType="13cdc9d9-ddb5-4fa4-a97d-d965ccfc6d4b" outcome="Passed" testListId="8c84fa94-04c1-424b-9868-57a2d4851a1d" relativeResultsDirectory="c30c49b3-fe7e-4f93-83b0-eaa364ba90c8" />
    <UnitTestResult executionId="fe71a6b1-2769-43a3-ac74-db0a49faa9d6" testId="08c3cfbf-1469-9cdc-b1d2-a384223a407d" testName="OptInIsReadAsAnExplicitAffirmative (null,False)" computerName="vmi3495495" duration="00:00:00.0122628" startTime="2026-09-24T07:51:25.8961291+02:00" endTime="2026-09-24T07:51:26.0460942+02:00" testType="13cdc9d9-ddb5-4fa4-a97d-d965ccfc6d4b" outcome="Passed" testListId="8c84fa94-04c1-424b-9868-57a2d4851a1d" relativeResultsDirectory="fe71a6b1-2769-43a3-ac74-db0a49faa9d6" />
    <UnitTestResult executionId="cda40206-6a9f-4f82-b545-da17f3596274" testId="207bdcdc-1722-0426-80a1-c90b735aa4a4" testName="CanvasJsEngine_FormulaBarSelectionShortcutsDoNotChangeActiveCell" computerName="vmi3495495" duration="00:00:19.9898948" startTime="2026-09-24T10:26:50.3143394+02:00" endTime="2026-09-24T10:27:10.3044376+02:00" testType="13cdc9d9-ddb5-4fa4-a97d-d965ccfc6d4b" outcome="Passed" testListId="8c84fa94-04c1-424b-9868-57a2d4851a1d" relativeResultsDirectory="cda40206-6a9f-4f82-b545-da17f3596274" />
    <UnitTestResult executionId="38596866-9837-4793-96a5-d9649e76d6f1" testId="ceaba1d6-062e-fa66-9a3b-5a60fd20a0be" testName="DefaultTextColour_KeepsOtherFormatting" computerName="vmi3495495" duration="00:00:21.0018547" startTime="2026-09-24T09:37:51.0862851+02:00" endTime="2026-09-24T09:38:12.0884140+02:00" testType="13cdc9d9-ddb5-4fa4-a97d-d965ccfc6d4b" outcome="Passed" testListId="8c84fa94-04c1-424b-9868-57a2d4851a1d" relativeResultsDirectory="38596866-9837-4793-96a5-d9649e76d6f1" />
    <UnitTestResult executionId="efd910a6-9454-4462-a0fd-b03b265bd1ed" testId="ba14f48f-0f06-4178-63d6-c365786e7516" testName="TableOfContents_Renders_ListsHeadings" computerName="vmi3495495" duration="00:00:15.8697574" startTime="2026-09-24T09:54:57.8514588+02:00" endTime="2026-09-24T09:55:13.7223602+02:00" testType="13cdc9d9-ddb5-4fa4-a97d-d965ccfc6d4b" outcome="Passed" testListId="8c84fa94-04c1-424b-9868-57a2d4851a1d" relativeResultsDirectory="efd910a6-9454-4462-a0fd-b03b265bd1ed">
      <ResultFiles>
        <ResultFile path="vmi3495495/special_toc_render_20260924_095513.png" />
      </ResultFiles>
    </UnitTestResult>
    <UnitTestResult executionId="17b9ee53-e6c7-4a01-8049-d027ce8bffd9" testId="a8c7126a-45a0-e307-96ff-8d42bc158258" testName="InlineCode_IsCommittedAndSurvivesReload" computerName="vmi3495495" duration="00:01:00.8745672" startTime="2026-09-24T09:14:56.7199846+02:00" endTime="2026-09-24T09:15:57.5992836+02:00" testType="13cdc9d9-ddb5-4fa4-a97d-d965ccfc6d4b" outcome="Failed" testListId="8c84fa94-04c1-424b-9868-57a2d4851a1d" relativeResultsDirectory="17b9ee53-e6c7-4a01-8049-d027ce8bffd9">
      <Output>
        <ErrorInfo>
          <Message>Test method Tempo.Blazor.E2E.NotionEditPersistenceE2ETests.InlineCode_IsCommittedAndSurvivesReload threw exception: &#xD;
System.TimeoutException: Timeout 20000ms exceeded.
Call log:
  -   - waiting for Locator("[data-block-id='b5e14cf6-9fa6-498e-811a-f5ea83190410']").First to be visible</Message>
          <StackTrace>   at Microsoft.Playwright.Transport.Connection.InnerSendMessageToServerAsync[T](ChannelOwner object, String method, Dictionary`2 dictionary, Boolean keepNulls) in /_/src/Playwright/Transport/Connection.cs:line 206
   at Microsoft.Playwright.Transport.Connection.WrapApiCallAsync[T](Func`1 action, Boolean isInternal) in /_/src/Playwright/Transport/Connection.cs:line 535
   at Tempo.Blazor.E2E.NotionEditPersistenceE2ETests.InlineCode_IsCommittedAndSurvivesReload() in /root/NetProjects/Tempo.Blazor/Tempo.Blazor/tests/Tempo.Blazor.E2E/NotionEditPersistenceE2ETests.cs:line 46
</StackTrace>
        </ErrorInfo>
      </Output>
      <ResultFiles>
        <ResultFile path="vmi3495495/inline-code-before-reload.png" />
        <ResultFile path="vmi3495495/inline-code-before-reload.region.png" />
      </ResultFiles>
    </UnitTestResult>
    <UnitTestResult executionId="3b094904-5f10-4300-bf56-cfd33ff1e70e" testId="a7c9787c-5b09-2bef-5d71-92fbb2e66e9e" testName="InlineToolbar_Link_Remove_UnwrapsAnchor" computerName="vmi3495495" duration="00:00:22.0969235" startTime="2026-09-24T09:21:44.9018468+02:00" endTime="2026-09-24T09:22:06.9994356+02:00" testType="13cdc9d9-ddb5-4fa4-a97d-d965ccfc6d4b" outcome="Passed" testListId="8c84fa94-04c1-424b-9868-57a2d4851a1d" relativeResultsDirectory="3b094904-5f10-4300-bf56-cfd33ff1e70e">
      <ResultFiles>
        <ResultFile path="vmi3495495/inline_toolbar_link_remove_20260924_092206.png" />
      </ResultFiles>
    </UnitTestResult>
    <UnitTestResult executionId="d9dfe042-cd79-42f6-a8d4-81d832515a84" testId="b7d10041-d847-9636-2fe4-2beb44c4adad" testName="ValidArchimateRelationshipsGenerateWithoutIssues" computerName="vmi3495495" duration="00:00:09.4076556" startTime="2026-09-24T09:00:59.9993806+02:00" endTime="2026-09-24T09:01:09.4074832+02:00" testType="13cdc9d9-ddb5-4fa4-a97d-d965ccfc6d4b" outcome="Passed" testListId="8c84fa94-04c1-424b-9868-57a2d4851a1d" relativeResultsDirectory="d9dfe042-cd79-42f6-a8d4-81d832515a84">
      <ResultFiles>
        <ResultFile path="vmi3495495/archimate-relationships_20260924_090108.png" />
      </ResultFiles>
    </UnitTestResult>
    <UnitTestResult executionId="7c14ad94-e4c0-43f3-815f-7837839bd946" testId="f3f09b66-b3b8-0803-0878-74d2ae46fbf6" testName="Kanban_CrossColumn_Move_Reports_TargetIndex" computerName="vmi3495495" duration="00:00:16.9850104" startTime="2026-09-24T08:57:58.2947573+02:00" endTime="2026-09-24T08:58:15.2800775+02:00" testType="13cdc9d9-ddb5-4fa4-a97d-d965ccfc6d4b" outcome="Passed" testListId="8c84fa94-04c1-424b-9868-57a2d4851a1d" relativeResultsDirectory="7c14ad94-e4c0-43f3-815f-7837839bd946">
      <ResultFiles>
        <ResultFile path="vmi3495495/kanban_p1_crosscolumn_move_20260924_085815.png" />
      </ResultFiles>
    </UnitTestResult>
    <UnitTestResult executionId="c0de8093-d8ab-4659-8524-01cf60bf7b52" testId="b10666f0-ddf1-6a38-6343-4475d6107617" testName="EB2_ListsAndTurnInto_CaptureBaselineScreenshots" computerName="vmi3495495" duration="00:00:38.6419525" startTime="2026-09-24T09:33:48.7493643+02:00" endTime="2026-09-24T09:34:27.3959800+02:00" testType="13cdc9d9-ddb5-4fa4-a97d-d965ccfc6d4b" outcome="Passed" testListId="8c84fa94-04c1-424b-9868-57a2d4851a1d" relativeResultsDirectory="c0de8093-d8ab-4659-8524-01cf60bf7b52">
      <ResultFiles>
        <ResultFile path="vmi3495495/nested-bullet-indent.png" />
        <ResultFile path="vmi3495495/nested-bullet-indent.region.png" />
        <ResultFile path="vmi3495495/turn-into-numbered.png" />
        <ResultFile path="vmi3495495/turn-into-numbered.region.png" />
        <ResultFile path="vmi3495495/turn-into-todo.png" />
        <ResultFile path="vmi3495495/turn-into-todo.region.png" />
      </ResultFiles>
    </UnitTestResult>
    <UnitTestResult executionId="5d064468-6af5-4c5f-8dc5-9c58290fb51d" testId="5ef62be1-a04a-6fe1-fb91-5b67cbea1f9d" testName="FloatingBottomFromMd_FromMd_ReserveKeepsContentClearOfTheBar" computerName="vmi3495495" duration="00:00:07.4871070" startTime="2026-09-24T08:56:16.7072038+02:00" endTime="2026-09-24T08:56:24.1945074+02:00" testType="13cdc9d9-ddb5-4fa4-a97d-d965ccfc6d4b" outcome="Passed" testListId="8c84fa94-04c1-424b-9868-57a2d4851a1d" relativeResultsDirectory="5d064468-6af5-4c5f-8dc5-9c58290fb51d" />
    <UnitTestResult executionId="eef338c3-5635-40e0-ac8f-db23d6facb45" testId="e1049673-dcd2-8cd7-d590-987b2516afc3" testName="ScreenToDoc_And_HtmlLayerScale_MatchAtScale075" computerName="vmi3495495" duration="00:00:10.2113861" startTime="2026-09-24T08:13:00.8458767+02:00" endTime="2026-09-24T08:13:11.0574919+02:00" testType="13cdc9d9-ddb5-4fa4-a97d-d965ccfc6d4b" outcome="Passed" testListId="8c84fa94-04c1-424b-9868-57a2d4851a1d" relativeResultsDirectory="eef338c3-5635-40e0-ac8f-db23d6facb45" />
    <UnitTestResult executionId="5643ce33-5e30-49ca-90bb-7e944255dd60" testId="02cbff8b-7b38-7528-efe0-0548ab1c9338" testName="DraggingSelectedNode_UpdatesOutlineTransform_ToTrackTheNode" computerName="vmi3495495" duration="00:00:17.0424827" startTime="2026-09-24T08:10:06.4107845+02:00" endTime="2026-09-24T08:10:23.4543561+02:00" testType="13cdc9d9-ddb5-4fa4-a97d-d965ccfc6d4b" outcome="Passed" testListId="8c84fa94-04c1-424b-9868-57a2d4851a1d" relativeResultsDirectory="5643ce33-5e30-49ca-90bb-7e944255dd60" />
    <UnitTestResult executionId="3710ecb1-b57e-4d35-8fc9-66d5a58d9865" testId="952a48eb-3b66-9696-0b1b-a5f62c5f3f30" testName="SignatureCapture_Draw_TracksCursorWhenCanvasIsScaled" computerName="vmi3495495" duration="00:00:08.5552910" startTime="2026-09-24T10:08:57.0214079+02:00" endTime="2026-09-24T10:09:05.5771801+02:00" testType="13cdc9d9-ddb5-4fa4-a97d-d965ccfc6d4b" outcome="Passed" testListId="8c84fa94-04c1-424b-9868-57a2d4851a1d" relativeResultsDirectory="3710ecb1-b57e-4d35-8fc9-66d5a58d9865" />
    <UnitTestResult executionId="eb727d97-f2f4-42cb-a09d-360be60a2126" testId="feb1400c-9a00-6614-f991-1899cc5931e0" testName="Annotator_Export_DownloadsAnnotatedPdf" computerName="vmi3495495" duration="00:00:09.5539149" startTime="2026-09-24T10:06:28.5282262+02:00" endTime="2026-09-24T10:06:38.0825287+02:00" testType="13cdc9d9-ddb5-4fa4-a97d-d965ccfc6d4b" outcome="Passed" testListId="8c84fa94-04c1-424b-9868-57a2d4851a1d" relativeResultsDirectory="eb727d97-f2f4-42cb-a09d-360be60a2126" />
    <UnitTestResult executionId="7e552866-2a95-465d-b985-255644c78d9c" testId="2b9b4500-334e-d3ee-86c4-228e409edf72" testName="CircleLayout_SpreadsNodesAndIsFinite" computerName="vmi3495495" duration="00:00:19.7153916" startTime="2026-09-24T08:11:56.9177191+02:00" endTime="2026-09-24T08:12:16.6345196+02:00" testType="13cdc9d9-ddb5-4fa4-a97d-d965ccfc6d4b" outcome="Passed" testListId="8c84fa94-04c1-424b-9868-57a2d4851a1d" relativeResultsDirectory="7e552866-2a95-465d-b985-255644c78d9c">
      <Output>
        <StdOut>TestContext Messages:
Nodes after layout: class1=(564.6,347.3), class2=(90.0,347.3)</StdOut>
      </Output>
    </UnitTestResult>
    <UnitTestResult executionId="fd7cd0c8-8a1f-49b4-9da6-bbc80be99da8" testId="c0e08c65-f9ff-2082-c1b8-551bb2823edd" testName="CanvasJsEngine_FormulaBarMixedFormulaDragRangeReplacesOnlyCaretTargetedToken" computerName="vmi3495495" duration="00:00:19.2702546" startTime="2026-09-24T10:22:24.6853931+02:00" endTime="2026-09-24T10:22:43.9562681+02:00" testType="13cdc9d9-ddb5-4fa4-a97d-d965ccfc6d4b" outcome="Passed" testListId="8c84fa94-04c1-424b-9868-57a2d4851a1d" relativeResultsDirectory="fd7cd0c8-8a1f-49b4-9da6-bbc80be99da8" />
    <UnitTestResult executionId="1020e7a7-3514-4968-9fa8-282238ff9b29" testId="1598ad7c-a756-3096-3ca4-506b12d5e685" testName="NumberedShortcut_AcceptsAnyNumber" computerName="vmi3495495" duration="00:00:19.9283291" startTime="2026-09-24T09:35:55.2337344+02:00" endTime="2026-09-24T09:36:15.1623741+02:00" testType="13cdc9d9-ddb5-4fa4-a97d-d965ccfc6d4b" outcome="Passed" testListId="8c84fa94-04c1-424b-9868-57a2d4851a1d" relativeResultsDirectory="1020e7a7-3514-4968-9fa8-282238ff9b29" />
    <UnitTestResult executionId="a699f83a-827a-4970-a399-a77319d786bb" testId="15c44272-082a-02bc-1d57-dfff55031fdd" testName="CanvasJsEngine_InlineFormulaEditorPartialTokenSelectionReplacesWholeReference" computerName="vmi3495495" duration="00:00:17.6006393" startTime="2026-09-24T10:20:52.6851803+02:00" endTime="2026-09-24T10:21:10.2867777+02:00" testType="13cdc9d9-ddb5-4fa4-a97d-d965ccfc6d4b" outcome="Passed" testListId="8c84fa94-04c1-424b-9868-57a2d4851a1d" relativeResultsDirectory="a699f83a-827a-4970-a399-a77319d786bb" />
    <UnitTestResult executionId="b402d96b-ad7c-4e84-82e8-9bae4a986b94" testId="0424fee7-a06e-f0df-3754-8595c357181a" testName="Phase2_Polyline_Escape_DiscardsDraft" computerName="vmi3495495" duration="00:00:18.8087878" startTime="2026-09-24T07:59:41.1560727+02:00" endTime="2026-09-24T07:59:59.9651808+02:00" testType="13cdc9d9-ddb5-4fa4-a97d-d965ccfc6d4b" outcome="Passed" testListId="8c84fa94-04c1-424b-9868-57a2d4851a1d" relativeResultsDirectory="b402d96b-ad7c-4e84-82e8-9bae4a986b94" />
    <UnitTestResult executionId="dfce1bf1-8d7a-4bd0-b9d1-22907b59e1ef" testId="15e04eac-e5b6-3c56-8533-9538e851109c" testName="PanThenZoom_NodesRemainAlignedWithEdges" computerName="vmi3495495" duration="00:00:13.0994305" startTime="2026-09-24T08:12:35.0167700+02:00" endTime="2026-09-24T08:12:48.1343041+02:00" testType="13cdc9d9-ddb5-4fa4-a97d-d965ccfc6d4b" outcome="Passed" testListId="8c84fa94-04c1-424b-9868-57a2d4851a1d" relativeResultsDirectory="dfce1bf1-8d7a-4bd0-b9d1-22907b59e1ef" />
    <UnitTestResult executionId="5003665f-4fbb-4699-bc70-939cec82d7a7" testId="0e34aa87-961e-045d-9f51-2d051c0d6b39" testName="CalloutBlock_EmojiVisible" computerName="vmi3495495" duration="00:00:18.5398216" startTime="2026-09-24T09:09:59.5434455+02:00" endTime="2026-09-24T09:10:18.0872807+02:00" testType="13cdc9d9-ddb5-4fa4-a97d-d965ccfc6d4b" outcome="Passed" testListId="8c84fa94-04c1-424b-9868-57a2d4851a1d" relativeResultsDirectory="5003665f-4fbb-4699-bc70-939cec82d7a7">
      <ResultFiles>
        <ResultFile path="vmi3495495/callout_emoji_20260924_091018.png" />
      </ResultFiles>
    </UnitTestResult>
    <UnitTestResult executionId="97e8f90f-be92-4220-b16b-2b09e1930488" testId="aa70d5bd-10db-dcbb-b6f7-aaa5d8acf73b" testName="MediaLibrary_LibraryTab_IsVisible" computerName="vmi3495495" duration="00:00:24.7383587" startTime="2026-09-24T09:42:37.5752313+02:00" endTime="2026-09-24T09:43:02.3138357+02:00" testType="13cdc9d9-ddb5-4fa4-a97d-d965ccfc6d4b" outcome="Passed" testListId="8c84fa94-04c1-424b-9868-57a2d4851a1d" relativeResultsDirectory="97e8f90f-be92-4220-b16b-2b09e1930488">
      <ResultFiles>
        <ResultFile path="vmi3495495/media_library_tab_visible_20260924_094302.png" />
      </ResultFiles>
    </UnitTestResult>
    <UnitTestResult executionId="1c8d0683-19d0-46e6-b7d5-f703266591cf" testId="2cb815de-f438-9ad0-e9c4-01e3e1127282" testName="PageLoad_LayersPanelIsVisible" computerName="vmi3495495" duration="00:00:16.2004553" startTime="2026-09-24T10:41:52.9422602+02:00" endTime="2026-09-24T10:42:09.1429025+02:00" testType="13cdc9d9-ddb5-4fa4-a97d-d965ccfc6d4b" outcome="Passed" testListId="8c84fa94-04c1-424b-9868-57a2d4851a1d" relativeResultsDirectory="1c8d0683-19d0-46e6-b7d5-f703266591cf" />
    <UnitTestResult executionId="33b4d305-cfa8-4046-b733-50ddf8bfe2ad" testId="fed68ef6-0d19-7c72-77ec-db1d811ad3eb" testName="FixP5_ImageResize_ShowsCursorAndResizesWithoutJumping" computerName="vmi3495495" duration="00:00:35.5131597" startTime="2026-09-24T08:29:26.5093956+02:00" endTime="2026-09-24T08:30:02.0230623+02:00" testType="13cdc9d9-ddb5-4fa4-a97d-d965ccfc6d4b" outcome="Passed" testListId="8c84fa94-04c1-424b-9868-57a2d4851a1d" relativeResultsDirectory="33b4d305-cfa8-4046-b733-50ddf8bfe2ad" />
    <UnitTestResult executionId="39548460-d483-4e55-8e38-9ff57ccbd5c4" testId="c2cfc5ca-57a6-7662-3bb6-80f34381c88b" testName="CF1_PanelBlocks_EdgeCases_Work" computerName="vmi3495495" duration="00:00:35.5640063" startTime="2026-09-24T09:49:34.3728347+02:00" endTime="2026-09-24T09:50:09.9373609+02:00" testType="13cdc9d9-ddb5-4fa4-a97d-d965ccfc6d4b" outcome="Passed" testListId="8c84fa94-04c1-424b-9868-57a2d4851a1d" relativeResultsDirectory="39548460-d483-4e55-8e38-9ff57ccbd5c4" />
    <UnitTestResult executionId="b8d946a8-188e-4181-9624-6897dfcb6740" testId="f15b9105-5179-9edc-f3de-33e513f2d0f9" testName="Decimal5_EditFormValidation" computerName="vmi3495495" duration="00:00:10.6002103" startTime="2026-09-24T07:56:17.6502192+02:00" endTime="2026-09-24T07:56:28.2513069+02:00" testType="13cdc9d9-ddb5-4fa4-a97d-d965ccfc6d4b" outcome="Passed" testListId="8c84fa94-04c1-424b-9868-57a2d4851a1d" relativeResultsDirectory="b8d946a8-188e-4181-9624-6897dfcb6740" />
    <UnitTestResult executionId="a7f38e34-86e4-4e01-a9fd-0222e46349a1" testId="05ad5441-1977-32b1-fb1c-621c9ed155b3" testName="ConditionBuilder_CreatesTwoConditions" computerName="vmi3495495" duration="00:00:13.9737113" startTime="2026-09-24T07:54:15.0819777+02:00" endTime="2026-09-24T07:54:29.0610767+02:00" testType="13cdc9d9-ddb5-4fa4-a97d-d965ccfc6d4b" outcome="Passed" testListId="8c84fa94-04c1-424b-9868-57a2d4851a1d" relativeResultsDirectory="a7f38e34-86e4-4e01-a9fd-0222e46349a1" />
    <UnitTestResult executionId="b865b471-664c-49c7-b4a6-f90e19223d44" testId="1f9a8187-6a73-8a5b-544c-ca8b5fed7412" testName="InlineToolbar_InlineCode_AppliesCode" computerName="vmi3495495" duration="00:00:19.0172769" startTime="2026-09-24T09:20:09.8752750+02:00" endTime="2026-09-24T09:20:28.8930494+02:00" testType="13cdc9d9-ddb5-4fa4-a97d-d965ccfc6d4b" outcome="Passed" testListId="8c84fa94-04c1-424b-9868-57a2d4851a1d" relativeResultsDirectory="b865b471-664c-49c7-b4a6-f90e19223d44">
      <ResultFiles>
        <ResultFile path="vmi3495495/inline_toolbar_code_20260924_092028.png" />
      </ResultFiles>
    </UnitTestResult>
    <UnitTestResult executionId="4b039c6e-b968-405c-b9ee-52ea5bb4427a" testId="f7f1b758-ea64-55fb-014c-7edfef3420cc" testName="PastedScriptPayload_IsSanitized" computerName="vmi3495495" duration="00:00:16.7077903" startTime="2026-09-24T09:58:01.0916332+02:00" endTime="2026-09-24T09:58:17.7996122+02:00" testType="13cdc9d9-ddb5-4fa4-a97d-d965ccfc6d4b" outcome="Passed" testListId="8c84fa94-04c1-424b-9868-57a2d4851a1d" relativeResultsDirectory="4b039c6e-b968-405c-b9ee-52ea5bb4427a" />
    <UnitTestResult executionId="ac1c5124-9d0c-4931-85bb-7513c8e6717e" testId="f0af6ed2-c74c-3b29-e1ce-9678c20c9e3c" testName="MixedModel_BpmnNotationReportsArchimateElementsAsIssues" computerName="vmi3495495" duration="00:00:08.4895927" startTime="2026-09-24T09:06:01.8227491+02:00" endTime="2026-09-24T09:06:10.3164140+02:00" testType="13cdc9d9-ddb5-4fa4-a97d-d965ccfc6d4b" outcome="Passed" testListId="8c84fa94-04c1-424b-9868-57a2d4851a1d" relativeResultsDirectory="ac1c5124-9d0c-4931-85bb-7513c8e6717e" />
    <UnitTestResult executionId="1c1f8b10-17cb-4870-af83-532215418944" testId="916574b4-d6d8-ec27-0877-f3166c567c6a" testName="BlockDragDrop_MoveBlock_Down" computerName="vmi3495495" duration="00:00:12.6024266" startTime="2026-09-24T09:13:44.8447282+02:00" endTime="2026-09-24T09:13:57.4475786+02:00" testType="13cdc9d9-ddb5-4fa4-a97d-d965ccfc6d4b" outcome="Passed" testListId="8c84fa94-04c1-424b-9868-57a2d4851a1d" relativeResultsDirectory="1c1f8b10-17cb-4870-af83-532215418944">
      <ResultFiles>
        <ResultFile path="vmi3495495/drag_drop_move_down_20260924_091357.png" />
      </ResultFiles>
    </UnitTestResult>
    <UnitTestResult executionId="c80e7141-b667-4182-8ce9-6f6325f2248d" testId="fde106a3-72c8-945f-fe5c-ac3896e435ff" testName="SigningFieldEditor_FieldTypePreview_IsStableForEveryType (&quot;Signature&quot;,&quot;edit&quot;,True)" computerName="vmi3495495" duration="00:00:06.7561194" startTime="2026-09-24T10:09:46.6762533+02:00" endTime="2026-09-24T10:09:53.4328002+02:00" testType="13cdc9d9-ddb5-4fa4-a97d-d965ccfc6d4b" outcome="Passed" testListId="8c84fa94-04c1-424b-9868-57a2d4851a1d" relativeResultsDirectory="c80e7141-b667-4182-8ce9-6f6325f2248d" />
    <UnitTestResult executionId="1a203ec2-a3ad-4bbd-8a32-c3ac5a363a8d" testId="07d0033a-55d8-04ce-36fb-8b5a5a8e901c" testName="CanvasRenderer_JsFormulaReferenceHighlightsRemainVisibleAfterScroll" computerName="vmi3495495" duration="00:00:16.9829059" startTime="2026-09-24T10:30:57.6504179+02:00" endTime="2026-09-24T10:31:14.6346654+02:00" testType="13cdc9d9-ddb5-4fa4-a97d-d965ccfc6d4b" outcome="Passed" testListId="8c84fa94-04c1-424b-9868-57a2d4851a1d" relativeResultsDirectory="1a203ec2-a3ad-4bbd-8a32-c3ac5a363a8d" />
    <UnitTestResult executionId="3bb4f8c1-09d7-465e-bba0-4e2c4d02681b" testId="b1345073-8adc-3ef3-4886-d0547c6f5f1c" testName="SlashMenu_InsertColumnList_Creates2Columns" computerName="vmi3495495" duration="00:00:22.8068944" startTime="2026-09-24T09:54:14.0735630+02:00" endTime="2026-09-24T09:54:36.8816321+02:00" testType="13cdc9d9-ddb5-4fa4-a97d-d965ccfc6d4b" outcome="Passed" testListId="8c84fa94-04c1-424b-9868-57a2d4851a1d" relativeResultsDirectory="3bb4f8c1-09d7-465e-bba0-4e2c4d02681b">
      <ResultFiles>
        <ResultFile path="vmi3495495/slash_menu_insert_columns_20260924_095436.png" />
      </ResultFiles>
    </UnitTestResult>
    <UnitTestResult executionId="b9bc46c4-554e-4188-9e72-9ae86a8640db" testId="8df36d59-3c7a-4c80-d290-fceaba1ec895" testName="EB4_InlineToolbar_TurnIntoPanelViewportEdge_CaptureBaseline" computerName="vmi3495495" duration="00:00:21.7748560" startTime="2026-09-24T09:25:43.5130882+02:00" endTime="2026-09-24T09:26:05.2885496+02:00" testType="13cdc9d9-ddb5-4fa4-a97d-d965ccfc6d4b" outcome="Passed" testListId="8c84fa94-04c1-424b-9868-57a2d4851a1d" relativeResultsDirectory="b9bc46c4-554e-4188-9e72-9ae86a8640db">
      <ResultFiles>
        <ResultFile path="vmi3495495/turn-into-panel-viewport-edge.png" />
        <ResultFile path="vmi3495495/turn-into-panel-viewport-edge.region.png" />
      </ResultFiles>
    </UnitTestResult>
    <UnitTestResult executionId="9323b693-5cda-444a-96a9-2bcc781921fe" testId="c39c8782-5f76-323a-5937-7ba5799aaaa1" testName="BlockComment_ResolveUnresolve_FromThreadList" computerName="vmi3495495" duration="00:00:25.2311633" startTime="2026-09-24T09:13:03.1201355+02:00" endTime="2026-09-24T09:13:28.3520428+02:00" testType="13cdc9d9-ddb5-4fa4-a97d-d965ccfc6d4b" outcome="Passed" testListId="8c84fa94-04c1-424b-9868-57a2d4851a1d" relativeResultsDirectory="9323b693-5cda-444a-96a9-2bcc781921fe">
      <ResultFiles>
        <ResultFile path="vmi3495495/block_comment_resolve_from_list_20260924_091328.png" />
      </ResultFiles>
    </UnitTestResult>
    <UnitTestResult executionId="c8b2ffdb-ffd0-435e-adfc-987806a8a2d9" testId="efb76d9d-de05-a1fd-1eb0-6b1fe5e2749a" testName="Layers_ToggleVisibility_HidesLayer" computerName="vmi3495495" duration="00:00:16.1936153" startTime="2026-09-24T10:42:47.0149582+02:00" endTime="2026-09-24T10:43:03.2087858+02:00" testType="13cdc9d9-ddb5-4fa4-a97d-d965ccfc6d4b" outcome="Passed" testListId="8c84fa94-04c1-424b-9868-57a2d4851a1d" relativeResultsDirectory="c8b2ffdb-ffd0-435e-adfc-987806a8a2d9" />
    <UnitTestResult executionId="98cb9832-3ce6-4923-91e2-54547a21cf99" testId="49b162fa-7f51-dc95-946f-cd7d8c50918a" testName="ForensicWatermark_StampsUserTimeAndIpOnEveryPage" computerName="vmi3495495" duration="00:00:39.8662365" startTime="2026-09-24T08:53:00.2622287+02:00" endTime="2026-09-24T08:53:40.1293331+02:00" testType="13cdc9d9-ddb5-4fa4-a97d-d965ccfc6d4b" outcome="Passed" testListId="8c84fa94-04c1-424b-9868-57a2d4851a1d" relativeResultsDirectory="98cb9832-3ce6-4923-91e2-54547a21cf99" />
    <UnitTestResult executionId="2ea5e127-b227-4c1b-832b-e7d784cfca26" testId="1dd40111-8e00-7a1a-4e20-6f31a1213d96" testName="F6_ReportingHarness_RendersTwoPageInvoiceScreenshots" computerName="vmi3495495" duration="00:00:01.9569346" startTime="2026-09-24T10:08:48.0897936+02:00" endTime="2026-09-24T10:08:50.0473475+02:00" testType="13cdc9d9-ddb5-4fa4-a97d-d965ccfc6d4b" outcome="Passed" testListId="8c84fa94-04c1-424b-9868-57a2d4851a1d" relativeResultsDirectory="2ea5e127-b227-4c1b-832b-e7d784cfca26">
      <ResultFiles>
        <ResultFile path="vmi3495495/01-invoice-p1.png" />
        <ResultFile path="vmi3495495/02-invoice-p2.png" />
        <ResultFile path="vmi3495495/manifest.json" />
      </ResultFiles>
    </UnitTestResult>
    <UnitTestResult executionId="b87915eb-61fa-482c-b81b-bd9ad837380d" testId="173f5c2a-b88c-ec4b-96fa-38d0288624f3" testName="BulletList_Enter_ContinuesList" computerName="vmi3495495" duration="00:00:19.8642828" startTime="2026-09-24T09:09:04.8263354+02:00" endTime="2026-09-24T09:09:24.6914516+02:00" testType="13cdc9d9-ddb5-4fa4-a97d-d965ccfc6d4b" outcome="Passed" testListId="8c84fa94-04c1-424b-9868-57a2d4851a1d" relativeResultsDirectory="b87915eb-61fa-482c-b81b-bd9ad837380d">
      <ResultFiles>
        <ResultFile path="vmi3495495/bullet_enter_20260924_090924.png" />
      </ResultFiles>
    </UnitTestResult>
[...]
    <TestEntry testId="9bfc2b48-8e8a-131b-d15d-87252a85821b" executionId="d53d7ba3-3841-496d-b4ec-ea53e11c8716" testListId="8c84fa94-04c1-424b-9868-57a2d4851a1d" />
    <TestEntry testId="781c5338-a59b-ad90-092a-bc68486a4855" executionId="ae7b6fb0-b0e8-4e89-937d-39286d394c49" testListId="8c84fa94-04c1-424b-9868-57a2d4851a1d" />
    <TestEntry testId="8177454b-d103-2b6a-ad22-f7bdf6af18af" executionId="f040d111-d647-405e-b50d-33daf67ab27f" testListId="8c84fa94-04c1-424b-9868-57a2d4851a1d" />
    <TestEntry testId="d7ec9c77-827c-da7e-5cd5-7d703fa6390e" executionId="09e68fb4-1c04-4f6c-b6f3-b97e4cb57bd0" testListId="8c84fa94-04c1-424b-9868-57a2d4851a1d" />
    <TestEntry testId="f462c222-4c34-37ce-f455-a1b6e6f69b14" executionId="fd4b0476-9e4f-44e4-87a0-80062eae259e" testListId="8c84fa94-04c1-424b-9868-57a2d4851a1d" />
    <TestEntry testId="02f4cc66-67eb-98e5-06f4-9283aaa3b0fd" executionId="5a1cda16-fbfa-4c8f-baa5-4afe0deeda40" testListId="8c84fa94-04c1-424b-9868-57a2d4851a1d" />
    <TestEntry testId="f12d1411-6c0c-58e6-8ce1-b2407aaca3d0" executionId="44500f17-da86-49f9-a134-db764ff4b1e0" testListId="8c84fa94-04c1-424b-9868-57a2d4851a1d" />
    <TestEntry testId="1451b94d-08b6-86ed-aac5-8f5f27238cf8" executionId="08b46700-1cff-4cc6-91c0-be8c293cfef8" testListId="8c84fa94-04c1-424b-9868-57a2d4851a1d" />
    <TestEntry testId="498d8a9f-1479-dea2-e8a9-b5f7844a3319" executionId="ae0541d8-deaf-4850-8951-9178b4dbfc92" testListId="8c84fa94-04c1-424b-9868-57a2d4851a1d" />
    <TestEntry testId="a5e8456b-57f4-2e8a-6b35-3d47d87bbff0" executionId="eddedd92-1232-4a8d-8030-ad7749a28aff" testListId="8c84fa94-04c1-424b-9868-57a2d4851a1d" />
    <TestEntry testId="8b452cf1-2927-be2e-32c8-59ef3714de24" executionId="8e347887-c8e7-4740-8ef2-495329f2c25b" testListId="8c84fa94-04c1-424b-9868-57a2d4851a1d" />
    <TestEntry testId="f8c5f8d7-cb04-85b4-8e5d-e53aab6f8f22" executionId="1674866e-381a-4693-9e5b-df5f1ff8d6b2" testListId="8c84fa94-04c1-424b-9868-57a2d4851a1d" />
    <TestEntry testId="d6589e03-368d-2ac0-3b00-e58014711c55" executionId="db2bac55-4107-412d-b596-76e9b259e636" testListId="8c84fa94-04c1-424b-9868-57a2d4851a1d" />
    <TestEntry testId="bf883d0e-4a75-b8e0-d657-a855dd7d2225" executionId="3287196c-9fc0-42ae-90d6-44239ffceb6f" testListId="8c84fa94-04c1-424b-9868-57a2d4851a1d" />
    <TestEntry testId="6849dd3e-8459-055e-d022-3b45c2f74c74" executionId="addd212f-6360-49e6-a77c-2746bfc1e3d0" testListId="8c84fa94-04c1-424b-9868-57a2d4851a1d" />
    <TestEntry testId="a3fb2c6e-f44b-e518-08b0-5c58024d8794" executionId="87c00ab8-80c8-4909-b57a-126c47ab835e" testListId="8c84fa94-04c1-424b-9868-57a2d4851a1d" />
    <TestEntry testId="5e29edb8-5eb0-d121-786e-d9f387bf7687" executionId="18857be7-8081-4879-86aa-130be6f7feaf" testListId="8c84fa94-04c1-424b-9868-57a2d4851a1d" />
    <TestEntry testId="dbf5f5b2-3d85-27f7-81ae-888b689f2f18" executionId="44372b02-e323-4acc-857b-81b6aa80f392" testListId="8c84fa94-04c1-424b-9868-57a2d4851a1d" />
    <TestEntry testId="1dbad770-0f2e-7639-ec52-ed524b0d3364" executionId="7d0e7661-4f80-4a3f-ac29-349b86660a49" testListId="8c84fa94-04c1-424b-9868-57a2d4851a1d" />
    <TestEntry testId="fcff86a6-e7c5-6178-a1fb-7cb3e68736b6" executionId="779ef556-aaf6-43fa-8e3d-4b856b724681" testListId="8c84fa94-04c1-424b-9868-57a2d4851a1d" />
    <TestEntry testId="29677df3-d12a-c67e-79f0-2b56f396027b" executionId="fc9f7ab0-964c-495e-96e2-95d15d77cbaf" testListId="8c84fa94-04c1-424b-9868-57a2d4851a1d" />
    <TestEntry testId="3e89a259-5d4c-1c30-6e3e-a88072c4fe87" executionId="1b82fc01-5a5e-48db-a024-40bcd42f25ec" testListId="8c84fa94-04c1-424b-9868-57a2d4851a1d" />
    <TestEntry testId="f30828bf-f047-9b40-e52c-c8dea83cadcf" executionId="7509bf85-da50-46bb-9e91-4c7fd070a526" testListId="8c84fa94-04c1-424b-9868-57a2d4851a1d" />
    <TestEntry testId="50ea14ed-abc6-bc35-35d7-f5fcd8836031" executionId="99b0f8fc-3ca4-4193-be00-e926126edfe4" testListId="8c84fa94-04c1-424b-9868-57a2d4851a1d" />
    <TestEntry testId="391c4988-c0d6-cbe3-89cc-cacd889cdcd7" executionId="1dd7b1b6-d996-4c14-acb6-f1d9c3d9c00a" testListId="8c84fa94-04c1-424b-9868-57a2d4851a1d" />
    <TestEntry testId="30f00ae6-8ce0-2f53-e262-7ab17860bd79" executionId="212a3bbb-9408-4d12-9bb3-f08a444a799b" testListId="8c84fa94-04c1-424b-9868-57a2d4851a1d" />
    <TestEntry testId="c82a32f9-5830-519b-2152-03f0e4f7ed72" executionId="95f7d19e-f417-4e6f-a13a-b2726bb8747c" testListId="8c84fa94-04c1-424b-9868-57a2d4851a1d" />
    <TestEntry testId="4ff6a432-e9d4-956d-79f2-50da10347850" executionId="acf24fea-0b89-45de-abd6-3e0ebfcced32" testListId="8c84fa94-04c1-424b-9868-57a2d4851a1d" />
    <TestEntry testId="7e6adea7-a7a1-dad9-3ab3-7a5f0860529c" executionId="7b0ee240-8edf-4ffa-883d-1997483cadaf" testListId="8c84fa94-04c1-424b-9868-57a2d4851a1d" />
    <TestEntry testId="6989bab0-6f07-5c80-23b1-f7395cfc5ee7" executionId="a210ba0d-f395-457f-b209-ceb07ab3544b" testListId="8c84fa94-04c1-424b-9868-57a2d4851a1d" />
    <TestEntry testId="8f70e259-c85c-295a-d54e-8a0b5129eb59" executionId="5b1121f2-f3ac-40a1-935c-b6e69d4fa239" testListId="8c84fa94-04c1-424b-9868-57a2d4851a1d" />
    <TestEntry testId="1af2f30e-ffc1-cb4d-fc51-e8d2c886400a" executionId="6b4d06f0-d08c-47ba-9389-8e3f3ca3d515" testListId="8c84fa94-04c1-424b-9868-57a2d4851a1d" />
    <TestEntry testId="da207fc2-c0a4-af09-897a-c88a9104be03" executionId="8761d389-bdcc-4378-9130-6d611a13739f" testListId="8c84fa94-04c1-424b-9868-57a2d4851a1d" />
    <TestEntry testId="93fee98d-64e1-aa24-43f7-db02868aad5b" executionId="ccf443b5-536b-48a0-8737-fce0711b1282" testListId="8c84fa94-04c1-424b-9868-57a2d4851a1d" />
    <TestEntry testId="82258606-bbb1-7b2c-ae48-2f5e9164f362" executionId="b89569f0-5179-4b15-ac68-437a9e236538" testListId="8c84fa94-04c1-424b-9868-57a2d4851a1d" />
    <TestEntry testId="512484bf-8951-478b-72b6-ed5a72972841" executionId="6fcfad48-73f2-442e-83a4-e3065a4c4856" testListId="8c84fa94-04c1-424b-9868-57a2d4851a1d" />
    <TestEntry testId="f204bcb1-c163-4c88-5307-65fd1dc19794" executionId="7e9e6430-6de1-4720-b92a-6d57430f7c0c" testListId="8c84fa94-04c1-424b-9868-57a2d4851a1d" />
    <TestEntry testId="cec1fcd0-5c9e-d750-8b00-3d243a884281" executionId="fd975266-a5b8-406a-b553-18aa375492cf" testListId="8c84fa94-04c1-424b-9868-57a2d4851a1d" />
    <TestEntry testId="5874a001-3ad1-db50-e680-1f2618c94029" executionId="1bf42979-6110-4cb3-a284-9eac3e016e7b" testListId="8c84fa94-04c1-424b-9868-57a2d4851a1d" />
    <TestEntry testId="61e91be5-c14b-89a8-d21c-0302215d5cec" executionId="76ad38aa-62f3-4c05-b2b6-3f0d7d1b6982" testListId="8c84fa94-04c1-424b-9868-57a2d4851a1d" />
    <TestEntry testId="e250a898-00b5-0a21-bbb6-f3ee0e3668c8" executionId="73a484c6-58da-4158-b62f-938f044ce3d8" testListId="8c84fa94-04c1-424b-9868-57a2d4851a1d" />
    <TestEntry testId="d79924a5-6753-2d22-3e33-0585235567f0" executionId="358357ab-35fd-4e90-a163-ab7c0dd0f674" testListId="8c84fa94-04c1-424b-9868-57a2d4851a1d" />
    <TestEntry testId="38115868-e6aa-1ad3-16f1-11245d57d22d" executionId="642ef704-549a-439d-9349-a90251d87e84" testListId="8c84fa94-04c1-424b-9868-57a2d4851a1d" />
    <TestEntry testId="85ea26f7-33da-0a63-c9a9-1f417a4843d5" executionId="e23ceaef-57de-4d3b-bb77-9b506c851318" testListId="8c84fa94-04c1-424b-9868-57a2d4851a1d" />
    <TestEntry testId="b9f5ade1-5ac0-70e8-6814-5623976329c0" executionId="7056f39e-22b4-4798-92a0-07b0a4d7afe2" testListId="8c84fa94-04c1-424b-9868-57a2d4851a1d" />
    <TestEntry testId="4976dcbd-578c-d6b7-19fa-7e32117b9503" executionId="86acf27c-e83e-40ff-bfb2-03fccd50b1f0" testListId="8c84fa94-04c1-424b-9868-57a2d4851a1d" />
    <TestEntry testId="3d8a44ef-e8b7-1839-bc16-024e55fa8bfb" executionId="772be348-b481-406d-981f-85489b655ed4" testListId="8c84fa94-04c1-424b-9868-57a2d4851a1d" />
    <TestEntry testId="0cb8e65b-0924-67b8-b721-fc8549fabf71" executionId="275c7436-debb-4253-b04a-b3dffa8aead4" testListId="8c84fa94-04c1-424b-9868-57a2d4851a1d" />
    <TestEntry testId="897d2d87-cacc-d404-fa0b-29cbca188786" executionId="59f0d9a1-f198-4d11-929c-bacfe622a92a" testListId="8c84fa94-04c1-424b-9868-57a2d4851a1d" />
    <TestEntry testId="94135fe3-e71c-7553-efb8-93a46601ea27" executionId="56d02767-f368-42b7-8ac7-212b346911e3" testListId="8c84fa94-04c1-424b-9868-57a2d4851a1d" />
    <TestEntry testId="d2a69846-94bf-7114-e26c-39416991bb40" executionId="f81d867c-f516-434e-8df6-c5f3dd165549" testListId="8c84fa94-04c1-424b-9868-57a2d4851a1d" />
    <TestEntry testId="e79bba5b-d128-80d2-920f-cf5ec1bcf8a1" executionId="9b670bd3-b826-4ba8-acc1-c35a262ab6ae" testListId="8c84fa94-04c1-424b-9868-57a2d4851a1d" />
    <TestEntry testId="a219cecd-30f3-f1de-489b-083937e53525" executionId="c9dd067f-b9fa-46bb-b5ff-f297b90bc46e" testListId="8c84fa94-04c1-424b-9868-57a2d4851a1d" />
    <TestEntry testId="e2ce71c1-be98-f571-a55b-165e323954d8" executionId="745ab910-11ad-4fc9-b972-e3e7a9164406" testListId="8c84fa94-04c1-424b-9868-57a2d4851a1d" />
    <TestEntry testId="62645c69-1b1e-0fc3-fcb4-f8e3724a97a8" executionId="cbdcd018-a87a-4931-83a4-1cd616c92377" testListId="8c84fa94-04c1-424b-9868-57a2d4851a1d" />
    <TestEntry testId="d30731cb-cce0-9746-f073-a31ec65bafc7" executionId="83d21e3a-6a51-4533-aaa4-115d4c00af8a" testListId="8c84fa94-04c1-424b-9868-57a2d4851a1d" />
    <TestEntry testId="e51b030d-2bb1-5652-b512-50d864a4f3f2" executionId="14166fa7-3a44-42db-b472-755668b3c7c1" testListId="8c84fa94-04c1-424b-9868-57a2d4851a1d" />
    <TestEntry testId="db5eaf3f-6d49-c94a-078a-8a9c7a991a88" executionId="2fe8458b-e597-47bc-bb74-22f066d436e1" testListId="8c84fa94-04c1-424b-9868-57a2d4851a1d" />
    <TestEntry testId="3e5f3cb2-c675-09dd-7fd8-94262130a4d2" executionId="e8f028d8-1e52-4994-b3f2-86e8a4889312" testListId="8c84fa94-04c1-424b-9868-57a2d4851a1d" />
    <TestEntry testId="7c24b868-2b6a-63e1-f182-72c6531a15c0" executionId="462473a4-d399-4386-a28c-990731b19be4" testListId="8c84fa94-04c1-424b-9868-57a2d4851a1d" />
    <TestEntry testId="9e1e4b9f-6309-ca68-cd8d-daca7841f434" executionId="3dcc8daf-6f19-42ea-833d-e82c9a34f06f" testListId="8c84fa94-04c1-424b-9868-57a2d4851a1d" />
    <TestEntry testId="e5638952-92f9-92f2-a140-c249487f7c4d" executionId="3a123523-833b-41be-b38b-2094ec68269d" testListId="8c84fa94-04c1-424b-9868-57a2d4851a1d" />
    <TestEntry testId="ac31807c-f2ea-44a4-3dd8-d26b05754317" executionId="a44fb48e-c7fb-47eb-9d59-76a1b32eb792" testListId="8c84fa94-04c1-424b-9868-57a2d4851a1d" />
    <TestEntry testId="7f6ac45b-e762-e7d1-3f0d-c3a859d40d3b" executionId="8de416f3-24d0-46f5-98bf-fed02d0a7b0e" testListId="8c84fa94-04c1-424b-9868-57a2d4851a1d" />
    <TestEntry testId="6f39ae78-435c-3828-feba-b7e8d5b92fd5" executionId="7b89df0f-cfb8-47b5-adc0-0380d9c62ee7" testListId="8c84fa94-04c1-424b-9868-57a2d4851a1d" />
    <TestEntry testId="faa960de-e716-efcb-1f36-3bdb90ad5387" executionId="493fb80c-130f-40b2-aa99-74ed0c2b1cac" testListId="8c84fa94-04c1-424b-9868-57a2d4851a1d" />
    <TestEntry testId="6263a0fa-ccbc-6d32-f651-8dc3bc0d5c37" executionId="950ec9b3-4dea-4339-93f1-c84a42407d24" testListId="8c84fa94-04c1-424b-9868-57a2d4851a1d" />
    <TestEntry testId="9955d769-50cb-748d-1bfd-d53638a0d4a2" executionId="4a4f1a47-b825-4a55-ae0e-cebe2ab2324e" testListId="8c84fa94-04c1-424b-9868-57a2d4851a1d" />
    <TestEntry testId="a4771359-6712-5d40-4fdd-7b66b75cab66" executionId="6bd35408-ef0a-4cc1-ba1a-ee386f5ab22d" testListId="8c84fa94-04c1-424b-9868-57a2d4851a1d" />
    <TestEntry testId="be7a94e3-15f5-1eeb-a844-b4cc59642daa" executionId="a872a4aa-c147-4688-b987-52c2621d0f6c" testListId="8c84fa94-04c1-424b-9868-57a2d4851a1d" />
    <TestEntry testId="81aa4c82-0462-4bc1-9d99-4e21d06b49cd" executionId="6d819846-7721-4698-b904-a070836aa157" testListId="8c84fa94-04c1-424b-9868-57a2d4851a1d" />
    <TestEntry testId="bf1754af-24d3-7893-28ab-5e9b6cb1f036" executionId="50798611-93b0-42fa-848b-d57afc1a513a" testListId="8c84fa94-04c1-424b-9868-57a2d4851a1d" />
    <TestEntry testId="ac9e7b9b-31c9-4a24-e763-77382d9a45e4" executionId="53a1283d-a4a8-40cf-8a33-d6814f3be0e9" testListId="8c84fa94-04c1-424b-9868-57a2d4851a1d" />
    <TestEntry testId="a52a1eae-4abf-d7d8-2fb9-a039a0133248" executionId="c4a1a938-32d5-4b7b-bc71-958df33f5ef5" testListId="8c84fa94-04c1-424b-9868-57a2d4851a1d" />
    <TestEntry testId="759c66f9-d4e4-6bca-41d7-1fd311dcd70c" executionId="9beaac17-70b0-4273-8c83-f959348ac00e" testListId="8c84fa94-04c1-424b-9868-57a2d4851a1d" />
    <TestEntry testId="274592bd-a14b-03a6-c790-67cd5817a165" executionId="2cec4746-2c1a-4451-ac29-3b9c8733362b" testListId="8c84fa94-04c1-424b-9868-57a2d4851a1d" />
    <TestEntry testId="2da46b15-6ece-cf1b-442e-1e962bcd3434" executionId="7a279102-b75c-4cdd-b00a-0f98d4395450" testListId="8c84fa94-04c1-424b-9868-57a2d4851a1d" />
    <TestEntry testId="fcc8c6d9-fe85-969a-34c7-a2e817619114" executionId="996e84c3-e45b-4a97-bc0d-4bb83eadfff9" testListId="8c84fa94-04c1-424b-9868-57a2d4851a1d" />
    <TestEntry testId="91da7648-fbd5-af4a-90fd-a590968fbf93" executionId="b36721f3-62e8-44f1-b1e0-4ef330f37d10" testListId="8c84fa94-04c1-424b-9868-57a2d4851a1d" />
    <TestEntry testId="401f4f4e-ffe9-2fdd-0865-ba41315ff8d0" executionId="772c850b-b733-4f2e-bc81-8ba3f4975f01" testListId="8c84fa94-04c1-424b-9868-57a2d4851a1d" />
    <TestEntry testId="fd337481-5edc-083a-15bc-3d59700babc3" executionId="d89c2ef6-4a7b-404f-b09c-5734516266ea" testListId="8c84fa94-04c1-424b-9868-57a2d4851a1d" />
    <TestEntry testId="5663e68a-043a-ca27-d6a5-fce35b44bbc4" executionId="83a82510-e10e-47bd-8dfb-27bdbd2f3ce1" testListId="8c84fa94-04c1-424b-9868-57a2d4851a1d" />
    <TestEntry testId="b2f271d2-404c-37ae-e16c-2f22594e1f7e" executionId="f7752b1e-2cae-4a38-b32e-c7dc975257bd" testListId="8c84fa94-04c1-424b-9868-57a2d4851a1d" />
    <TestEntry testId="be8ca340-81e9-dba5-de94-fcbd3f677fd1" executionId="1c919fa9-c3b8-4b78-ac2b-928a8fe09276" testListId="8c84fa94-04c1-424b-9868-57a2d4851a1d" />
    <TestEntry testId="8bb84a50-cc87-e0b7-b9ea-ce8dff9cf7e4" executionId="4dd4feaf-152a-4f15-863e-4db2c5c92384" testListId="8c84fa94-04c1-424b-9868-57a2d4851a1d" />
    <TestEntry testId="4db9b58e-0ea7-c983-553b-31f8153e10a2" executionId="f00b23a1-1a71-4f8b-8421-2910b6ef4f11" testListId="8c84fa94-04c1-424b-9868-57a2d4851a1d" />
    <TestEntry testId="d51f9607-ca64-714c-c9ec-4409ad8f4dc0" executionId="34340108-720f-4440-bacd-3ded9cd6073c" testListId="8c84fa94-04c1-424b-9868-57a2d4851a1d" />
    <TestEntry testId="a6cd17a6-8208-c516-d70a-da38876cd10b" executionId="950406fd-4b2e-45e9-9922-09dd134194a6" testListId="8c84fa94-04c1-424b-9868-57a2d4851a1d" />
    <TestEntry testId="e9ba12d8-e3cf-e330-ce2f-ea3950c7ca0f" executionId="2883ec4e-1b34-49d1-83a0-1bda58ce38f4" testListId="8c84fa94-04c1-424b-9868-57a2d4851a1d" />
    <TestEntry testId="2472e3f1-11ff-8983-a059-dd3b6a5d206a" executionId="f053722d-9075-4535-bcd4-ab6aba57d78d" testListId="8c84fa94-04c1-424b-9868-57a2d4851a1d" />
    <TestEntry testId="1e840ee0-88ff-166d-f8d1-7c9ffcb74d98" executionId="d2db2f9f-834a-497e-884f-c5ee1d2ee9f3" testListId="8c84fa94-04c1-424b-9868-57a2d4851a1d" />
    <TestEntry testId="ad77f1ce-2cf1-0413-4113-c556460e8423" executionId="1693bff5-0ca0-4631-be64-e309e43db305" testListId="8c84fa94-04c1-424b-9868-57a2d4851a1d" />
    <TestEntry testId="a1d19417-f1d6-2367-8e47-0acacebb9ab5" executionId="b8af3b14-e738-4f55-a2de-7acf3b74f1e2" testListId="8c84fa94-04c1-424b-9868-57a2d4851a1d" />
    <TestEntry testId="f6549f7a-5d6a-a514-9dc9-011a92de4fc9" executionId="a95d1909-22f3-41e9-83b6-b13d2671de72" testListId="8c84fa94-04c1-424b-9868-57a2d4851a1d" />
    <TestEntry testId="b658cdaa-4474-cd55-e351-255acca0c050" executionId="ea4c59ea-dcf9-4d91-84a0-80915d39464a" testListId="8c84fa94-04c1-424b-9868-57a2d4851a1d" />
    <TestEntry testId="b79faa3d-42de-32f2-58b3-5a556946b9e3" executionId="c4b84b17-d586-490b-b8a7-9af8d2ec2c5f" testListId="8c84fa94-04c1-424b-9868-57a2d4851a1d" />
    <TestEntry testId="a99ae701-861b-75a2-2aad-09f9f7625520" executionId="b6965eed-1101-43b6-9603-8fa2048fdc16" testListId="8c84fa94-04c1-424b-9868-57a2d4851a1d" />
    <TestEntry testId="69e069ee-3514-86f9-ce56-8806779f0f67" executionId="dcee4db1-cf66-40f5-aedc-4c7b76d175b1" testListId="8c84fa94-04c1-424b-9868-57a2d4851a1d" />
    <TestEntry testId="17ea61bc-acaa-3f60-8d35-3cecb134f92c" executionId="aff28eba-e0f6-41b0-aafa-eeee65afdd97" testListId="8c84fa94-04c1-424b-9868-57a2d4851a1d" />
    <TestEntry testId="0a94b2e7-deaa-e6b5-a569-cbd8986f4188" executionId="6e456d09-cdc1-433f-8146-33ae25fd2a88" testListId="8c84fa94-04c1-424b-9868-57a2d4851a1d" />
    <TestEntry testId="c6c918fb-a5e1-2804-3f58-fbf649ca77fd" executionId="b45699ba-8e3e-4394-a68a-3c45b8ca5270" testListId="8c84fa94-04c1-424b-9868-57a2d4851a1d" />
    <TestEntry testId="cd5fb4ce-912a-3566-1b0d-3d706e4bdde4" executionId="2f750b73-4593-4c8a-b4d0-b0503aed5700" testListId="8c84fa94-04c1-424b-9868-57a2d4851a1d" />
    <TestEntry testId="516d6195-f1fc-e095-9069-791e9350d222" executionId="e103dfb6-333b-42e4-990d-c7a4618ab889" testListId="8c84fa94-04c1-424b-9868-57a2d4851a1d" />
    <TestEntry testId="7964390a-2109-3c26-b52c-c48da7c0a70e" executionId="97845908-f45e-4af4-a706-de8663701637" testListId="8c84fa94-04c1-424b-9868-57a2d4851a1d" />
    <TestEntry testId="51792574-c24d-9f7e-235c-124af610d449" executionId="ee7fb24e-5a5d-45bc-ba2f-ffe21b2e5985" testListId="8c84fa94-04c1-424b-9868-57a2d4851a1d" />
    <TestEntry testId="cc1cbc78-3a8b-35db-bca1-68e99257b1ae" executionId="f82f3d65-bbf7-40a9-9e7d-115d3841f31e" testListId="8c84fa94-04c1-424b-9868-57a2d4851a1d" />
    <TestEntry testId="c71a8377-f60e-7073-c3b3-dac4569287e0" executionId="5e944c40-fd44-40b7-8e22-89a02417cbbb" testListId="8c84fa94-04c1-424b-9868-57a2d4851a1d" />
    <TestEntry testId="ab9576bc-a8bb-3954-05ae-9ce831f0e599" executionId="0a79f078-87fa-4d59-9f29-8aa65f30ec9f" testListId="8c84fa94-04c1-424b-9868-57a2d4851a1d" />
    <TestEntry testId="2b66d49a-994d-b5cc-f7d0-abd7501a91e4" executionId="53595ea5-9d1d-4cc9-abd3-2539b982cecd" testListId="8c84fa94-04c1-424b-9868-57a2d4851a1d" />
    <TestEntry testId="01f3a9dd-452a-36d5-f14e-3f23f000ceab" executionId="d5bd910c-e9db-453b-9190-a497a8ce1962" testListId="8c84fa94-04c1-424b-9868-57a2d4851a1d" />
    <TestEntry testId="7034074d-17fd-8dc0-155f-a6cbe0044366" executionId="8f52d9d4-ac5c-42c9-b453-1a29c745acba" testListId="8c84fa94-04c1-424b-9868-57a2d4851a1d" />
    <TestEntry testId="0d905222-5951-fcaf-f292-e2bbdac3cf58" executionId="d0421f51-1613-4bff-997d-036bd7b9240d" testListId="8c84fa94-04c1-424b-9868-57a2d4851a1d" />
    <TestEntry testId="87cb60a1-b3b6-4786-7dc6-adc4fc2d6bcc" executionId="f319ed84-d6f6-4ec2-8170-89d7f3e53861" testListId="8c84fa94-04c1-424b-9868-57a2d4851a1d" />
  </TestEntries>
  <TestLists>
    <TestList name="Results Not in a List" id="8c84fa94-04c1-424b-9868-57a2d4851a1d" />
    <TestList name="All Loaded Results" id="19431567-8539-422a-85d7-44ee4e166bda" />
  </TestLists>
  <ResultSummary outcome="Failed">
    <Counters total="520" executed="512" passed="496" failed="16" error="0" timeout="0" aborted="0" inconclusive="0" passedButRunAborted="0" notRunnable="0" notExecuted="0" disconnected="0" warning="0" completed="0" inProgress="0" pending="0" />
    <Output>
      <StdOut>Test 'F8_PdfRenderer_MatchesCanvasGoldenImagesForInvoiceAndSales' was skipped in the test run.
Test 'Catalog_PortalLoads_CreateFolder_PersistsRow' was skipped in the test run.
Test 'NewReport_CreatesRealReport_ShownInDesigner_AndPersisted' was skipped in the test run.
Test 'NewReport_ImportsRdl_CreatesRealReport_ShownInDesigner_AndPersisted' was skipped in the test run.
Test 'Favorites_ToggleRoundTrips_AndPersists' was skipped in the test run.
Test 'Render_WithParameter_RecordsRunInHistory' was skipped in the test run.
Test 'Schedule_FiresSoon_DeliversEmailWithPdf_AndRecordsDeliveredRun' was skipped in the test run.
Test 'Gantt_TimelinePan_DragsHorizontally' was skipped in the test run.
</StdOut>
    </Output>
  </ResultSummary>
</TestRun>